CRITICAL - 2022-12-12 08:04:56 --> Undefined property: Modules\FilePendukung\Controllers\FilePendukung::$penilaianModel
in ROOTPATH/modules/FilePendukung/Controllers/FilePendukung.php on line 19.
 1 ROOTPATH/modules/FilePendukung/Controllers/FilePendukung.php(19): CodeIgniter\Debug\Exceptions->errorHandler(8, 'Undefined property: Modules\\FilePendukung\\Controllers\\FilePendukung::$penilaianModel', 'ROOTPATH/modules/FilePendukung/Controllers/FilePendukung.php', 19, [...])
 2 SYSTEMPATH/CodeIgniter.php(907): Modules\FilePendukung\Controllers\FilePendukung->index()
 3 SYSTEMPATH/CodeIgniter.php(457): CodeIgniter\CodeIgniter->runController(Object(Modules\FilePendukung\Controllers\FilePendukung))
 4 SYSTEMPATH/CodeIgniter.php(340): CodeIgniter\CodeIgniter->handleRequest(null, Object(Config\Cache), false)
 5 FCPATH/index.php(67): CodeIgniter\CodeIgniter->run()
 6 SYSTEMPATH/Commands/Server/rewrite.php(43): require_once('FCPATH/index.php')
CRITICAL - 2022-12-12 08:33:19 --> Argument 1 passed to _get_uri() must be of the type string, null given, called in /Users/ivan/Codeigniter/osce_v2/vendor/codeigniter4/framework/system/Helpers/url_helper.php on line 87
in SYSTEMPATH/Helpers/url_helper.php on line 31.
 1 SYSTEMPATH/Helpers/url_helper.php(87): _get_uri(null, Object(Config\App))
 2 SYSTEMPATH/Helpers/url_helper.php(106): site_url(null, null, Object(Config\App))
 3 ROOTPATH/modules/Penilaian/Views/penilaian.php(163): base_url(null)
 4 SYSTEMPATH/View/View.php(213): include('ROOTPATH/modules/Penilaian/Views/penilaian.php')
 5 SYSTEMPATH/View/View.php(216): CodeIgniter\View\View->CodeIgniter\View\{closure}()
 6 SYSTEMPATH/Common.php(1142): CodeIgniter\View\View->render('Modules\\Penilaian\\Views\\penilaian', [], true)
 7 ROOTPATH/modules/Penilaian/Controllers/Penilaian.php(86): view('Modules\\Penilaian\\Views\\penilaian', [...])
 8 SYSTEMPATH/CodeIgniter.php(907): Modules\Penilaian\Controllers\Penilaian->index()
 9 SYSTEMPATH/CodeIgniter.php(457): CodeIgniter\CodeIgniter->runController(Object(Modules\Penilaian\Controllers\Penilaian))
10 SYSTEMPATH/CodeIgniter.php(340): CodeIgniter\CodeIgniter->handleRequest(null, Object(Config\Cache), false)
11 FCPATH/index.php(67): CodeIgniter\CodeIgniter->run()
12 SYSTEMPATH/Commands/Server/rewrite.php(43): require_once('FCPATH/index.php')
CRITICAL - 2022-12-12 08:33:42 --> Argument 1 passed to _get_uri() must be of the type string, null given, called in /Users/ivan/Codeigniter/osce_v2/vendor/codeigniter4/framework/system/Helpers/url_helper.php on line 87
in SYSTEMPATH/Helpers/url_helper.php on line 31.
 1 SYSTEMPATH/Helpers/url_helper.php(87): _get_uri(null, Object(Config\App))
 2 SYSTEMPATH/Helpers/url_helper.php(106): site_url(null, null, Object(Config\App))
 3 ROOTPATH/modules/Penilaian/Views/penilaian.php(163): base_url(null)
 4 SYSTEMPATH/View/View.php(213): include('ROOTPATH/modules/Penilaian/Views/penilaian.php')
 5 SYSTEMPATH/View/View.php(216): CodeIgniter\View\View->CodeIgniter\View\{closure}()
 6 SYSTEMPATH/Common.php(1142): CodeIgniter\View\View->render('Modules\\Penilaian\\Views\\penilaian', [], true)
 7 ROOTPATH/modules/Penilaian/Controllers/Penilaian.php(86): view('Modules\\Penilaian\\Views\\penilaian', [...])
 8 SYSTEMPATH/CodeIgniter.php(907): Modules\Penilaian\Controllers\Penilaian->index()
 9 SYSTEMPATH/CodeIgniter.php(457): CodeIgniter\CodeIgniter->runController(Object(Modules\Penilaian\Controllers\Penilaian))
10 SYSTEMPATH/CodeIgniter.php(340): CodeIgniter\CodeIgniter->handleRequest(null, Object(Config\Cache), false)
11 FCPATH/index.php(67): CodeIgniter\CodeIgniter->run()
12 SYSTEMPATH/Commands/Server/rewrite.php(43): require_once('FCPATH/index.php')
CRITICAL - 2022-12-12 08:33:44 --> Argument 1 passed to _get_uri() must be of the type string, null given, called in /Users/ivan/Codeigniter/osce_v2/vendor/codeigniter4/framework/system/Helpers/url_helper.php on line 87
in SYSTEMPATH/Helpers/url_helper.php on line 31.
 1 SYSTEMPATH/Helpers/url_helper.php(87): _get_uri(null, Object(Config\App))
 2 SYSTEMPATH/Helpers/url_helper.php(106): site_url(null, null, Object(Config\App))
 3 ROOTPATH/modules/Penilaian/Views/penilaian.php(163): base_url(null)
 4 SYSTEMPATH/View/View.php(213): include('ROOTPATH/modules/Penilaian/Views/penilaian.php')
 5 SYSTEMPATH/View/View.php(216): CodeIgniter\View\View->CodeIgniter\View\{closure}()
 6 SYSTEMPATH/Common.php(1142): CodeIgniter\View\View->render('Modules\\Penilaian\\Views\\penilaian', [], true)
 7 ROOTPATH/modules/Penilaian/Controllers/Penilaian.php(86): view('Modules\\Penilaian\\Views\\penilaian', [...])
 8 SYSTEMPATH/CodeIgniter.php(907): Modules\Penilaian\Controllers\Penilaian->index()
 9 SYSTEMPATH/CodeIgniter.php(457): CodeIgniter\CodeIgniter->runController(Object(Modules\Penilaian\Controllers\Penilaian))
10 SYSTEMPATH/CodeIgniter.php(340): CodeIgniter\CodeIgniter->handleRequest(null, Object(Config\Cache), false)
11 FCPATH/index.php(67): CodeIgniter\CodeIgniter->run()
12 SYSTEMPATH/Commands/Server/rewrite.php(43): require_once('FCPATH/index.php')
CRITICAL - 2022-12-12 11:37:25 --> 22 : The requested URL returned error: 406
in SYSTEMPATH/HTTP/CURLRequest.php on line 655.
 1 SYSTEMPATH/HTTP/CURLRequest.php(655): CodeIgniter\HTTP\Exceptions\HTTPException::forCurlError('22', 'The requested URL returned error: 406')
 2 SYSTEMPATH/HTTP/CURLRequest.php(363): CodeIgniter\HTTP\CURLRequest->sendRequest([...])
 3 SYSTEMPATH/HTTP/CURLRequest.php(136): CodeIgniter\HTTP\CURLRequest->send('GET', 'https://mahasiswa.umsu.ac.id/FotoMhs/2016/1607210042.jpg')
 4 APPPATH/Helpers/qrcode_helper.php(77): CodeIgniter\HTTP\CURLRequest->request('GET', 'https://mahasiswa.umsu.ac.id/FotoMhs/2016/1607210042.jpg', [...])
 5 ROOTPATH/modules/Penilaian/Controllers/Penilaian.php(71): cekImage('https://mahasiswa.umsu.ac.id/FotoMhs/2016/1607210042.jpg')
 6 SYSTEMPATH/CodeIgniter.php(907): Modules\Penilaian\Controllers\Penilaian->index()
 7 SYSTEMPATH/CodeIgniter.php(457): CodeIgniter\CodeIgniter->runController(Object(Modules\Penilaian\Controllers\Penilaian))
 8 SYSTEMPATH/CodeIgniter.php(340): CodeIgniter\CodeIgniter->handleRequest(null, Object(Config\Cache), false)
 9 FCPATH/index.php(67): CodeIgniter\CodeIgniter->run()
10 SYSTEMPATH/Commands/Server/rewrite.php(43): require_once('FCPATH/index.php')
CRITICAL - 2022-12-12 11:38:45 --> 22 : The requested URL returned error: 406
in SYSTEMPATH/HTTP/CURLRequest.php on line 655.
 1 SYSTEMPATH/HTTP/CURLRequest.php(655): CodeIgniter\HTTP\Exceptions\HTTPException::forCurlError('22', 'The requested URL returned error: 406')
 2 SYSTEMPATH/HTTP/CURLRequest.php(363): CodeIgniter\HTTP\CURLRequest->sendRequest([...])
 3 SYSTEMPATH/HTTP/CURLRequest.php(136): CodeIgniter\HTTP\CURLRequest->send('GET', 'https://mahasiswa.umsu.ac.id/FotoMhs/2016/1607210042.jpg')
 4 APPPATH/Helpers/qrcode_helper.php(78): CodeIgniter\HTTP\CURLRequest->request('GET', 'https://mahasiswa.umsu.ac.id/FotoMhs/2016/1607210042.jpg', [...])
 5 ROOTPATH/modules/Penilaian/Controllers/Penilaian.php(71): cekImage('https://mahasiswa.umsu.ac.id/FotoMhs/2016/1607210042.jpg')
 6 SYSTEMPATH/CodeIgniter.php(907): Modules\Penilaian\Controllers\Penilaian->index()
 7 SYSTEMPATH/CodeIgniter.php(457): CodeIgniter\CodeIgniter->runController(Object(Modules\Penilaian\Controllers\Penilaian))
 8 SYSTEMPATH/CodeIgniter.php(340): CodeIgniter\CodeIgniter->handleRequest(null, Object(Config\Cache), false)
 9 FCPATH/index.php(67): CodeIgniter\CodeIgniter->run()
10 SYSTEMPATH/Commands/Server/rewrite.php(43): require_once('FCPATH/index.php')
CRITICAL - 2022-12-12 11:39:48 --> 22 : The requested URL returned error: 406
in SYSTEMPATH/HTTP/CURLRequest.php on line 655.
 1 SYSTEMPATH/HTTP/CURLRequest.php(655): CodeIgniter\HTTP\Exceptions\HTTPException::forCurlError('22', 'The requested URL returned error: 406')
 2 SYSTEMPATH/HTTP/CURLRequest.php(363): CodeIgniter\HTTP\CURLRequest->sendRequest([...])
 3 SYSTEMPATH/HTTP/CURLRequest.php(136): CodeIgniter\HTTP\CURLRequest->send('GET', 'https://mahasiswa.umsu.ac.id/FotoMhs/2016/1607210042.jpg')
 4 APPPATH/Helpers/qrcode_helper.php(78): CodeIgniter\HTTP\CURLRequest->request('GET', 'https://mahasiswa.umsu.ac.id/FotoMhs/2016/1607210042.jpg', [...])
 5 ROOTPATH/modules/Penilaian/Controllers/Penilaian.php(71): cekImage('https://mahasiswa.umsu.ac.id/FotoMhs/2016/1607210042.jpg')
 6 SYSTEMPATH/CodeIgniter.php(907): Modules\Penilaian\Controllers\Penilaian->index()
 7 SYSTEMPATH/CodeIgniter.php(457): CodeIgniter\CodeIgniter->runController(Object(Modules\Penilaian\Controllers\Penilaian))
 8 SYSTEMPATH/CodeIgniter.php(340): CodeIgniter\CodeIgniter->handleRequest(null, Object(Config\Cache), false)
 9 FCPATH/index.php(67): CodeIgniter\CodeIgniter->run()
10 SYSTEMPATH/Commands/Server/rewrite.php(43): require_once('FCPATH/index.php')
CRITICAL - 2022-12-12 11:41:02 --> 22 : The requested URL returned error: 406
in SYSTEMPATH/HTTP/CURLRequest.php on line 655.
 1 SYSTEMPATH/HTTP/CURLRequest.php(655): CodeIgniter\HTTP\Exceptions\HTTPException::forCurlError('22', 'The requested URL returned error: 406')
 2 SYSTEMPATH/HTTP/CURLRequest.php(363): CodeIgniter\HTTP\CURLRequest->sendRequest([...])
 3 SYSTEMPATH/HTTP/CURLRequest.php(136): CodeIgniter\HTTP\CURLRequest->send('GET', 'https://mahasiswa.umsu.ac.id/FotoMhs/2016/1607210042.jpg')
 4 APPPATH/Helpers/qrcode_helper.php(78): CodeIgniter\HTTP\CURLRequest->request('GET', 'https://mahasiswa.umsu.ac.id/FotoMhs/2016/1607210042.jpg', [...])
 5 ROOTPATH/modules/Penilaian/Controllers/Penilaian.php(71): cekImage('https://mahasiswa.umsu.ac.id/FotoMhs/2016/1607210042.jpg')
 6 SYSTEMPATH/CodeIgniter.php(907): Modules\Penilaian\Controllers\Penilaian->index()
 7 SYSTEMPATH/CodeIgniter.php(457): CodeIgniter\CodeIgniter->runController(Object(Modules\Penilaian\Controllers\Penilaian))
 8 SYSTEMPATH/CodeIgniter.php(340): CodeIgniter\CodeIgniter->handleRequest(null, Object(Config\Cache), false)
 9 FCPATH/index.php(67): CodeIgniter\CodeIgniter->run()
10 SYSTEMPATH/Commands/Server/rewrite.php(43): require_once('FCPATH/index.php')
CRITICAL - 2022-12-12 11:41:26 --> Trying to get property 'data' of non-object
in APPPATH/Helpers/qrcode_helper.php on line 79.
 1 APPPATH/Helpers/qrcode_helper.php(79): CodeIgniter\Debug\Exceptions->errorHandler(8, 'Trying to get property \'data\' of non-object', 'APPPATH/Helpers/qrcode_helper.php', 79, [...])
 2 ROOTPATH/modules/Penilaian/Controllers/Penilaian.php(71): cekImage('https://mahasiswa.umsu.ac.id/FotoMhs/2016/1607210042.jpg')
 3 SYSTEMPATH/CodeIgniter.php(907): Modules\Penilaian\Controllers\Penilaian->index()
 4 SYSTEMPATH/CodeIgniter.php(457): CodeIgniter\CodeIgniter->runController(Object(Modules\Penilaian\Controllers\Penilaian))
 5 SYSTEMPATH/CodeIgniter.php(340): CodeIgniter\CodeIgniter->handleRequest(null, Object(Config\Cache), false)
 6 FCPATH/index.php(67): CodeIgniter\CodeIgniter->run()
 7 SYSTEMPATH/Commands/Server/rewrite.php(43): require_once('FCPATH/index.php')
CRITICAL - 2022-12-12 12:04:50 --> 22 : The requested URL returned error: 406
in SYSTEMPATH/HTTP/CURLRequest.php on line 655.
 1 SYSTEMPATH/HTTP/CURLRequest.php(655): CodeIgniter\HTTP\Exceptions\HTTPException::forCurlError('22', 'The requested URL returned error: 406')
 2 SYSTEMPATH/HTTP/CURLRequest.php(363): CodeIgniter\HTTP\CURLRequest->sendRequest([...])
 3 SYSTEMPATH/HTTP/CURLRequest.php(136): CodeIgniter\HTTP\CURLRequest->send('GET', 'https://mahasiswa.umsu.ac.id/FotoMhs/2016/1607210042.jpg')
 4 APPPATH/Helpers/qrcode_helper.php(78): CodeIgniter\HTTP\CURLRequest->request('GET', 'https://mahasiswa.umsu.ac.id/FotoMhs/2016/1607210042.jpg', [...])
 5 ROOTPATH/modules/Penilaian/Controllers/Penilaian.php(71): cekImage('https://mahasiswa.umsu.ac.id/FotoMhs/2016/1607210042.jpg')
 6 SYSTEMPATH/CodeIgniter.php(907): Modules\Penilaian\Controllers\Penilaian->index()
 7 SYSTEMPATH/CodeIgniter.php(457): CodeIgniter\CodeIgniter->runController(Object(Modules\Penilaian\Controllers\Penilaian))
 8 SYSTEMPATH/CodeIgniter.php(340): CodeIgniter\CodeIgniter->handleRequest(null, Object(Config\Cache), false)
 9 FCPATH/index.php(67): CodeIgniter\CodeIgniter->run()
10 SYSTEMPATH/Commands/Server/rewrite.php(43): require_once('FCPATH/index.php')
CRITICAL - 2022-12-12 15:35:52 --> mkdir(): Permission denied
in APPPATH/Helpers/qrcode_helper.php on line 42.
 1 [internal function]: CodeIgniter\Debug\Exceptions->errorHandler(2, 'mkdir(): Permission denied', 'APPPATH/Helpers/qrcode_helper.php', 42, [...])
 2 APPPATH/Helpers/qrcode_helper.php(42): mkdir('FCPATH/qr/testivanc20ad4d76fe97759aa27a0c99bff6710/activateKey', '0777', true)
 3 ROOTPATH/modules/Setting/Controllers/Setting.php(125): genQr('c20ad4d76fe97759aa27a0c99bff6710', 'test_ivan', 'ask', 'E7FAA80F')
 4 SYSTEMPATH/CodeIgniter.php(907): Modules\Setting\Controllers\Setting->genStation('12')
 5 SYSTEMPATH/CodeIgniter.php(457): CodeIgniter\CodeIgniter->runController(Object(Modules\Setting\Controllers\Setting))
 6 SYSTEMPATH/CodeIgniter.php(340): CodeIgniter\CodeIgniter->handleRequest(null, Object(Config\Cache), false)
 7 FCPATH/index.php(67): CodeIgniter\CodeIgniter->run()
 8 SYSTEMPATH/Commands/Server/rewrite.php(43): require_once('FCPATH/index.php')
CRITICAL - 2022-12-12 15:41:04 --> Uncaught ErrorException: realpath() expects parameter 1 to be a valid path, string given in /Users/ivan/Codeigniter/osce_v2/vendor/codeigniter4/framework/system/Common.php:90
Stack trace:
#0 [internal function]: CodeIgniter\Debug\Exceptions->errorHandler(2, 'realpath() expe...', '/Users/ivan/Cod...', 90, Array)
#1 /Users/ivan/Codeigniter/osce_v2/vendor/codeigniter4/framework/system/Common.php(90): realpath('\x89PNG\r\n\x1A\n\x00\x00\x00\rIHD...')
#2 /Users/ivan/Codeigniter/osce_v2/vendor/codeigniter4/framework/system/Debug/Exceptions.php(483): clean_path('\x89PNG\r\n\x1A\n\x00\x00\x00\rIHD...')
#3 [internal function]: CodeIgniter\Debug\Exceptions::CodeIgniter\Debug\{closure}('\x89PNG\r\n\x1A\n\x00\x00\x00\rIHD...')
#4 /Users/ivan/Codeigniter/osce_v2/vendor/codeigniter4/framework/system/Debug/Exceptions.php(488): array_map(Object(Closure), Array)
#5 /Users/ivan/Codeigniter/osce_v2/vendor/codeigniter4/framework/system/Debug/Exceptions.php(114): CodeIgniter\Debug\Exceptions::renderBacktrace(Array)
#6 [internal f
in SYSTEMPATH/Common.php on line 90.
 1 [internal function]: CodeIgniter\Debug\Exceptions->shutdownHandler()
CRITICAL - 2022-12-12 15:41:32 --> Uncaught ErrorException: realpath() expects parameter 1 to be a valid path, string given in /Users/ivan/Codeigniter/osce_v2/vendor/codeigniter4/framework/system/Common.php:90
Stack trace:
#0 [internal function]: CodeIgniter\Debug\Exceptions->errorHandler(2, 'realpath() expe...', '/Users/ivan/Cod...', 90, Array)
#1 /Users/ivan/Codeigniter/osce_v2/vendor/codeigniter4/framework/system/Common.php(90): realpath('\x89PNG\r\n\x1A\n\x00\x00\x00\rIHD...')
#2 /Users/ivan/Codeigniter/osce_v2/vendor/codeigniter4/framework/system/Debug/Exceptions.php(483): clean_path('\x89PNG\r\n\x1A\n\x00\x00\x00\rIHD...')
#3 [internal function]: CodeIgniter\Debug\Exceptions::CodeIgniter\Debug\{closure}('\x89PNG\r\n\x1A\n\x00\x00\x00\rIHD...')
#4 /Users/ivan/Codeigniter/osce_v2/vendor/codeigniter4/framework/system/Debug/Exceptions.php(488): array_map(Object(Closure), Array)
#5 /Users/ivan/Codeigniter/osce_v2/vendor/codeigniter4/framework/system/Debug/Exceptions.php(114): CodeIgniter\Debug\Exceptions::renderBacktrace(Array)
#6 [internal f
in SYSTEMPATH/Common.php on line 90.
 1 [internal function]: CodeIgniter\Debug\Exceptions->shutdownHandler()
CRITICAL - 2022-12-12 15:55:47 --> Undefined variable: j
in ROOTPATH/modules/Setting/Controllers/Setting.php on line 99.
 1 ROOTPATH/modules/Setting/Controllers/Setting.php(99): CodeIgniter\Debug\Exceptions->errorHandler(8, 'Undefined variable: j', 'ROOTPATH/modules/Setting/Controllers/Setting.php', 99, [...])
 2 SYSTEMPATH/CodeIgniter.php(907): Modules\Setting\Controllers\Setting->genStation('12')
 3 SYSTEMPATH/CodeIgniter.php(457): CodeIgniter\CodeIgniter->runController(Object(Modules\Setting\Controllers\Setting))
 4 SYSTEMPATH/CodeIgniter.php(340): CodeIgniter\CodeIgniter->handleRequest(null, Object(Config\Cache), false)
 5 FCPATH/index.php(67): CodeIgniter\CodeIgniter->run()
 6 SYSTEMPATH/Commands/Server/rewrite.php(43): require_once('FCPATH/index.php')
CRITICAL - 2022-12-12 16:16:49 --> mkdir(): Permission denied
in APPPATH/Helpers/qrcode_helper.php on line 42.
 1 [internal function]: CodeIgniter\Debug\Exceptions->errorHandler(2, 'mkdir(): Permission denied', 'APPPATH/Helpers/qrcode_helper.php', 42, [...])
 2 APPPATH/Helpers/qrcode_helper.php(42): mkdir('FCPATH/qr/testivanke2c51ce410c124a10e0db5e4b97fc2af39/activateKey', '0777', true)
 3 ROOTPATH/modules/Setting/Controllers/Setting.php(130): genQr('c51ce410c124a10e0db5e4b97fc2af39', 'test_ivan_ke_2', 'ask', 'C851A959')
 4 SYSTEMPATH/CodeIgniter.php(907): Modules\Setting\Controllers\Setting->genStation('13')
 5 SYSTEMPATH/CodeIgniter.php(457): CodeIgniter\CodeIgniter->runController(Object(Modules\Setting\Controllers\Setting))
 6 SYSTEMPATH/CodeIgniter.php(340): CodeIgniter\CodeIgniter->handleRequest(null, Object(Config\Cache), false)
 7 FCPATH/index.php(67): CodeIgniter\CodeIgniter->run()
 8 SYSTEMPATH/Commands/Server/rewrite.php(43): require_once('FCPATH/index.php')
CRITICAL - 2022-12-12 16:17:09 --> Uncaught ErrorException: realpath() expects parameter 1 to be a valid path, string given in /Users/ivan/Codeigniter/osce_v2/vendor/codeigniter4/framework/system/Common.php:90
Stack trace:
#0 [internal function]: CodeIgniter\Debug\Exceptions->errorHandler(2, 'realpath() expe...', '/Users/ivan/Cod...', 90, Array)
#1 /Users/ivan/Codeigniter/osce_v2/vendor/codeigniter4/framework/system/Common.php(90): realpath('\x89PNG\r\n\x1A\n\x00\x00\x00\rIHD...')
#2 /Users/ivan/Codeigniter/osce_v2/vendor/codeigniter4/framework/system/Debug/Exceptions.php(483): clean_path('\x89PNG\r\n\x1A\n\x00\x00\x00\rIHD...')
#3 [internal function]: CodeIgniter\Debug\Exceptions::CodeIgniter\Debug\{closure}('\x89PNG\r\n\x1A\n\x00\x00\x00\rIHD...')
#4 /Users/ivan/Codeigniter/osce_v2/vendor/codeigniter4/framework/system/Debug/Exceptions.php(488): array_map(Object(Closure), Array)
#5 /Users/ivan/Codeigniter/osce_v2/vendor/codeigniter4/framework/system/Debug/Exceptions.php(114): CodeIgniter\Debug\Exceptions::renderBacktrace(Array)
#6 [internal f
in SYSTEMPATH/Common.php on line 90.
 1 [internal function]: CodeIgniter\Debug\Exceptions->shutdownHandler()
CRITICAL - 2022-12-12 16:33:22 --> mkdir(): Permission denied
in APPPATH/Helpers/qrcode_helper.php on line 42.
 1 [internal function]: CodeIgniter\Debug\Exceptions->errorHandler(2, 'mkdir(): Permission denied', 'APPPATH/Helpers/qrcode_helper.php', 42, [...])
 2 APPPATH/Helpers/qrcode_helper.php(42): mkdir('FCPATH/qr/seetingfikriaab3238922bcc25a6f606eb525ffdc56/activateKey', '0777', true)
 3 ROOTPATH/modules/Setting/Controllers/Setting.php(126): genQr('aab3238922bcc25a6f606eb525ffdc56', 'seeting_fikri', 'ask', '9556D99A')
 4 SYSTEMPATH/CodeIgniter.php(907): Modules\Setting\Controllers\Setting->genStation('14')
 5 SYSTEMPATH/CodeIgniter.php(457): CodeIgniter\CodeIgniter->runController(Object(Modules\Setting\Controllers\Setting))
 6 SYSTEMPATH/CodeIgniter.php(340): CodeIgniter\CodeIgniter->handleRequest(null, Object(Config\Cache), false)
 7 FCPATH/index.php(67): CodeIgniter\CodeIgniter->run()
 8 SYSTEMPATH/Commands/Server/rewrite.php(43): require_once('FCPATH/index.php')
CRITICAL - 2022-12-12 16:33:36 --> Uncaught ErrorException: realpath() expects parameter 1 to be a valid path, string given in /Users/ivan/Codeigniter/osce_v2/vendor/codeigniter4/framework/system/Common.php:90
Stack trace:
#0 [internal function]: CodeIgniter\Debug\Exceptions->errorHandler(2, 'realpath() expe...', '/Users/ivan/Cod...', 90, Array)
#1 /Users/ivan/Codeigniter/osce_v2/vendor/codeigniter4/framework/system/Common.php(90): realpath('\x89PNG\r\n\x1A\n\x00\x00\x00\rIHD...')
#2 /Users/ivan/Codeigniter/osce_v2/vendor/codeigniter4/framework/system/Debug/Exceptions.php(483): clean_path('\x89PNG\r\n\x1A\n\x00\x00\x00\rIHD...')
#3 [internal function]: CodeIgniter\Debug\Exceptions::CodeIgniter\Debug\{closure}('\x89PNG\r\n\x1A\n\x00\x00\x00\rIHD...')
#4 /Users/ivan/Codeigniter/osce_v2/vendor/codeigniter4/framework/system/Debug/Exceptions.php(488): array_map(Object(Closure), Array)
#5 /Users/ivan/Codeigniter/osce_v2/vendor/codeigniter4/framework/system/Debug/Exceptions.php(114): CodeIgniter\Debug\Exceptions::renderBacktrace(Array)
#6 [internal f
in SYSTEMPATH/Common.php on line 90.
 1 [internal function]: CodeIgniter\Debug\Exceptions->shutdownHandler()
