CRITICAL - 2022-10-12 09:22:27 --> Call to undefined function getNamaApp()
in ROOTPATH/modules/Login/Views/login.php on line 15.
 1 SYSTEMPATH/View/View.php(213): include()
 2 SYSTEMPATH/View/View.php(216): CodeIgniter\View\View->CodeIgniter\View\{closure}()
 3 SYSTEMPATH/Common.php(1142): CodeIgniter\View\View->render('\\Modules\\Login\\Views\\login', [], true)
 4 VENDORPATH/myth/auth/src/Controllers/AuthController.php(416): view('\\Modules\\Login\\Views\\login', [...])
 5 VENDORPATH/myth/auth/src/Controllers/AuthController.php(62): Myth\Auth\Controllers\AuthController->_render('\\Modules\\Login\\Views\\login', [...])
 6 SYSTEMPATH/CodeIgniter.php(907): Myth\Auth\Controllers\AuthController->login()
 7 SYSTEMPATH/CodeIgniter.php(457): CodeIgniter\CodeIgniter->runController(Object(Myth\Auth\Controllers\AuthController))
 8 SYSTEMPATH/CodeIgniter.php(340): CodeIgniter\CodeIgniter->handleRequest(null, Object(Config\Cache), false)
 9 FCPATH/index.php(67): CodeIgniter\CodeIgniter->run()
10 SYSTEMPATH/Commands/Server/rewrite.php(43): require_once('FCPATH/index.php')
CRITICAL - 2022-10-12 09:32:07 --> Call to undefined function getNamaApp()
in ROOTPATH/modules/Login/Views/login.php on line 15.
 1 SYSTEMPATH/View/View.php(213): include()
 2 SYSTEMPATH/View/View.php(216): CodeIgniter\View\View->CodeIgniter\View\{closure}()
 3 SYSTEMPATH/Common.php(1142): CodeIgniter\View\View->render('\\Modules\\Login\\Views\\login', [], true)
 4 VENDORPATH/myth/auth/src/Controllers/AuthController.php(416): view('\\Modules\\Login\\Views\\login', [...])
 5 VENDORPATH/myth/auth/src/Controllers/AuthController.php(62): Myth\Auth\Controllers\AuthController->_render('\\Modules\\Login\\Views\\login', [...])
 6 SYSTEMPATH/CodeIgniter.php(907): Myth\Auth\Controllers\AuthController->login()
 7 SYSTEMPATH/CodeIgniter.php(457): CodeIgniter\CodeIgniter->runController(Object(Myth\Auth\Controllers\AuthController))
 8 SYSTEMPATH/CodeIgniter.php(340): CodeIgniter\CodeIgniter->handleRequest(null, Object(Config\Cache), false)
 9 FCPATH/index.php(67): CodeIgniter\CodeIgniter->run()
10 SYSTEMPATH/Commands/Server/rewrite.php(43): require_once('FCPATH/index.php')
