CRITICAL - 2022-10-07 09:26:06 --> Undefined variable: session
in ROOTPATH/modules/Penilaian/Views/penilaian.php on line 17.
 1 ROOTPATH/modules/Penilaian/Views/penilaian.php(17): CodeIgniter\Debug\Exceptions->errorHandler(8, 'Undefined variable: session', 'ROOTPATH/modules/Penilaian/Views/penilaian.php', 17, [...])
 2 SYSTEMPATH/View/View.php(213): include('ROOTPATH/modules/Penilaian/Views/penilaian.php')
 3 SYSTEMPATH/View/View.php(216): CodeIgniter\View\View->CodeIgniter\View\{closure}()
 4 SYSTEMPATH/Common.php(1142): CodeIgniter\View\View->render('Modules\\Penilaian\\Views\\penilaian', [], true)
 5 ROOTPATH/modules/Penilaian/Controllers/Penilaian.php(21): view('Modules\\Penilaian\\Views\\penilaian', [...])
 6 SYSTEMPATH/CodeIgniter.php(907): Modules\Penilaian\Controllers\Penilaian->index()
 7 SYSTEMPATH/CodeIgniter.php(457): CodeIgniter\CodeIgniter->runController(Object(Modules\Penilaian\Controllers\Penilaian))
 8 SYSTEMPATH/CodeIgniter.php(340): CodeIgniter\CodeIgniter->handleRequest(null, Object(Config\Cache), false)
 9 FCPATH/index.php(67): CodeIgniter\CodeIgniter->run()
10 SYSTEMPATH/Commands/Server/rewrite.php(43): require_once('FCPATH/index.php')
CRITICAL - 2022-10-07 09:26:21 --> Undefined variable: session
in ROOTPATH/modules/Penilaian/Views/penilaian.php on line 17.
 1 ROOTPATH/modules/Penilaian/Views/penilaian.php(17): CodeIgniter\Debug\Exceptions->errorHandler(8, 'Undefined variable: session', 'ROOTPATH/modules/Penilaian/Views/penilaian.php', 17, [...])
 2 SYSTEMPATH/View/View.php(213): include('ROOTPATH/modules/Penilaian/Views/penilaian.php')
 3 SYSTEMPATH/View/View.php(216): CodeIgniter\View\View->CodeIgniter\View\{closure}()
 4 SYSTEMPATH/Common.php(1142): CodeIgniter\View\View->render('Modules\\Penilaian\\Views\\penilaian', [], true)
 5 ROOTPATH/modules/Penilaian/Controllers/Penilaian.php(21): view('Modules\\Penilaian\\Views\\penilaian', [...])
 6 SYSTEMPATH/CodeIgniter.php(907): Modules\Penilaian\Controllers\Penilaian->index()
 7 SYSTEMPATH/CodeIgniter.php(457): CodeIgniter\CodeIgniter->runController(Object(Modules\Penilaian\Controllers\Penilaian))
 8 SYSTEMPATH/CodeIgniter.php(340): CodeIgniter\CodeIgniter->handleRequest(null, Object(Config\Cache), false)
 9 FCPATH/index.php(67): CodeIgniter\CodeIgniter->run()
10 SYSTEMPATH/Commands/Server/rewrite.php(43): require_once('FCPATH/index.php')
CRITICAL - 2022-10-07 09:26:24 --> Undefined variable: session
in ROOTPATH/modules/Penilaian/Views/penilaian.php on line 17.
 1 ROOTPATH/modules/Penilaian/Views/penilaian.php(17): CodeIgniter\Debug\Exceptions->errorHandler(8, 'Undefined variable: session', 'ROOTPATH/modules/Penilaian/Views/penilaian.php', 17, [...])
 2 SYSTEMPATH/View/View.php(213): include('ROOTPATH/modules/Penilaian/Views/penilaian.php')
 3 SYSTEMPATH/View/View.php(216): CodeIgniter\View\View->CodeIgniter\View\{closure}()
 4 SYSTEMPATH/Common.php(1142): CodeIgniter\View\View->render('Modules\\Penilaian\\Views\\penilaian', [], true)
 5 ROOTPATH/modules/Penilaian/Controllers/Penilaian.php(21): view('Modules\\Penilaian\\Views\\penilaian', [...])
 6 SYSTEMPATH/CodeIgniter.php(907): Modules\Penilaian\Controllers\Penilaian->index()
 7 SYSTEMPATH/CodeIgniter.php(457): CodeIgniter\CodeIgniter->runController(Object(Modules\Penilaian\Controllers\Penilaian))
 8 SYSTEMPATH/CodeIgniter.php(340): CodeIgniter\CodeIgniter->handleRequest(null, Object(Config\Cache), false)
 9 FCPATH/index.php(67): CodeIgniter\CodeIgniter->run()
10 SYSTEMPATH/Commands/Server/rewrite.php(43): require_once('FCPATH/index.php')
CRITICAL - 2022-10-07 09:26:34 --> Undefined variable: session
in ROOTPATH/modules/Penilaian/Views/penilaian.php on line 17.
 1 ROOTPATH/modules/Penilaian/Views/penilaian.php(17): CodeIgniter\Debug\Exceptions->errorHandler(8, 'Undefined variable: session', 'ROOTPATH/modules/Penilaian/Views/penilaian.php', 17, [...])
 2 SYSTEMPATH/View/View.php(213): include('ROOTPATH/modules/Penilaian/Views/penilaian.php')
 3 SYSTEMPATH/View/View.php(216): CodeIgniter\View\View->CodeIgniter\View\{closure}()
 4 SYSTEMPATH/Common.php(1142): CodeIgniter\View\View->render('Modules\\Penilaian\\Views\\penilaian', [], true)
 5 ROOTPATH/modules/Penilaian/Controllers/Penilaian.php(21): view('Modules\\Penilaian\\Views\\penilaian', [...])
 6 SYSTEMPATH/CodeIgniter.php(907): Modules\Penilaian\Controllers\Penilaian->index()
 7 SYSTEMPATH/CodeIgniter.php(457): CodeIgniter\CodeIgniter->runController(Object(Modules\Penilaian\Controllers\Penilaian))
 8 SYSTEMPATH/CodeIgniter.php(340): CodeIgniter\CodeIgniter->handleRequest(null, Object(Config\Cache), false)
 9 FCPATH/index.php(67): CodeIgniter\CodeIgniter->run()
10 SYSTEMPATH/Commands/Server/rewrite.php(43): require_once('FCPATH/index.php')
CRITICAL - 2022-10-07 10:15:17 --> Trying to get property 'setId' of non-object
in ROOTPATH/modules/Penilaian/Controllers/Penilaian.php on line 23.
 1 ROOTPATH/modules/Penilaian/Controllers/Penilaian.php(23): CodeIgniter\Debug\Exceptions->errorHandler(8, 'Trying to get property \'setId\' of non-object', 'ROOTPATH/modules/Penilaian/Controllers/Penilaian.php', 23, [])
 2 SYSTEMPATH/CodeIgniter.php(907): Modules\Penilaian\Controllers\Penilaian->index()
 3 SYSTEMPATH/CodeIgniter.php(457): CodeIgniter\CodeIgniter->runController(Object(Modules\Penilaian\Controllers\Penilaian))
 4 SYSTEMPATH/CodeIgniter.php(340): CodeIgniter\CodeIgniter->handleRequest(null, Object(Config\Cache), false)
 5 FCPATH/index.php(67): CodeIgniter\CodeIgniter->run()
 6 SYSTEMPATH/Commands/Server/rewrite.php(43): require_once('FCPATH/index.php')
ERROR - 2022-10-07 10:17:57 --> ErrorException: pg_query(): Query failed: ERROR:  function function_tampil_skenario(unknown) does not exist
LINE 2: FROM function_tampil_skenario('8, 1')
             ^
HINT:  No function matches the given name and argument types. You might need to add explicit type casts. in /Users/ivan/Codeigniter/osce_v2/vendor/codeigniter4/framework/system/Database/Postgre/Connection.php:140
Stack trace:
#0 [internal function]: CodeIgniter\Debug\Exceptions->errorHandler(2, 'pg_query(): Que...', '/Users/ivan/Cod...', 140, Array)
#1 /Users/ivan/Codeigniter/osce_v2/vendor/codeigniter4/framework/system/Database/Postgre/Connection.php(140): pg_query(Resource id #17, 'SELECT *\nFROM f...')
#2 /Users/ivan/Codeigniter/osce_v2/vendor/codeigniter4/framework/system/Database/BaseConnection.php(693): CodeIgniter\Database\Postgre\Connection->execute('SELECT *\nFROM f...')
#3 /Users/ivan/Codeigniter/osce_v2/vendor/codeigniter4/framework/system/Database/BaseConnection.php(620): CodeIgniter\Database\BaseConnection->simpleQuery('SELECT *\nFROM f...')
#4 /Users/ivan/Codeigniter/osce_v2/vendor/codeigniter4/framework/system/Database/BaseBuilder.php(1585): CodeIgniter\Database\BaseConnection->query('SELECT *\nFROM f...', Array, false)
#5 /Users/ivan/Codeigniter/osce_v2/modules/Penilaian/Models/PenilaianModel.php(13): CodeIgniter\Database\BaseBuilder->get()
#6 /Users/ivan/Codeigniter/osce_v2/modules/Penilaian/Controllers/Penilaian.php(27): Modules\Penilaian\Models\PenilaianModel->getSkenario('8', '1')
#7 /Users/ivan/Codeigniter/osce_v2/vendor/codeigniter4/framework/system/CodeIgniter.php(907): Modules\Penilaian\Controllers\Penilaian->index()
#8 /Users/ivan/Codeigniter/osce_v2/vendor/codeigniter4/framework/system/CodeIgniter.php(457): CodeIgniter\CodeIgniter->runController(Object(Modules\Penilaian\Controllers\Penilaian))
#9 /Users/ivan/Codeigniter/osce_v2/vendor/codeigniter4/framework/system/CodeIgniter.php(340): CodeIgniter\CodeIgniter->handleRequest(NULL, Object(Config\Cache), false)
#10 /Users/ivan/Codeigniter/osce_v2/public/index.php(67): CodeIgniter\CodeIgniter->run()
#11 /Users/ivan/Codeigniter/osce_v2/vendor/codeigniter4/framework/system/Commands/Server/rewrite.php(43): require_once('/Users/ivan/Cod...')
#12 {main}
CRITICAL - 2022-10-07 10:17:57 --> pg_query(): Query failed: ERROR:  function function_tampil_skenario(unknown) does not exist
LINE 2: FROM function_tampil_skenario('8, 1')
             ^
HINT:  No function matches the given name and argument types. You might need to add explicit type casts.
in SYSTEMPATH/Database/Postgre/Connection.php on line 140.
 1 [internal function]: CodeIgniter\Debug\Exceptions->errorHandler(2, 'pg_query(): Query failed: ERROR:  function function_tampil_skenario(unknown) does not exist
LINE 2: FROM function_tampil_skenario(\'8, 1\')
             ^
HINT:  No function matches the given name and argument types. You might need to add explicit type casts.', 'SYSTEMPATH/Database/Postgre/Connection.php', 140, [...])
 2 SYSTEMPATH/Database/Postgre/Connection.php(140): pg_query(resource (pgsql link), 'SELECT *
FROM function_tampil_skenario(\'8, 1\')')
 3 SYSTEMPATH/Database/BaseConnection.php(693): CodeIgniter\Database\Postgre\Connection->execute('SELECT *
FROM function_tampil_skenario(\'8, 1\')')
 4 SYSTEMPATH/Database/BaseConnection.php(620): CodeIgniter\Database\BaseConnection->simpleQuery('SELECT *
FROM function_tampil_skenario(\'8, 1\')')
 5 SYSTEMPATH/Database/BaseBuilder.php(1585): CodeIgniter\Database\BaseConnection->query('SELECT *
FROM function_tampil_skenario(\'8, 1\')', [], false)
 6 ROOTPATH/modules/Penilaian/Models/PenilaianModel.php(13): CodeIgniter\Database\BaseBuilder->get()
 7 ROOTPATH/modules/Penilaian/Controllers/Penilaian.php(27): Modules\Penilaian\Models\PenilaianModel->getSkenario('8', '1')
 8 SYSTEMPATH/CodeIgniter.php(907): Modules\Penilaian\Controllers\Penilaian->index()
 9 SYSTEMPATH/CodeIgniter.php(457): CodeIgniter\CodeIgniter->runController(Object(Modules\Penilaian\Controllers\Penilaian))
10 SYSTEMPATH/CodeIgniter.php(340): CodeIgniter\CodeIgniter->handleRequest(null, Object(Config\Cache), false)
11 FCPATH/index.php(67): CodeIgniter\CodeIgniter->run()
12 SYSTEMPATH/Commands/Server/rewrite.php(43): require_once('FCPATH/index.php')
CRITICAL - 2022-10-07 10:22:11 --> Undefined variable: currentPage
in ROOTPATH/modules/Penilaian/Views/penilaian.php on line 30.
 1 ROOTPATH/modules/Penilaian/Views/penilaian.php(30): CodeIgniter\Debug\Exceptions->errorHandler(8, 'Undefined variable: currentPage', 'ROOTPATH/modules/Penilaian/Views/penilaian.php', 30, [...])
 2 SYSTEMPATH/View/View.php(213): include('ROOTPATH/modules/Penilaian/Views/penilaian.php')
 3 SYSTEMPATH/View/View.php(216): CodeIgniter\View\View->CodeIgniter\View\{closure}()
 4 SYSTEMPATH/Common.php(1142): CodeIgniter\View\View->render('Modules\\Penilaian\\Views\\penilaian', [], true)
 5 ROOTPATH/modules/Penilaian/Controllers/Penilaian.php(29): view('Modules\\Penilaian\\Views\\penilaian', [...])
 6 SYSTEMPATH/CodeIgniter.php(907): Modules\Penilaian\Controllers\Penilaian->index()
 7 SYSTEMPATH/CodeIgniter.php(457): CodeIgniter\CodeIgniter->runController(Object(Modules\Penilaian\Controllers\Penilaian))
 8 SYSTEMPATH/CodeIgniter.php(340): CodeIgniter\CodeIgniter->handleRequest(null, Object(Config\Cache), false)
 9 FCPATH/index.php(67): CodeIgniter\CodeIgniter->run()
10 SYSTEMPATH/Commands/Server/rewrite.php(43): require_once('FCPATH/index.php')
CRITICAL - 2022-10-07 10:22:25 --> Undefined property: stdClass::$kompetensiNama
in ROOTPATH/modules/Penilaian/Views/penilaian.php on line 34.
 1 ROOTPATH/modules/Penilaian/Views/penilaian.php(34): CodeIgniter\Debug\Exceptions->errorHandler(8, 'Undefined property: stdClass::$kompetensiNama', 'ROOTPATH/modules/Penilaian/Views/penilaian.php', 34, [...])
 2 SYSTEMPATH/View/View.php(213): include('ROOTPATH/modules/Penilaian/Views/penilaian.php')
 3 SYSTEMPATH/View/View.php(216): CodeIgniter\View\View->CodeIgniter\View\{closure}()
 4 SYSTEMPATH/Common.php(1142): CodeIgniter\View\View->render('Modules\\Penilaian\\Views\\penilaian', [], true)
 5 ROOTPATH/modules/Penilaian/Controllers/Penilaian.php(29): view('Modules\\Penilaian\\Views\\penilaian', [...])
 6 SYSTEMPATH/CodeIgniter.php(907): Modules\Penilaian\Controllers\Penilaian->index()
 7 SYSTEMPATH/CodeIgniter.php(457): CodeIgniter\CodeIgniter->runController(Object(Modules\Penilaian\Controllers\Penilaian))
 8 SYSTEMPATH/CodeIgniter.php(340): CodeIgniter\CodeIgniter->handleRequest(null, Object(Config\Cache), false)
 9 FCPATH/index.php(67): CodeIgniter\CodeIgniter->run()
10 SYSTEMPATH/Commands/Server/rewrite.php(43): require_once('FCPATH/index.php')
CRITICAL - 2022-10-07 11:28:44 --> str_replace() expects at least 3 parameters, 2 given
in ROOTPATH/modules/Penilaian/Views/penilaian.php on line 36.
 1 [internal function]: CodeIgniter\Debug\Exceptions->errorHandler(2, 'str_replace() expects at least 3 parameters, 2 given', 'ROOTPATH/modules/Penilaian/Views/penilaian.php', 36, [...])
 2 ROOTPATH/modules/Penilaian/Views/penilaian.php(36): str_replace('&nbsp;', 'ROOTPATH/public')
 3 SYSTEMPATH/View/View.php(213): include('ROOTPATH/modules/Penilaian/Views/penilaian.php')
 4 SYSTEMPATH/View/View.php(216): CodeIgniter\View\View->CodeIgniter\View\{closure}()
 5 SYSTEMPATH/Common.php(1142): CodeIgniter\View\View->render('Modules\\Penilaian\\Views\\penilaian', [], true)
 6 ROOTPATH/modules/Penilaian/Controllers/Penilaian.php(29): view('Modules\\Penilaian\\Views\\penilaian', [...])
 7 SYSTEMPATH/CodeIgniter.php(907): Modules\Penilaian\Controllers\Penilaian->index()
 8 SYSTEMPATH/CodeIgniter.php(457): CodeIgniter\CodeIgniter->runController(Object(Modules\Penilaian\Controllers\Penilaian))
 9 SYSTEMPATH/CodeIgniter.php(340): CodeIgniter\CodeIgniter->handleRequest(null, Object(Config\Cache), false)
10 FCPATH/index.php(67): CodeIgniter\CodeIgniter->run()
11 SYSTEMPATH/Commands/Server/rewrite.php(43): require_once('FCPATH/index.php')
CRITICAL - 2022-10-07 11:40:01 --> str_replace() expects at least 3 parameters, 1 given
in ROOTPATH/modules/Penilaian/Views/penilaian.php on line 39.
 1 [internal function]: CodeIgniter\Debug\Exceptions->errorHandler(2, 'str_replace() expects at least 3 parameters, 1 given', 'ROOTPATH/modules/Penilaian/Views/penilaian.php', 39, [...])
 2 ROOTPATH/modules/Penilaian/Views/penilaian.php(39): str_replace('<p><span style="color: rgb(108, 117, 125);">Pemeriksaan Fisik </span>Station 1<br></p>')
 3 SYSTEMPATH/View/View.php(213): include('ROOTPATH/modules/Penilaian/Views/penilaian.php')
 4 SYSTEMPATH/View/View.php(216): CodeIgniter\View\View->CodeIgniter\View\{closure}()
 5 SYSTEMPATH/Common.php(1142): CodeIgniter\View\View->render('Modules\\Penilaian\\Views\\penilaian', [], true)
 6 ROOTPATH/modules/Penilaian/Controllers/Penilaian.php(29): view('Modules\\Penilaian\\Views\\penilaian', [...])
 7 SYSTEMPATH/CodeIgniter.php(907): Modules\Penilaian\Controllers\Penilaian->index()
 8 SYSTEMPATH/CodeIgniter.php(457): CodeIgniter\CodeIgniter->runController(Object(Modules\Penilaian\Controllers\Penilaian))
 9 SYSTEMPATH/CodeIgniter.php(340): CodeIgniter\CodeIgniter->handleRequest(null, Object(Config\Cache), false)
10 FCPATH/index.php(67): CodeIgniter\CodeIgniter->run()
11 SYSTEMPATH/Commands/Server/rewrite.php(43): require_once('FCPATH/index.php')
CRITICAL - 2022-10-07 14:07:24 --> Undefined index: skenario,4
in ROOTPATH/modules/Pertanyaan/Controllers/Pertanyaan.php on line 125.
 1 ROOTPATH/modules/Pertanyaan/Controllers/Pertanyaan.php(125): CodeIgniter\Debug\Exceptions->errorHandler(8, 'Undefined index: skenario,4', 'ROOTPATH/modules/Pertanyaan/Controllers/Pertanyaan.php', 125, [...])
 2 SYSTEMPATH/CodeIgniter.php(907): Modules\Pertanyaan\Controllers\Pertanyaan->edit('8')
 3 SYSTEMPATH/CodeIgniter.php(457): CodeIgniter\CodeIgniter->runController(Object(Modules\Pertanyaan\Controllers\Pertanyaan))
 4 SYSTEMPATH/CodeIgniter.php(340): CodeIgniter\CodeIgniter->handleRequest(null, Object(Config\Cache), false)
 5 FCPATH/index.php(67): CodeIgniter\CodeIgniter->run()
 6 SYSTEMPATH/Commands/Server/rewrite.php(43): require_once('FCPATH/index.php')
CRITICAL - 2022-10-07 14:33:21 --> Undefined index: skenario,4
in ROOTPATH/modules/Pertanyaan/Controllers/Pertanyaan.php on line 126.
 1 ROOTPATH/modules/Pertanyaan/Controllers/Pertanyaan.php(126): CodeIgniter\Debug\Exceptions->errorHandler(8, 'Undefined index: skenario,4', 'ROOTPATH/modules/Pertanyaan/Controllers/Pertanyaan.php', 126, [...])
 2 SYSTEMPATH/CodeIgniter.php(907): Modules\Pertanyaan\Controllers\Pertanyaan->edit('8')
 3 SYSTEMPATH/CodeIgniter.php(457): CodeIgniter\CodeIgniter->runController(Object(Modules\Pertanyaan\Controllers\Pertanyaan))
 4 SYSTEMPATH/CodeIgniter.php(340): CodeIgniter\CodeIgniter->handleRequest(null, Object(Config\Cache), false)
 5 FCPATH/index.php(67): CodeIgniter\CodeIgniter->run()
 6 SYSTEMPATH/Commands/Server/rewrite.php(43): require_once('FCPATH/index.php')
CRITICAL - 2022-10-07 14:34:29 --> Undefined index: skenario,4
in ROOTPATH/modules/Pertanyaan/Controllers/Pertanyaan.php on line 126.
 1 ROOTPATH/modules/Pertanyaan/Controllers/Pertanyaan.php(126): CodeIgniter\Debug\Exceptions->errorHandler(8, 'Undefined index: skenario,4', 'ROOTPATH/modules/Pertanyaan/Controllers/Pertanyaan.php', 126, [...])
 2 SYSTEMPATH/CodeIgniter.php(907): Modules\Pertanyaan\Controllers\Pertanyaan->edit('8')
 3 SYSTEMPATH/CodeIgniter.php(457): CodeIgniter\CodeIgniter->runController(Object(Modules\Pertanyaan\Controllers\Pertanyaan))
 4 SYSTEMPATH/CodeIgniter.php(340): CodeIgniter\CodeIgniter->handleRequest(null, Object(Config\Cache), false)
 5 FCPATH/index.php(67): CodeIgniter\CodeIgniter->run()
 6 SYSTEMPATH/Commands/Server/rewrite.php(43): require_once('FCPATH/index.php')
CRITICAL - 2022-10-07 15:45:01 --> Undefined property: stdClass::$skenario
in ROOTPATH/modules/Penilaian/Views/penilaian.php on line 18.
 1 ROOTPATH/modules/Penilaian/Views/penilaian.php(18): CodeIgniter\Debug\Exceptions->errorHandler(8, 'Undefined property: stdClass::$skenario', 'ROOTPATH/modules/Penilaian/Views/penilaian.php', 18, [...])
 2 SYSTEMPATH/View/View.php(213): include('ROOTPATH/modules/Penilaian/Views/penilaian.php')
 3 SYSTEMPATH/View/View.php(216): CodeIgniter\View\View->CodeIgniter\View\{closure}()
 4 SYSTEMPATH/Common.php(1142): CodeIgniter\View\View->render('Modules\\Penilaian\\Views\\penilaian', [], true)
 5 ROOTPATH/modules/Penilaian/Controllers/Penilaian.php(29): view('Modules\\Penilaian\\Views\\penilaian', [...])
 6 SYSTEMPATH/CodeIgniter.php(907): Modules\Penilaian\Controllers\Penilaian->index()
 7 SYSTEMPATH/CodeIgniter.php(457): CodeIgniter\CodeIgniter->runController(Object(Modules\Penilaian\Controllers\Penilaian))
 8 SYSTEMPATH/CodeIgniter.php(340): CodeIgniter\CodeIgniter->handleRequest(null, Object(Config\Cache), false)
 9 FCPATH/index.php(67): CodeIgniter\CodeIgniter->run()
10 SYSTEMPATH/Commands/Server/rewrite.php(43): require_once('FCPATH/index.php')
ERROR - 2022-10-07 15:46:24 --> ErrorException: pg_query(): Query failed: ERROR:  structure of query does not match function result type
DETAIL:  Returned type integer does not match expected type text in column 8.
CONTEXT:  SQL statement &quot;SELECT
		settingtes.&quot;setId&quot; as setId,
		settingtes.&quot;setDeskripsi&quot; as setDeskripsi,
		settingtes.&quot;setStartDate&quot; as setStartDate,
		(raw_json-&gt;&gt;'station')::INT as stationId,
		(detail-&gt;&gt;'kompetensi')::INT as kompetensiId,
		kompetensi.&quot;kompetensiNama&quot; as kompetensiNama,
		kompetensi.&quot;kompetensiSingkatan&quot; as kompetensiSingkatan,
		(detail-&gt;&gt;'skenario')::INT as skenario,
		(detail-&gt;&gt;'pertanyaan')::TEXT as pertanyaan
	 FROM
		settingtes,
	 LATERAL JSON_ARRAY_ELEMENTS(settingtes.&quot;setPertanyaan&quot;-&gt;'data') raw_json,
	 LATERAL JSON_ARRAY_ELEMENTS(raw_json-&gt;'detail') detail(detail)
	 LEFT JOIN kompetensi on kompetensi.&quot;kompetensiId&quot; = (detail-&gt;&gt;'kompetensi')::INT
	 WHERE settingtes.&quot;setId&quot;=id and (raw_json-&gt;&gt;'station')::INT=station&quot;
PL/pgSQL function function_tampil_skenario(integer,integer) line 3 at RETURN QUERY in /Users/ivan/Codeigniter/osce_v2/vendor/codeigniter4/framework/system/Database/Postgre/Connection.php:140
Stack trace:
#0 [internal function]: CodeIgniter\Debug\Exceptions->errorHandler(2, 'pg_query(): Que...', '/Users/ivan/Cod...', 140, Array)
#1 /Users/ivan/Codeigniter/osce_v2/vendor/codeigniter4/framework/system/Database/Postgre/Connection.php(140): pg_query(Resource id #16, 'SELECT *\nFROM f...')
#2 /Users/ivan/Codeigniter/osce_v2/vendor/codeigniter4/framework/system/Database/BaseConnection.php(693): CodeIgniter\Database\Postgre\Connection->execute('SELECT *\nFROM f...')
#3 /Users/ivan/Codeigniter/osce_v2/vendor/codeigniter4/framework/system/Database/BaseConnection.php(620): CodeIgniter\Database\BaseConnection->simpleQuery('SELECT *\nFROM f...')
#4 /Users/ivan/Codeigniter/osce_v2/vendor/codeigniter4/framework/system/Database/BaseBuilder.php(1585): CodeIgniter\Database\BaseConnection->query('SELECT *\nFROM f...', Array, false)
#5 /Users/ivan/Codeigniter/osce_v2/modules/Penilaian/Models/PenilaianModel.php(13): CodeIgniter\Database\BaseBuilder->get()
#6 /Users/ivan/Codeigniter/osce_v2/modules/Penilaian/Controllers/Penilaian.php(27): Modules\Penilaian\Models\PenilaianModel->getSkenario('8', '1')
#7 /Users/ivan/Codeigniter/osce_v2/vendor/codeigniter4/framework/system/CodeIgniter.php(907): Modules\Penilaian\Controllers\Penilaian->index()
#8 /Users/ivan/Codeigniter/osce_v2/vendor/codeigniter4/framework/system/CodeIgniter.php(457): CodeIgniter\CodeIgniter->runController(Object(Modules\Penilaian\Controllers\Penilaian))
#9 /Users/ivan/Codeigniter/osce_v2/vendor/codeigniter4/framework/system/CodeIgniter.php(340): CodeIgniter\CodeIgniter->handleRequest(NULL, Object(Config\Cache), false)
#10 /Users/ivan/Codeigniter/osce_v2/public/index.php(67): CodeIgniter\CodeIgniter->run()
#11 /Users/ivan/Codeigniter/osce_v2/vendor/codeigniter4/framework/system/Commands/Server/rewrite.php(43): require_once('/Users/ivan/Cod...')
#12 {main}
CRITICAL - 2022-10-07 15:46:24 --> pg_query(): Query failed: ERROR:  structure of query does not match function result type
DETAIL:  Returned type integer does not match expected type text in column 8.
CONTEXT:  SQL statement &quot;SELECT
		settingtes.&quot;setId&quot; as setId,
		settingtes.&quot;setDeskripsi&quot; as setDeskripsi,
		settingtes.&quot;setStartDate&quot; as setStartDate,
		(raw_json-&gt;&gt;'station')::INT as stationId,
		(detail-&gt;&gt;'kompetensi')::INT as kompetensiId,
		kompetensi.&quot;kompetensiNama&quot; as kompetensiNama,
		kompetensi.&quot;kompetensiSingkatan&quot; as kompetensiSingkatan,
		(detail-&gt;&gt;'skenario')::INT as skenario,
		(detail-&gt;&gt;'pertanyaan')::TEXT as pertanyaan
	 FROM
		settingtes,
	 LATERAL JSON_ARRAY_ELEMENTS(settingtes.&quot;setPertanyaan&quot;-&gt;'data') raw_json,
	 LATERAL JSON_ARRAY_ELEMENTS(raw_json-&gt;'detail') detail(detail)
	 LEFT JOIN kompetensi on kompetensi.&quot;kompetensiId&quot; = (detail-&gt;&gt;'kompetensi')::INT
	 WHERE settingtes.&quot;setId&quot;=id and (raw_json-&gt;&gt;'station')::INT=station&quot;
PL/pgSQL function function_tampil_skenario(integer,integer) line 3 at RETURN QUERY
in SYSTEMPATH/Database/Postgre/Connection.php on line 140.
 1 [internal function]: CodeIgniter\Debug\Exceptions->errorHandler(2, 'pg_query(): Query failed: ERROR:  structure of query does not match function result type
DETAIL:  Returned type integer does not match expected type text in column 8.
CONTEXT:  SQL statement &quot;SELECT
		settingtes.&quot;setId&quot; as setId,
		settingtes.&quot;setDeskripsi&quot; as setDeskripsi,
		settingtes.&quot;setStartDate&quot; as setStartDate,
		(raw_json-&gt;&gt;\'station\')::INT as stationId,
		(detail-&gt;&gt;\'kompetensi\')::INT as kompetensiId,
		kompetensi.&quot;kompetensiNama&quot; as kompetensiNama,
		kompetensi.&quot;kompetensiSingkatan&quot; as kompetensiSingkatan,
		(detail-&gt;&gt;\'skenario\')::INT as skenario,
		(detail-&gt;&gt;\'pertanyaan\')::TEXT as pertanyaan
	 FROM
		settingtes,
	 LATERAL JSON_ARRAY_ELEMENTS(settingtes.&quot;setPertanyaan&quot;-&gt;\'data\') raw_json,
	 LATERAL JSON_ARRAY_ELEMENTS(raw_json-&gt;\'detail\') detail(detail)
	 LEFT JOIN kompetensi on kompetensi.&quot;kompetensiId&quot; = (detail-&gt;&gt;\'kompetensi\')::INT
	 WHERE settingtes.&quot;setId&quot;=id and (raw_json-&gt;&gt;\'station\')::INT=station&quot;
PL/pgSQL function function_tampil_skenario(integer,integer) line 3 at RETURN QUERY', 'SYSTEMPATH/Database/Postgre/Connection.php', 140, [...])
 2 SYSTEMPATH/Database/Postgre/Connection.php(140): pg_query(resource (pgsql link), 'SELECT *
FROM function_tampil_skenario(8, 1)')
 3 SYSTEMPATH/Database/BaseConnection.php(693): CodeIgniter\Database\Postgre\Connection->execute('SELECT *
FROM function_tampil_skenario(8, 1)')
 4 SYSTEMPATH/Database/BaseConnection.php(620): CodeIgniter\Database\BaseConnection->simpleQuery('SELECT *
FROM function_tampil_skenario(8, 1)')
 5 SYSTEMPATH/Database/BaseBuilder.php(1585): CodeIgniter\Database\BaseConnection->query('SELECT *
FROM function_tampil_skenario(8, 1)', [], false)
 6 ROOTPATH/modules/Penilaian/Models/PenilaianModel.php(13): CodeIgniter\Database\BaseBuilder->get()
 7 ROOTPATH/modules/Penilaian/Controllers/Penilaian.php(27): Modules\Penilaian\Models\PenilaianModel->getSkenario('8', '1')
 8 SYSTEMPATH/CodeIgniter.php(907): Modules\Penilaian\Controllers\Penilaian->index()
 9 SYSTEMPATH/CodeIgniter.php(457): CodeIgniter\CodeIgniter->runController(Object(Modules\Penilaian\Controllers\Penilaian))
10 SYSTEMPATH/CodeIgniter.php(340): CodeIgniter\CodeIgniter->handleRequest(null, Object(Config\Cache), false)
11 FCPATH/index.php(67): CodeIgniter\CodeIgniter->run()
12 SYSTEMPATH/Commands/Server/rewrite.php(43): require_once('FCPATH/index.php')
ERROR - 2022-10-07 15:47:52 --> ErrorException: pg_query(): Query failed: ERROR:  structure of query does not match function result type
DETAIL:  Returned type integer does not match expected type text in column 8.
CONTEXT:  SQL statement &quot;SELECT
		settingtes.&quot;setId&quot; as setId,
		settingtes.&quot;setDeskripsi&quot; as setDeskripsi,
		settingtes.&quot;setStartDate&quot; as setStartDate,
		(raw_json-&gt;&gt;'station')::INT as stationId,
		(detail-&gt;&gt;'kompetensi')::INT as kompetensiId,
		kompetensi.&quot;kompetensiNama&quot; as kompetensiNama,
		kompetensi.&quot;kompetensiSingkatan&quot; as kompetensiSingkatan,
		(raw_json-&gt;&gt;'skenario')::INT as skenario,
		(detail-&gt;&gt;'pertanyaan')::TEXT as pertanyaan
	 FROM
		settingtes,
	 LATERAL JSON_ARRAY_ELEMENTS(settingtes.&quot;setPertanyaan&quot;-&gt;'data') raw_json,
	 LATERAL JSON_ARRAY_ELEMENTS(raw_json-&gt;'detail') detail(detail)
	 LEFT JOIN kompetensi on kompetensi.&quot;kompetensiId&quot; = (detail-&gt;&gt;'kompetensi')::INT
	 WHERE settingtes.&quot;setId&quot;=id and (raw_json-&gt;&gt;'station')::INT=station&quot;
PL/pgSQL function function_tampil_skenario(integer,integer) line 3 at RETURN QUERY in /Users/ivan/Codeigniter/osce_v2/vendor/codeigniter4/framework/system/Database/Postgre/Connection.php:140
Stack trace:
#0 [internal function]: CodeIgniter\Debug\Exceptions->errorHandler(2, 'pg_query(): Que...', '/Users/ivan/Cod...', 140, Array)
#1 /Users/ivan/Codeigniter/osce_v2/vendor/codeigniter4/framework/system/Database/Postgre/Connection.php(140): pg_query(Resource id #16, 'SELECT *\nFROM f...')
#2 /Users/ivan/Codeigniter/osce_v2/vendor/codeigniter4/framework/system/Database/BaseConnection.php(693): CodeIgniter\Database\Postgre\Connection->execute('SELECT *\nFROM f...')
#3 /Users/ivan/Codeigniter/osce_v2/vendor/codeigniter4/framework/system/Database/BaseConnection.php(620): CodeIgniter\Database\BaseConnection->simpleQuery('SELECT *\nFROM f...')
#4 /Users/ivan/Codeigniter/osce_v2/vendor/codeigniter4/framework/system/Database/BaseBuilder.php(1585): CodeIgniter\Database\BaseConnection->query('SELECT *\nFROM f...', Array, false)
#5 /Users/ivan/Codeigniter/osce_v2/modules/Penilaian/Models/PenilaianModel.php(13): CodeIgniter\Database\BaseBuilder->get()
#6 /Users/ivan/Codeigniter/osce_v2/modules/Penilaian/Controllers/Penilaian.php(27): Modules\Penilaian\Models\PenilaianModel->getSkenario('8', '1')
#7 /Users/ivan/Codeigniter/osce_v2/vendor/codeigniter4/framework/system/CodeIgniter.php(907): Modules\Penilaian\Controllers\Penilaian->index()
#8 /Users/ivan/Codeigniter/osce_v2/vendor/codeigniter4/framework/system/CodeIgniter.php(457): CodeIgniter\CodeIgniter->runController(Object(Modules\Penilaian\Controllers\Penilaian))
#9 /Users/ivan/Codeigniter/osce_v2/vendor/codeigniter4/framework/system/CodeIgniter.php(340): CodeIgniter\CodeIgniter->handleRequest(NULL, Object(Config\Cache), false)
#10 /Users/ivan/Codeigniter/osce_v2/public/index.php(67): CodeIgniter\CodeIgniter->run()
#11 /Users/ivan/Codeigniter/osce_v2/vendor/codeigniter4/framework/system/Commands/Server/rewrite.php(43): require_once('/Users/ivan/Cod...')
#12 {main}
CRITICAL - 2022-10-07 15:47:52 --> pg_query(): Query failed: ERROR:  structure of query does not match function result type
DETAIL:  Returned type integer does not match expected type text in column 8.
CONTEXT:  SQL statement &quot;SELECT
		settingtes.&quot;setId&quot; as setId,
		settingtes.&quot;setDeskripsi&quot; as setDeskripsi,
		settingtes.&quot;setStartDate&quot; as setStartDate,
		(raw_json-&gt;&gt;'station')::INT as stationId,
		(detail-&gt;&gt;'kompetensi')::INT as kompetensiId,
		kompetensi.&quot;kompetensiNama&quot; as kompetensiNama,
		kompetensi.&quot;kompetensiSingkatan&quot; as kompetensiSingkatan,
		(raw_json-&gt;&gt;'skenario')::INT as skenario,
		(detail-&gt;&gt;'pertanyaan')::TEXT as pertanyaan
	 FROM
		settingtes,
	 LATERAL JSON_ARRAY_ELEMENTS(settingtes.&quot;setPertanyaan&quot;-&gt;'data') raw_json,
	 LATERAL JSON_ARRAY_ELEMENTS(raw_json-&gt;'detail') detail(detail)
	 LEFT JOIN kompetensi on kompetensi.&quot;kompetensiId&quot; = (detail-&gt;&gt;'kompetensi')::INT
	 WHERE settingtes.&quot;setId&quot;=id and (raw_json-&gt;&gt;'station')::INT=station&quot;
PL/pgSQL function function_tampil_skenario(integer,integer) line 3 at RETURN QUERY
in SYSTEMPATH/Database/Postgre/Connection.php on line 140.
 1 [internal function]: CodeIgniter\Debug\Exceptions->errorHandler(2, 'pg_query(): Query failed: ERROR:  structure of query does not match function result type
DETAIL:  Returned type integer does not match expected type text in column 8.
CONTEXT:  SQL statement &quot;SELECT
		settingtes.&quot;setId&quot; as setId,
		settingtes.&quot;setDeskripsi&quot; as setDeskripsi,
		settingtes.&quot;setStartDate&quot; as setStartDate,
		(raw_json-&gt;&gt;\'station\')::INT as stationId,
		(detail-&gt;&gt;\'kompetensi\')::INT as kompetensiId,
		kompetensi.&quot;kompetensiNama&quot; as kompetensiNama,
		kompetensi.&quot;kompetensiSingkatan&quot; as kompetensiSingkatan,
		(raw_json-&gt;&gt;\'skenario\')::INT as skenario,
		(detail-&gt;&gt;\'pertanyaan\')::TEXT as pertanyaan
	 FROM
		settingtes,
	 LATERAL JSON_ARRAY_ELEMENTS(settingtes.&quot;setPertanyaan&quot;-&gt;\'data\') raw_json,
	 LATERAL JSON_ARRAY_ELEMENTS(raw_json-&gt;\'detail\') detail(detail)
	 LEFT JOIN kompetensi on kompetensi.&quot;kompetensiId&quot; = (detail-&gt;&gt;\'kompetensi\')::INT
	 WHERE settingtes.&quot;setId&quot;=id and (raw_json-&gt;&gt;\'station\')::INT=station&quot;
PL/pgSQL function function_tampil_skenario(integer,integer) line 3 at RETURN QUERY', 'SYSTEMPATH/Database/Postgre/Connection.php', 140, [...])
 2 SYSTEMPATH/Database/Postgre/Connection.php(140): pg_query(resource (pgsql link), 'SELECT *
FROM function_tampil_skenario(8, 1)')
 3 SYSTEMPATH/Database/BaseConnection.php(693): CodeIgniter\Database\Postgre\Connection->execute('SELECT *
FROM function_tampil_skenario(8, 1)')
 4 SYSTEMPATH/Database/BaseConnection.php(620): CodeIgniter\Database\BaseConnection->simpleQuery('SELECT *
FROM function_tampil_skenario(8, 1)')
 5 SYSTEMPATH/Database/BaseBuilder.php(1585): CodeIgniter\Database\BaseConnection->query('SELECT *
FROM function_tampil_skenario(8, 1)', [], false)
 6 ROOTPATH/modules/Penilaian/Models/PenilaianModel.php(13): CodeIgniter\Database\BaseBuilder->get()
 7 ROOTPATH/modules/Penilaian/Controllers/Penilaian.php(27): Modules\Penilaian\Models\PenilaianModel->getSkenario('8', '1')
 8 SYSTEMPATH/CodeIgniter.php(907): Modules\Penilaian\Controllers\Penilaian->index()
 9 SYSTEMPATH/CodeIgniter.php(457): CodeIgniter\CodeIgniter->runController(Object(Modules\Penilaian\Controllers\Penilaian))
10 SYSTEMPATH/CodeIgniter.php(340): CodeIgniter\CodeIgniter->handleRequest(null, Object(Config\Cache), false)
11 FCPATH/index.php(67): CodeIgniter\CodeIgniter->run()
12 SYSTEMPATH/Commands/Server/rewrite.php(43): require_once('FCPATH/index.php')
ERROR - 2022-10-07 15:48:12 --> ErrorException: pg_query(): Query failed: ERROR:  structure of query does not match function result type
DETAIL:  Returned type integer does not match expected type text in column 8.
CONTEXT:  SQL statement &quot;SELECT
		settingtes.&quot;setId&quot; as setId,
		settingtes.&quot;setDeskripsi&quot; as setDeskripsi,
		settingtes.&quot;setStartDate&quot; as setStartDate,
		(raw_json-&gt;&gt;'station')::INT as stationId,
		(detail-&gt;&gt;'kompetensi')::INT as kompetensiId,
		kompetensi.&quot;kompetensiNama&quot; as kompetensiNama,
		kompetensi.&quot;kompetensiSingkatan&quot; as kompetensiSingkatan,
		(raw_json-&gt;&gt;'skenario')::INT as skenario,
		(detail-&gt;&gt;'pertanyaan')::TEXT as pertanyaan
	 FROM
		settingtes,
	 LATERAL JSON_ARRAY_ELEMENTS(settingtes.&quot;setPertanyaan&quot;-&gt;'data') raw_json,
	 LATERAL JSON_ARRAY_ELEMENTS(raw_json-&gt;'detail') detail(detail)
	 LEFT JOIN kompetensi on kompetensi.&quot;kompetensiId&quot; = (detail-&gt;&gt;'kompetensi')::INT
	 WHERE settingtes.&quot;setId&quot;=id and (raw_json-&gt;&gt;'station')::INT=station&quot;
PL/pgSQL function function_tampil_skenario(integer,integer) line 3 at RETURN QUERY in /Users/ivan/Codeigniter/osce_v2/vendor/codeigniter4/framework/system/Database/Postgre/Connection.php:140
Stack trace:
#0 [internal function]: CodeIgniter\Debug\Exceptions->errorHandler(2, 'pg_query(): Que...', '/Users/ivan/Cod...', 140, Array)
#1 /Users/ivan/Codeigniter/osce_v2/vendor/codeigniter4/framework/system/Database/Postgre/Connection.php(140): pg_query(Resource id #16, 'SELECT *\nFROM f...')
#2 /Users/ivan/Codeigniter/osce_v2/vendor/codeigniter4/framework/system/Database/BaseConnection.php(693): CodeIgniter\Database\Postgre\Connection->execute('SELECT *\nFROM f...')
#3 /Users/ivan/Codeigniter/osce_v2/vendor/codeigniter4/framework/system/Database/BaseConnection.php(620): CodeIgniter\Database\BaseConnection->simpleQuery('SELECT *\nFROM f...')
#4 /Users/ivan/Codeigniter/osce_v2/vendor/codeigniter4/framework/system/Database/BaseBuilder.php(1585): CodeIgniter\Database\BaseConnection->query('SELECT *\nFROM f...', Array, false)
#5 /Users/ivan/Codeigniter/osce_v2/modules/Penilaian/Models/PenilaianModel.php(13): CodeIgniter\Database\BaseBuilder->get()
#6 /Users/ivan/Codeigniter/osce_v2/modules/Penilaian/Controllers/Penilaian.php(27): Modules\Penilaian\Models\PenilaianModel->getSkenario('8', '1')
#7 /Users/ivan/Codeigniter/osce_v2/vendor/codeigniter4/framework/system/CodeIgniter.php(907): Modules\Penilaian\Controllers\Penilaian->index()
#8 /Users/ivan/Codeigniter/osce_v2/vendor/codeigniter4/framework/system/CodeIgniter.php(457): CodeIgniter\CodeIgniter->runController(Object(Modules\Penilaian\Controllers\Penilaian))
#9 /Users/ivan/Codeigniter/osce_v2/vendor/codeigniter4/framework/system/CodeIgniter.php(340): CodeIgniter\CodeIgniter->handleRequest(NULL, Object(Config\Cache), false)
#10 /Users/ivan/Codeigniter/osce_v2/public/index.php(67): CodeIgniter\CodeIgniter->run()
#11 /Users/ivan/Codeigniter/osce_v2/vendor/codeigniter4/framework/system/Commands/Server/rewrite.php(43): require_once('/Users/ivan/Cod...')
#12 {main}
CRITICAL - 2022-10-07 15:48:12 --> pg_query(): Query failed: ERROR:  structure of query does not match function result type
DETAIL:  Returned type integer does not match expected type text in column 8.
CONTEXT:  SQL statement &quot;SELECT
		settingtes.&quot;setId&quot; as setId,
		settingtes.&quot;setDeskripsi&quot; as setDeskripsi,
		settingtes.&quot;setStartDate&quot; as setStartDate,
		(raw_json-&gt;&gt;'station')::INT as stationId,
		(detail-&gt;&gt;'kompetensi')::INT as kompetensiId,
		kompetensi.&quot;kompetensiNama&quot; as kompetensiNama,
		kompetensi.&quot;kompetensiSingkatan&quot; as kompetensiSingkatan,
		(raw_json-&gt;&gt;'skenario')::INT as skenario,
		(detail-&gt;&gt;'pertanyaan')::TEXT as pertanyaan
	 FROM
		settingtes,
	 LATERAL JSON_ARRAY_ELEMENTS(settingtes.&quot;setPertanyaan&quot;-&gt;'data') raw_json,
	 LATERAL JSON_ARRAY_ELEMENTS(raw_json-&gt;'detail') detail(detail)
	 LEFT JOIN kompetensi on kompetensi.&quot;kompetensiId&quot; = (detail-&gt;&gt;'kompetensi')::INT
	 WHERE settingtes.&quot;setId&quot;=id and (raw_json-&gt;&gt;'station')::INT=station&quot;
PL/pgSQL function function_tampil_skenario(integer,integer) line 3 at RETURN QUERY
in SYSTEMPATH/Database/Postgre/Connection.php on line 140.
 1 [internal function]: CodeIgniter\Debug\Exceptions->errorHandler(2, 'pg_query(): Query failed: ERROR:  structure of query does not match function result type
DETAIL:  Returned type integer does not match expected type text in column 8.
CONTEXT:  SQL statement &quot;SELECT
		settingtes.&quot;setId&quot; as setId,
		settingtes.&quot;setDeskripsi&quot; as setDeskripsi,
		settingtes.&quot;setStartDate&quot; as setStartDate,
		(raw_json-&gt;&gt;\'station\')::INT as stationId,
		(detail-&gt;&gt;\'kompetensi\')::INT as kompetensiId,
		kompetensi.&quot;kompetensiNama&quot; as kompetensiNama,
		kompetensi.&quot;kompetensiSingkatan&quot; as kompetensiSingkatan,
		(raw_json-&gt;&gt;\'skenario\')::INT as skenario,
		(detail-&gt;&gt;\'pertanyaan\')::TEXT as pertanyaan
	 FROM
		settingtes,
	 LATERAL JSON_ARRAY_ELEMENTS(settingtes.&quot;setPertanyaan&quot;-&gt;\'data\') raw_json,
	 LATERAL JSON_ARRAY_ELEMENTS(raw_json-&gt;\'detail\') detail(detail)
	 LEFT JOIN kompetensi on kompetensi.&quot;kompetensiId&quot; = (detail-&gt;&gt;\'kompetensi\')::INT
	 WHERE settingtes.&quot;setId&quot;=id and (raw_json-&gt;&gt;\'station\')::INT=station&quot;
PL/pgSQL function function_tampil_skenario(integer,integer) line 3 at RETURN QUERY', 'SYSTEMPATH/Database/Postgre/Connection.php', 140, [...])
 2 SYSTEMPATH/Database/Postgre/Connection.php(140): pg_query(resource (pgsql link), 'SELECT *
FROM function_tampil_skenario(8, 1)')
 3 SYSTEMPATH/Database/BaseConnection.php(693): CodeIgniter\Database\Postgre\Connection->execute('SELECT *
FROM function_tampil_skenario(8, 1)')
 4 SYSTEMPATH/Database/BaseConnection.php(620): CodeIgniter\Database\BaseConnection->simpleQuery('SELECT *
FROM function_tampil_skenario(8, 1)')
 5 SYSTEMPATH/Database/BaseBuilder.php(1585): CodeIgniter\Database\BaseConnection->query('SELECT *
FROM function_tampil_skenario(8, 1)', [], false)
 6 ROOTPATH/modules/Penilaian/Models/PenilaianModel.php(13): CodeIgniter\Database\BaseBuilder->get()
 7 ROOTPATH/modules/Penilaian/Controllers/Penilaian.php(27): Modules\Penilaian\Models\PenilaianModel->getSkenario('8', '1')
 8 SYSTEMPATH/CodeIgniter.php(907): Modules\Penilaian\Controllers\Penilaian->index()
 9 SYSTEMPATH/CodeIgniter.php(457): CodeIgniter\CodeIgniter->runController(Object(Modules\Penilaian\Controllers\Penilaian))
10 SYSTEMPATH/CodeIgniter.php(340): CodeIgniter\CodeIgniter->handleRequest(null, Object(Config\Cache), false)
11 FCPATH/index.php(67): CodeIgniter\CodeIgniter->run()
12 SYSTEMPATH/Commands/Server/rewrite.php(43): require_once('FCPATH/index.php')
ERROR - 2022-10-07 15:48:20 --> ErrorException: pg_query(): Query failed: ERROR:  structure of query does not match function result type
DETAIL:  Returned type integer does not match expected type text in column 8.
CONTEXT:  SQL statement &quot;SELECT
		settingtes.&quot;setId&quot; as setId,
		settingtes.&quot;setDeskripsi&quot; as setDeskripsi,
		settingtes.&quot;setStartDate&quot; as setStartDate,
		(raw_json-&gt;&gt;'station')::INT as stationId,
		(detail-&gt;&gt;'kompetensi')::INT as kompetensiId,
		kompetensi.&quot;kompetensiNama&quot; as kompetensiNama,
		kompetensi.&quot;kompetensiSingkatan&quot; as kompetensiSingkatan,
		(raw_json-&gt;&gt;'skenario')::INT as skenario,
		(detail-&gt;&gt;'pertanyaan')::TEXT as pertanyaan
	 FROM
		settingtes,
	 LATERAL JSON_ARRAY_ELEMENTS(settingtes.&quot;setPertanyaan&quot;-&gt;'data') raw_json,
	 LATERAL JSON_ARRAY_ELEMENTS(raw_json-&gt;'detail') detail(detail)
	 LEFT JOIN kompetensi on kompetensi.&quot;kompetensiId&quot; = (detail-&gt;&gt;'kompetensi')::INT
	 WHERE settingtes.&quot;setId&quot;=id and (raw_json-&gt;&gt;'station')::INT=station&quot;
PL/pgSQL function function_tampil_skenario(integer,integer) line 3 at RETURN QUERY in /Users/ivan/Codeigniter/osce_v2/vendor/codeigniter4/framework/system/Database/Postgre/Connection.php:140
Stack trace:
#0 [internal function]: CodeIgniter\Debug\Exceptions->errorHandler(2, 'pg_query(): Que...', '/Users/ivan/Cod...', 140, Array)
#1 /Users/ivan/Codeigniter/osce_v2/vendor/codeigniter4/framework/system/Database/Postgre/Connection.php(140): pg_query(Resource id #16, 'SELECT *\nFROM f...')
#2 /Users/ivan/Codeigniter/osce_v2/vendor/codeigniter4/framework/system/Database/BaseConnection.php(693): CodeIgniter\Database\Postgre\Connection->execute('SELECT *\nFROM f...')
#3 /Users/ivan/Codeigniter/osce_v2/vendor/codeigniter4/framework/system/Database/BaseConnection.php(620): CodeIgniter\Database\BaseConnection->simpleQuery('SELECT *\nFROM f...')
#4 /Users/ivan/Codeigniter/osce_v2/vendor/codeigniter4/framework/system/Database/BaseBuilder.php(1585): CodeIgniter\Database\BaseConnection->query('SELECT *\nFROM f...', Array, false)
#5 /Users/ivan/Codeigniter/osce_v2/modules/Penilaian/Models/PenilaianModel.php(13): CodeIgniter\Database\BaseBuilder->get()
#6 /Users/ivan/Codeigniter/osce_v2/modules/Penilaian/Controllers/Penilaian.php(27): Modules\Penilaian\Models\PenilaianModel->getSkenario('8', '1')
#7 /Users/ivan/Codeigniter/osce_v2/vendor/codeigniter4/framework/system/CodeIgniter.php(907): Modules\Penilaian\Controllers\Penilaian->index()
#8 /Users/ivan/Codeigniter/osce_v2/vendor/codeigniter4/framework/system/CodeIgniter.php(457): CodeIgniter\CodeIgniter->runController(Object(Modules\Penilaian\Controllers\Penilaian))
#9 /Users/ivan/Codeigniter/osce_v2/vendor/codeigniter4/framework/system/CodeIgniter.php(340): CodeIgniter\CodeIgniter->handleRequest(NULL, Object(Config\Cache), false)
#10 /Users/ivan/Codeigniter/osce_v2/public/index.php(67): CodeIgniter\CodeIgniter->run()
#11 /Users/ivan/Codeigniter/osce_v2/vendor/codeigniter4/framework/system/Commands/Server/rewrite.php(43): require_once('/Users/ivan/Cod...')
#12 {main}
CRITICAL - 2022-10-07 15:48:20 --> pg_query(): Query failed: ERROR:  structure of query does not match function result type
DETAIL:  Returned type integer does not match expected type text in column 8.
CONTEXT:  SQL statement &quot;SELECT
		settingtes.&quot;setId&quot; as setId,
		settingtes.&quot;setDeskripsi&quot; as setDeskripsi,
		settingtes.&quot;setStartDate&quot; as setStartDate,
		(raw_json-&gt;&gt;'station')::INT as stationId,
		(detail-&gt;&gt;'kompetensi')::INT as kompetensiId,
		kompetensi.&quot;kompetensiNama&quot; as kompetensiNama,
		kompetensi.&quot;kompetensiSingkatan&quot; as kompetensiSingkatan,
		(raw_json-&gt;&gt;'skenario')::INT as skenario,
		(detail-&gt;&gt;'pertanyaan')::TEXT as pertanyaan
	 FROM
		settingtes,
	 LATERAL JSON_ARRAY_ELEMENTS(settingtes.&quot;setPertanyaan&quot;-&gt;'data') raw_json,
	 LATERAL JSON_ARRAY_ELEMENTS(raw_json-&gt;'detail') detail(detail)
	 LEFT JOIN kompetensi on kompetensi.&quot;kompetensiId&quot; = (detail-&gt;&gt;'kompetensi')::INT
	 WHERE settingtes.&quot;setId&quot;=id and (raw_json-&gt;&gt;'station')::INT=station&quot;
PL/pgSQL function function_tampil_skenario(integer,integer) line 3 at RETURN QUERY
in SYSTEMPATH/Database/Postgre/Connection.php on line 140.
 1 [internal function]: CodeIgniter\Debug\Exceptions->errorHandler(2, 'pg_query(): Query failed: ERROR:  structure of query does not match function result type
DETAIL:  Returned type integer does not match expected type text in column 8.
CONTEXT:  SQL statement &quot;SELECT
		settingtes.&quot;setId&quot; as setId,
		settingtes.&quot;setDeskripsi&quot; as setDeskripsi,
		settingtes.&quot;setStartDate&quot; as setStartDate,
		(raw_json-&gt;&gt;\'station\')::INT as stationId,
		(detail-&gt;&gt;\'kompetensi\')::INT as kompetensiId,
		kompetensi.&quot;kompetensiNama&quot; as kompetensiNama,
		kompetensi.&quot;kompetensiSingkatan&quot; as kompetensiSingkatan,
		(raw_json-&gt;&gt;\'skenario\')::INT as skenario,
		(detail-&gt;&gt;\'pertanyaan\')::TEXT as pertanyaan
	 FROM
		settingtes,
	 LATERAL JSON_ARRAY_ELEMENTS(settingtes.&quot;setPertanyaan&quot;-&gt;\'data\') raw_json,
	 LATERAL JSON_ARRAY_ELEMENTS(raw_json-&gt;\'detail\') detail(detail)
	 LEFT JOIN kompetensi on kompetensi.&quot;kompetensiId&quot; = (detail-&gt;&gt;\'kompetensi\')::INT
	 WHERE settingtes.&quot;setId&quot;=id and (raw_json-&gt;&gt;\'station\')::INT=station&quot;
PL/pgSQL function function_tampil_skenario(integer,integer) line 3 at RETURN QUERY', 'SYSTEMPATH/Database/Postgre/Connection.php', 140, [...])
 2 SYSTEMPATH/Database/Postgre/Connection.php(140): pg_query(resource (pgsql link), 'SELECT *
FROM function_tampil_skenario(8, 1)')
 3 SYSTEMPATH/Database/BaseConnection.php(693): CodeIgniter\Database\Postgre\Connection->execute('SELECT *
FROM function_tampil_skenario(8, 1)')
 4 SYSTEMPATH/Database/BaseConnection.php(620): CodeIgniter\Database\BaseConnection->simpleQuery('SELECT *
FROM function_tampil_skenario(8, 1)')
 5 SYSTEMPATH/Database/BaseBuilder.php(1585): CodeIgniter\Database\BaseConnection->query('SELECT *
FROM function_tampil_skenario(8, 1)', [], false)
 6 ROOTPATH/modules/Penilaian/Models/PenilaianModel.php(13): CodeIgniter\Database\BaseBuilder->get()
 7 ROOTPATH/modules/Penilaian/Controllers/Penilaian.php(27): Modules\Penilaian\Models\PenilaianModel->getSkenario('8', '1')
 8 SYSTEMPATH/CodeIgniter.php(907): Modules\Penilaian\Controllers\Penilaian->index()
 9 SYSTEMPATH/CodeIgniter.php(457): CodeIgniter\CodeIgniter->runController(Object(Modules\Penilaian\Controllers\Penilaian))
10 SYSTEMPATH/CodeIgniter.php(340): CodeIgniter\CodeIgniter->handleRequest(null, Object(Config\Cache), false)
11 FCPATH/index.php(67): CodeIgniter\CodeIgniter->run()
12 SYSTEMPATH/Commands/Server/rewrite.php(43): require_once('FCPATH/index.php')
CRITICAL - 2022-10-07 18:21:17 --> Undefined offset: 2
in ROOTPATH/modules/Pertanyaan/Controllers/Pertanyaan.php on line 108.
 1 ROOTPATH/modules/Pertanyaan/Controllers/Pertanyaan.php(108): CodeIgniter\Debug\Exceptions->errorHandler(8, 'Undefined offset: 2', 'ROOTPATH/modules/Pertanyaan/Controllers/Pertanyaan.php', 108, [...])
 2 SYSTEMPATH/CodeIgniter.php(907): Modules\Pertanyaan\Controllers\Pertanyaan->edit('8')
 3 SYSTEMPATH/CodeIgniter.php(457): CodeIgniter\CodeIgniter->runController(Object(Modules\Pertanyaan\Controllers\Pertanyaan))
 4 SYSTEMPATH/CodeIgniter.php(340): CodeIgniter\CodeIgniter->handleRequest(null, Object(Config\Cache), false)
 5 FCPATH/index.php(67): CodeIgniter\CodeIgniter->run()
 6 SYSTEMPATH/Commands/Server/rewrite.php(43): require_once('FCPATH/index.php')
ERROR - 2022-10-07 18:31:41 --> ErrorException: pg_query(): Query failed: ERROR:  structure of query does not match function result type
DETAIL:  Returned type text does not match expected type smallint in column 7.
CONTEXT:  SQL statement &quot;SELECT
		settingtes.&quot;setId&quot; as setId,
		(raw_json-&gt;&gt;'station')::INT as stationId,
		(detail-&gt;&gt;'kompetensi')::INT as kompetensiId,
		kompetensi.&quot;kompetensiNama&quot; as kompetensiNama,
		(raw_json-&gt;&gt;'skenario')::TEXT as skenario,
		(detail-&gt;&gt;'pertanyaan')::TEXT as pertanyaan,
		(detail-&gt;&gt;'bobot')::TEXT as bobot
	 FROM
		settingtes,
	 LATERAL JSON_ARRAY_ELEMENTS(settingtes.&quot;setPertanyaan&quot;-&gt;'data') raw_json,
	 LATERAL JSON_ARRAY_ELEMENTS(raw_json-&gt;'detail') detail(detail)
	 LEFT JOIN kompetensi on kompetensi.&quot;kompetensiId&quot; = (detail-&gt;&gt;'kompetensi')::INT
	 WHERE settingtes.&quot;setId&quot;= idSetting&quot;
PL/pgSQL function function_tampil_pertanyaan(integer) line 3 at RETURN QUERY in /Users/ivan/Codeigniter/osce_v2/vendor/codeigniter4/framework/system/Database/Postgre/Connection.php:140
Stack trace:
#0 [internal function]: CodeIgniter\Debug\Exceptions->errorHandler(2, 'pg_query(): Que...', '/Users/ivan/Cod...', 140, Array)
#1 /Users/ivan/Codeigniter/osce_v2/vendor/codeigniter4/framework/system/Database/Postgre/Connection.php(140): pg_query(Resource id #16, 'SELECT *\nFROM f...')
#2 /Users/ivan/Codeigniter/osce_v2/vendor/codeigniter4/framework/system/Database/BaseConnection.php(693): CodeIgniter\Database\Postgre\Connection->execute('SELECT *\nFROM f...')
#3 /Users/ivan/Codeigniter/osce_v2/vendor/codeigniter4/framework/system/Database/BaseConnection.php(620): CodeIgniter\Database\BaseConnection->simpleQuery('SELECT *\nFROM f...')
#4 /Users/ivan/Codeigniter/osce_v2/vendor/codeigniter4/framework/system/Database/BaseBuilder.php(1585): CodeIgniter\Database\BaseConnection->query('SELECT *\nFROM f...', Array, false)
#5 /Users/ivan/Codeigniter/osce_v2/modules/Pertanyaan/Models/PertanyaanModel.php(32): CodeIgniter\Database\BaseBuilder->get()
#6 /Users/ivan/Codeigniter/osce_v2/modules/Pertanyaan/Controllers/Pertanyaan.php(85): Modules\Pertanyaan\Models\PertanyaanModel->getPertanyaanById('8')
#7 /Users/ivan/Codeigniter/osce_v2/vendor/codeigniter4/framework/system/CodeIgniter.php(907): Modules\Pertanyaan\Controllers\Pertanyaan->getById('8')
#8 /Users/ivan/Codeigniter/osce_v2/vendor/codeigniter4/framework/system/CodeIgniter.php(457): CodeIgniter\CodeIgniter->runController(Object(Modules\Pertanyaan\Controllers\Pertanyaan))
#9 /Users/ivan/Codeigniter/osce_v2/vendor/codeigniter4/framework/system/CodeIgniter.php(340): CodeIgniter\CodeIgniter->handleRequest(NULL, Object(Config\Cache), false)
#10 /Users/ivan/Codeigniter/osce_v2/public/index.php(67): CodeIgniter\CodeIgniter->run()
#11 /Users/ivan/Codeigniter/osce_v2/vendor/codeigniter4/framework/system/Commands/Server/rewrite.php(43): require_once('/Users/ivan/Cod...')
#12 {main}
CRITICAL - 2022-10-07 18:31:41 --> pg_query(): Query failed: ERROR:  structure of query does not match function result type
DETAIL:  Returned type text does not match expected type smallint in column 7.
CONTEXT:  SQL statement &quot;SELECT
		settingtes.&quot;setId&quot; as setId,
		(raw_json-&gt;&gt;'station')::INT as stationId,
		(detail-&gt;&gt;'kompetensi')::INT as kompetensiId,
		kompetensi.&quot;kompetensiNama&quot; as kompetensiNama,
		(raw_json-&gt;&gt;'skenario')::TEXT as skenario,
		(detail-&gt;&gt;'pertanyaan')::TEXT as pertanyaan,
		(detail-&gt;&gt;'bobot')::TEXT as bobot
	 FROM
		settingtes,
	 LATERAL JSON_ARRAY_ELEMENTS(settingtes.&quot;setPertanyaan&quot;-&gt;'data') raw_json,
	 LATERAL JSON_ARRAY_ELEMENTS(raw_json-&gt;'detail') detail(detail)
	 LEFT JOIN kompetensi on kompetensi.&quot;kompetensiId&quot; = (detail-&gt;&gt;'kompetensi')::INT
	 WHERE settingtes.&quot;setId&quot;= idSetting&quot;
PL/pgSQL function function_tampil_pertanyaan(integer) line 3 at RETURN QUERY
in SYSTEMPATH/Database/Postgre/Connection.php on line 140.
 1 [internal function]: CodeIgniter\Debug\Exceptions->errorHandler(2, 'pg_query(): Query failed: ERROR:  structure of query does not match function result type
DETAIL:  Returned type text does not match expected type smallint in column 7.
CONTEXT:  SQL statement &quot;SELECT
		settingtes.&quot;setId&quot; as setId,
		(raw_json-&gt;&gt;\'station\')::INT as stationId,
		(detail-&gt;&gt;\'kompetensi\')::INT as kompetensiId,
		kompetensi.&quot;kompetensiNama&quot; as kompetensiNama,
		(raw_json-&gt;&gt;\'skenario\')::TEXT as skenario,
		(detail-&gt;&gt;\'pertanyaan\')::TEXT as pertanyaan,
		(detail-&gt;&gt;\'bobot\')::TEXT as bobot
	 FROM
		settingtes,
	 LATERAL JSON_ARRAY_ELEMENTS(settingtes.&quot;setPertanyaan&quot;-&gt;\'data\') raw_json,
	 LATERAL JSON_ARRAY_ELEMENTS(raw_json-&gt;\'detail\') detail(detail)
	 LEFT JOIN kompetensi on kompetensi.&quot;kompetensiId&quot; = (detail-&gt;&gt;\'kompetensi\')::INT
	 WHERE settingtes.&quot;setId&quot;= idSetting&quot;
PL/pgSQL function function_tampil_pertanyaan(integer) line 3 at RETURN QUERY', 'SYSTEMPATH/Database/Postgre/Connection.php', 140, [...])
 2 SYSTEMPATH/Database/Postgre/Connection.php(140): pg_query(resource (pgsql link), 'SELECT *
FROM function_tampil_pertanyaan(\'8\')')
 3 SYSTEMPATH/Database/BaseConnection.php(693): CodeIgniter\Database\Postgre\Connection->execute('SELECT *
FROM function_tampil_pertanyaan(\'8\')')
 4 SYSTEMPATH/Database/BaseConnection.php(620): CodeIgniter\Database\BaseConnection->simpleQuery('SELECT *
FROM function_tampil_pertanyaan(\'8\')')
 5 SYSTEMPATH/Database/BaseBuilder.php(1585): CodeIgniter\Database\BaseConnection->query('SELECT *
FROM function_tampil_pertanyaan(\'8\')', [], false)
 6 ROOTPATH/modules/Pertanyaan/Models/PertanyaanModel.php(32): CodeIgniter\Database\BaseBuilder->get()
 7 ROOTPATH/modules/Pertanyaan/Controllers/Pertanyaan.php(85): Modules\Pertanyaan\Models\PertanyaanModel->getPertanyaanById('8')
 8 SYSTEMPATH/CodeIgniter.php(907): Modules\Pertanyaan\Controllers\Pertanyaan->getById('8')
 9 SYSTEMPATH/CodeIgniter.php(457): CodeIgniter\CodeIgniter->runController(Object(Modules\Pertanyaan\Controllers\Pertanyaan))
10 SYSTEMPATH/CodeIgniter.php(340): CodeIgniter\CodeIgniter->handleRequest(null, Object(Config\Cache), false)
11 FCPATH/index.php(67): CodeIgniter\CodeIgniter->run()
12 SYSTEMPATH/Commands/Server/rewrite.php(43): require_once('FCPATH/index.php')
CRITICAL - 2022-10-07 18:31:41 --> Uncaught CodeIgniter\Format\Exceptions\FormatException: Failed to parse json string, error: "Type is not supported". in /Users/ivan/Codeigniter/osce_v2/vendor/codeigniter4/framework/system/Format/JSONFormatter.php:41
Stack trace:
#0 /Users/ivan/Codeigniter/osce_v2/vendor/codeigniter4/framework/system/Format/JSONFormatter.php(41): CodeIgniter\Format\Exceptions\FormatException::forInvalidJSON('Type is not sup...')
#1 /Users/ivan/Codeigniter/osce_v2/vendor/codeigniter4/framework/system/API/ResponseTrait.php(348): CodeIgniter\Format\JSONFormatter->format(Array)
#2 /Users/ivan/Codeigniter/osce_v2/vendor/codeigniter4/framework/system/API/ResponseTrait.php(99): CodeIgniter\Debug\Exceptions->format(Array)
#3 /Users/ivan/Codeigniter/osce_v2/vendor/codeigniter4/framework/system/Debug/Exceptions.php(132): CodeIgniter\Debug\Exceptions->respond(Array, 500)
#4 [internal function]: CodeIgniter\Debug\Exceptions->exceptionHandler(Object(ErrorException))
#5 {main}
  thrown
in SYSTEMPATH/Format/JSONFormatter.php on line 41.
 1 [internal function]: CodeIgniter\Debug\Exceptions->shutdownHandler()
ERROR - 2022-10-07 18:31:57 --> ErrorException: pg_query(): Query failed: ERROR:  structure of query does not match function result type
DETAIL:  Returned type integer does not match expected type smallint in column 7.
CONTEXT:  SQL statement &quot;SELECT
		settingtes.&quot;setId&quot; as setId,
		(raw_json-&gt;&gt;'station')::INT as stationId,
		(detail-&gt;&gt;'kompetensi')::INT as kompetensiId,
		kompetensi.&quot;kompetensiNama&quot; as kompetensiNama,
		(raw_json-&gt;&gt;'skenario')::TEXT as skenario,
		(detail-&gt;&gt;'pertanyaan')::TEXT as pertanyaan,
		(detail-&gt;&gt;'bobot')::int as bobot
	 FROM
		settingtes,
	 LATERAL JSON_ARRAY_ELEMENTS(settingtes.&quot;setPertanyaan&quot;-&gt;'data') raw_json,
	 LATERAL JSON_ARRAY_ELEMENTS(raw_json-&gt;'detail') detail(detail)
	 LEFT JOIN kompetensi on kompetensi.&quot;kompetensiId&quot; = (detail-&gt;&gt;'kompetensi')::INT
	 WHERE settingtes.&quot;setId&quot;= idSetting&quot;
PL/pgSQL function function_tampil_pertanyaan(integer) line 3 at RETURN QUERY in /Users/ivan/Codeigniter/osce_v2/vendor/codeigniter4/framework/system/Database/Postgre/Connection.php:140
Stack trace:
#0 [internal function]: CodeIgniter\Debug\Exceptions->errorHandler(2, 'pg_query(): Que...', '/Users/ivan/Cod...', 140, Array)
#1 /Users/ivan/Codeigniter/osce_v2/vendor/codeigniter4/framework/system/Database/Postgre/Connection.php(140): pg_query(Resource id #16, 'SELECT *\nFROM f...')
#2 /Users/ivan/Codeigniter/osce_v2/vendor/codeigniter4/framework/system/Database/BaseConnection.php(693): CodeIgniter\Database\Postgre\Connection->execute('SELECT *\nFROM f...')
#3 /Users/ivan/Codeigniter/osce_v2/vendor/codeigniter4/framework/system/Database/BaseConnection.php(620): CodeIgniter\Database\BaseConnection->simpleQuery('SELECT *\nFROM f...')
#4 /Users/ivan/Codeigniter/osce_v2/vendor/codeigniter4/framework/system/Database/BaseBuilder.php(1585): CodeIgniter\Database\BaseConnection->query('SELECT *\nFROM f...', Array, false)
#5 /Users/ivan/Codeigniter/osce_v2/modules/Pertanyaan/Models/PertanyaanModel.php(32): CodeIgniter\Database\BaseBuilder->get()
#6 /Users/ivan/Codeigniter/osce_v2/modules/Pertanyaan/Controllers/Pertanyaan.php(85): Modules\Pertanyaan\Models\PertanyaanModel->getPertanyaanById('8')
#7 /Users/ivan/Codeigniter/osce_v2/vendor/codeigniter4/framework/system/CodeIgniter.php(907): Modules\Pertanyaan\Controllers\Pertanyaan->getById('8')
#8 /Users/ivan/Codeigniter/osce_v2/vendor/codeigniter4/framework/system/CodeIgniter.php(457): CodeIgniter\CodeIgniter->runController(Object(Modules\Pertanyaan\Controllers\Pertanyaan))
#9 /Users/ivan/Codeigniter/osce_v2/vendor/codeigniter4/framework/system/CodeIgniter.php(340): CodeIgniter\CodeIgniter->handleRequest(NULL, Object(Config\Cache), false)
#10 /Users/ivan/Codeigniter/osce_v2/public/index.php(67): CodeIgniter\CodeIgniter->run()
#11 /Users/ivan/Codeigniter/osce_v2/vendor/codeigniter4/framework/system/Commands/Server/rewrite.php(43): require_once('/Users/ivan/Cod...')
#12 {main}
CRITICAL - 2022-10-07 18:31:57 --> pg_query(): Query failed: ERROR:  structure of query does not match function result type
DETAIL:  Returned type integer does not match expected type smallint in column 7.
CONTEXT:  SQL statement &quot;SELECT
		settingtes.&quot;setId&quot; as setId,
		(raw_json-&gt;&gt;'station')::INT as stationId,
		(detail-&gt;&gt;'kompetensi')::INT as kompetensiId,
		kompetensi.&quot;kompetensiNama&quot; as kompetensiNama,
		(raw_json-&gt;&gt;'skenario')::TEXT as skenario,
		(detail-&gt;&gt;'pertanyaan')::TEXT as pertanyaan,
		(detail-&gt;&gt;'bobot')::int as bobot
	 FROM
		settingtes,
	 LATERAL JSON_ARRAY_ELEMENTS(settingtes.&quot;setPertanyaan&quot;-&gt;'data') raw_json,
	 LATERAL JSON_ARRAY_ELEMENTS(raw_json-&gt;'detail') detail(detail)
	 LEFT JOIN kompetensi on kompetensi.&quot;kompetensiId&quot; = (detail-&gt;&gt;'kompetensi')::INT
	 WHERE settingtes.&quot;setId&quot;= idSetting&quot;
PL/pgSQL function function_tampil_pertanyaan(integer) line 3 at RETURN QUERY
in SYSTEMPATH/Database/Postgre/Connection.php on line 140.
 1 [internal function]: CodeIgniter\Debug\Exceptions->errorHandler(2, 'pg_query(): Query failed: ERROR:  structure of query does not match function result type
DETAIL:  Returned type integer does not match expected type smallint in column 7.
CONTEXT:  SQL statement &quot;SELECT
		settingtes.&quot;setId&quot; as setId,
		(raw_json-&gt;&gt;\'station\')::INT as stationId,
		(detail-&gt;&gt;\'kompetensi\')::INT as kompetensiId,
		kompetensi.&quot;kompetensiNama&quot; as kompetensiNama,
		(raw_json-&gt;&gt;\'skenario\')::TEXT as skenario,
		(detail-&gt;&gt;\'pertanyaan\')::TEXT as pertanyaan,
		(detail-&gt;&gt;\'bobot\')::int as bobot
	 FROM
		settingtes,
	 LATERAL JSON_ARRAY_ELEMENTS(settingtes.&quot;setPertanyaan&quot;-&gt;\'data\') raw_json,
	 LATERAL JSON_ARRAY_ELEMENTS(raw_json-&gt;\'detail\') detail(detail)
	 LEFT JOIN kompetensi on kompetensi.&quot;kompetensiId&quot; = (detail-&gt;&gt;\'kompetensi\')::INT
	 WHERE settingtes.&quot;setId&quot;= idSetting&quot;
PL/pgSQL function function_tampil_pertanyaan(integer) line 3 at RETURN QUERY', 'SYSTEMPATH/Database/Postgre/Connection.php', 140, [...])
 2 SYSTEMPATH/Database/Postgre/Connection.php(140): pg_query(resource (pgsql link), 'SELECT *
FROM function_tampil_pertanyaan(\'8\')')
 3 SYSTEMPATH/Database/BaseConnection.php(693): CodeIgniter\Database\Postgre\Connection->execute('SELECT *
FROM function_tampil_pertanyaan(\'8\')')
 4 SYSTEMPATH/Database/BaseConnection.php(620): CodeIgniter\Database\BaseConnection->simpleQuery('SELECT *
FROM function_tampil_pertanyaan(\'8\')')
 5 SYSTEMPATH/Database/BaseBuilder.php(1585): CodeIgniter\Database\BaseConnection->query('SELECT *
FROM function_tampil_pertanyaan(\'8\')', [], false)
 6 ROOTPATH/modules/Pertanyaan/Models/PertanyaanModel.php(32): CodeIgniter\Database\BaseBuilder->get()
 7 ROOTPATH/modules/Pertanyaan/Controllers/Pertanyaan.php(85): Modules\Pertanyaan\Models\PertanyaanModel->getPertanyaanById('8')
 8 SYSTEMPATH/CodeIgniter.php(907): Modules\Pertanyaan\Controllers\Pertanyaan->getById('8')
 9 SYSTEMPATH/CodeIgniter.php(457): CodeIgniter\CodeIgniter->runController(Object(Modules\Pertanyaan\Controllers\Pertanyaan))
10 SYSTEMPATH/CodeIgniter.php(340): CodeIgniter\CodeIgniter->handleRequest(null, Object(Config\Cache), false)
11 FCPATH/index.php(67): CodeIgniter\CodeIgniter->run()
12 SYSTEMPATH/Commands/Server/rewrite.php(43): require_once('FCPATH/index.php')
CRITICAL - 2022-10-07 18:31:57 --> Uncaught CodeIgniter\Format\Exceptions\FormatException: Failed to parse json string, error: "Type is not supported". in /Users/ivan/Codeigniter/osce_v2/vendor/codeigniter4/framework/system/Format/JSONFormatter.php:41
Stack trace:
#0 /Users/ivan/Codeigniter/osce_v2/vendor/codeigniter4/framework/system/Format/JSONFormatter.php(41): CodeIgniter\Format\Exceptions\FormatException::forInvalidJSON('Type is not sup...')
#1 /Users/ivan/Codeigniter/osce_v2/vendor/codeigniter4/framework/system/API/ResponseTrait.php(348): CodeIgniter\Format\JSONFormatter->format(Array)
#2 /Users/ivan/Codeigniter/osce_v2/vendor/codeigniter4/framework/system/API/ResponseTrait.php(99): CodeIgniter\Debug\Exceptions->format(Array)
#3 /Users/ivan/Codeigniter/osce_v2/vendor/codeigniter4/framework/system/Debug/Exceptions.php(132): CodeIgniter\Debug\Exceptions->respond(Array, 500)
#4 [internal function]: CodeIgniter\Debug\Exceptions->exceptionHandler(Object(ErrorException))
#5 {main}
  thrown
in SYSTEMPATH/Format/JSONFormatter.php on line 41.
 1 [internal function]: CodeIgniter\Debug\Exceptions->shutdownHandler()
ERROR - 2022-10-07 18:32:00 --> ErrorException: pg_query(): Query failed: ERROR:  structure of query does not match function result type
DETAIL:  Returned type integer does not match expected type smallint in column 7.
CONTEXT:  SQL statement &quot;SELECT
		settingtes.&quot;setId&quot; as setId,
		(raw_json-&gt;&gt;'station')::INT as stationId,
		(detail-&gt;&gt;'kompetensi')::INT as kompetensiId,
		kompetensi.&quot;kompetensiNama&quot; as kompetensiNama,
		(raw_json-&gt;&gt;'skenario')::TEXT as skenario,
		(detail-&gt;&gt;'pertanyaan')::TEXT as pertanyaan,
		(detail-&gt;&gt;'bobot')::int as bobot
	 FROM
		settingtes,
	 LATERAL JSON_ARRAY_ELEMENTS(settingtes.&quot;setPertanyaan&quot;-&gt;'data') raw_json,
	 LATERAL JSON_ARRAY_ELEMENTS(raw_json-&gt;'detail') detail(detail)
	 LEFT JOIN kompetensi on kompetensi.&quot;kompetensiId&quot; = (detail-&gt;&gt;'kompetensi')::INT
	 WHERE settingtes.&quot;setId&quot;= idSetting&quot;
PL/pgSQL function function_tampil_pertanyaan(integer) line 3 at RETURN QUERY in /Users/ivan/Codeigniter/osce_v2/vendor/codeigniter4/framework/system/Database/Postgre/Connection.php:140
Stack trace:
#0 [internal function]: CodeIgniter\Debug\Exceptions->errorHandler(2, 'pg_query(): Que...', '/Users/ivan/Cod...', 140, Array)
#1 /Users/ivan/Codeigniter/osce_v2/vendor/codeigniter4/framework/system/Database/Postgre/Connection.php(140): pg_query(Resource id #16, 'SELECT *\nFROM f...')
#2 /Users/ivan/Codeigniter/osce_v2/vendor/codeigniter4/framework/system/Database/BaseConnection.php(693): CodeIgniter\Database\Postgre\Connection->execute('SELECT *\nFROM f...')
#3 /Users/ivan/Codeigniter/osce_v2/vendor/codeigniter4/framework/system/Database/BaseConnection.php(620): CodeIgniter\Database\BaseConnection->simpleQuery('SELECT *\nFROM f...')
#4 /Users/ivan/Codeigniter/osce_v2/vendor/codeigniter4/framework/system/Database/BaseBuilder.php(1585): CodeIgniter\Database\BaseConnection->query('SELECT *\nFROM f...', Array, false)
#5 /Users/ivan/Codeigniter/osce_v2/modules/Pertanyaan/Models/PertanyaanModel.php(32): CodeIgniter\Database\BaseBuilder->get()
#6 /Users/ivan/Codeigniter/osce_v2/modules/Pertanyaan/Controllers/Pertanyaan.php(85): Modules\Pertanyaan\Models\PertanyaanModel->getPertanyaanById('8')
#7 /Users/ivan/Codeigniter/osce_v2/vendor/codeigniter4/framework/system/CodeIgniter.php(907): Modules\Pertanyaan\Controllers\Pertanyaan->getById('8')
#8 /Users/ivan/Codeigniter/osce_v2/vendor/codeigniter4/framework/system/CodeIgniter.php(457): CodeIgniter\CodeIgniter->runController(Object(Modules\Pertanyaan\Controllers\Pertanyaan))
#9 /Users/ivan/Codeigniter/osce_v2/vendor/codeigniter4/framework/system/CodeIgniter.php(340): CodeIgniter\CodeIgniter->handleRequest(NULL, Object(Config\Cache), false)
#10 /Users/ivan/Codeigniter/osce_v2/public/index.php(67): CodeIgniter\CodeIgniter->run()
#11 /Users/ivan/Codeigniter/osce_v2/vendor/codeigniter4/framework/system/Commands/Server/rewrite.php(43): require_once('/Users/ivan/Cod...')
#12 {main}
CRITICAL - 2022-10-07 18:32:00 --> pg_query(): Query failed: ERROR:  structure of query does not match function result type
DETAIL:  Returned type integer does not match expected type smallint in column 7.
CONTEXT:  SQL statement &quot;SELECT
		settingtes.&quot;setId&quot; as setId,
		(raw_json-&gt;&gt;'station')::INT as stationId,
		(detail-&gt;&gt;'kompetensi')::INT as kompetensiId,
		kompetensi.&quot;kompetensiNama&quot; as kompetensiNama,
		(raw_json-&gt;&gt;'skenario')::TEXT as skenario,
		(detail-&gt;&gt;'pertanyaan')::TEXT as pertanyaan,
		(detail-&gt;&gt;'bobot')::int as bobot
	 FROM
		settingtes,
	 LATERAL JSON_ARRAY_ELEMENTS(settingtes.&quot;setPertanyaan&quot;-&gt;'data') raw_json,
	 LATERAL JSON_ARRAY_ELEMENTS(raw_json-&gt;'detail') detail(detail)
	 LEFT JOIN kompetensi on kompetensi.&quot;kompetensiId&quot; = (detail-&gt;&gt;'kompetensi')::INT
	 WHERE settingtes.&quot;setId&quot;= idSetting&quot;
PL/pgSQL function function_tampil_pertanyaan(integer) line 3 at RETURN QUERY
in SYSTEMPATH/Database/Postgre/Connection.php on line 140.
 1 [internal function]: CodeIgniter\Debug\Exceptions->errorHandler(2, 'pg_query(): Query failed: ERROR:  structure of query does not match function result type
DETAIL:  Returned type integer does not match expected type smallint in column 7.
CONTEXT:  SQL statement &quot;SELECT
		settingtes.&quot;setId&quot; as setId,
		(raw_json-&gt;&gt;\'station\')::INT as stationId,
		(detail-&gt;&gt;\'kompetensi\')::INT as kompetensiId,
		kompetensi.&quot;kompetensiNama&quot; as kompetensiNama,
		(raw_json-&gt;&gt;\'skenario\')::TEXT as skenario,
		(detail-&gt;&gt;\'pertanyaan\')::TEXT as pertanyaan,
		(detail-&gt;&gt;\'bobot\')::int as bobot
	 FROM
		settingtes,
	 LATERAL JSON_ARRAY_ELEMENTS(settingtes.&quot;setPertanyaan&quot;-&gt;\'data\') raw_json,
	 LATERAL JSON_ARRAY_ELEMENTS(raw_json-&gt;\'detail\') detail(detail)
	 LEFT JOIN kompetensi on kompetensi.&quot;kompetensiId&quot; = (detail-&gt;&gt;\'kompetensi\')::INT
	 WHERE settingtes.&quot;setId&quot;= idSetting&quot;
PL/pgSQL function function_tampil_pertanyaan(integer) line 3 at RETURN QUERY', 'SYSTEMPATH/Database/Postgre/Connection.php', 140, [...])
 2 SYSTEMPATH/Database/Postgre/Connection.php(140): pg_query(resource (pgsql link), 'SELECT *
FROM function_tampil_pertanyaan(\'8\')')
 3 SYSTEMPATH/Database/BaseConnection.php(693): CodeIgniter\Database\Postgre\Connection->execute('SELECT *
FROM function_tampil_pertanyaan(\'8\')')
 4 SYSTEMPATH/Database/BaseConnection.php(620): CodeIgniter\Database\BaseConnection->simpleQuery('SELECT *
FROM function_tampil_pertanyaan(\'8\')')
 5 SYSTEMPATH/Database/BaseBuilder.php(1585): CodeIgniter\Database\BaseConnection->query('SELECT *
FROM function_tampil_pertanyaan(\'8\')', [], false)
 6 ROOTPATH/modules/Pertanyaan/Models/PertanyaanModel.php(32): CodeIgniter\Database\BaseBuilder->get()
 7 ROOTPATH/modules/Pertanyaan/Controllers/Pertanyaan.php(85): Modules\Pertanyaan\Models\PertanyaanModel->getPertanyaanById('8')
 8 SYSTEMPATH/CodeIgniter.php(907): Modules\Pertanyaan\Controllers\Pertanyaan->getById('8')
 9 SYSTEMPATH/CodeIgniter.php(457): CodeIgniter\CodeIgniter->runController(Object(Modules\Pertanyaan\Controllers\Pertanyaan))
10 SYSTEMPATH/CodeIgniter.php(340): CodeIgniter\CodeIgniter->handleRequest(null, Object(Config\Cache), false)
11 FCPATH/index.php(67): CodeIgniter\CodeIgniter->run()
12 SYSTEMPATH/Commands/Server/rewrite.php(43): require_once('FCPATH/index.php')
CRITICAL - 2022-10-07 18:32:00 --> Uncaught CodeIgniter\Format\Exceptions\FormatException: Failed to parse json string, error: "Type is not supported". in /Users/ivan/Codeigniter/osce_v2/vendor/codeigniter4/framework/system/Format/JSONFormatter.php:41
Stack trace:
#0 /Users/ivan/Codeigniter/osce_v2/vendor/codeigniter4/framework/system/Format/JSONFormatter.php(41): CodeIgniter\Format\Exceptions\FormatException::forInvalidJSON('Type is not sup...')
#1 /Users/ivan/Codeigniter/osce_v2/vendor/codeigniter4/framework/system/API/ResponseTrait.php(348): CodeIgniter\Format\JSONFormatter->format(Array)
#2 /Users/ivan/Codeigniter/osce_v2/vendor/codeigniter4/framework/system/API/ResponseTrait.php(99): CodeIgniter\Debug\Exceptions->format(Array)
#3 /Users/ivan/Codeigniter/osce_v2/vendor/codeigniter4/framework/system/Debug/Exceptions.php(132): CodeIgniter\Debug\Exceptions->respond(Array, 500)
#4 [internal function]: CodeIgniter\Debug\Exceptions->exceptionHandler(Object(ErrorException))
#5 {main}
  thrown
in SYSTEMPATH/Format/JSONFormatter.php on line 41.
 1 [internal function]: CodeIgniter\Debug\Exceptions->shutdownHandler()
ERROR - 2022-10-07 18:32:20 --> ErrorException: pg_query(): Query failed: ERROR:  structure of query does not match function result type
DETAIL:  Returned type integer does not match expected type smallint in column 7.
CONTEXT:  SQL statement &quot;SELECT
		settingtes.&quot;setId&quot; as setId,
		(raw_json-&gt;&gt;'station')::INT as stationId,
		(detail-&gt;&gt;'kompetensi')::INT as kompetensiId,
		kompetensi.&quot;kompetensiNama&quot; as kompetensiNama,
		(raw_json-&gt;&gt;'skenario')::TEXT as skenario,
		(detail-&gt;&gt;'pertanyaan')::TEXT as pertanyaan,
		(detail-&gt;&gt;'bobot')::int as bobot
	 FROM
		settingtes,
	 LATERAL JSON_ARRAY_ELEMENTS(settingtes.&quot;setPertanyaan&quot;-&gt;'data') raw_json,
	 LATERAL JSON_ARRAY_ELEMENTS(raw_json-&gt;'detail') detail(detail)
	 LEFT JOIN kompetensi on kompetensi.&quot;kompetensiId&quot; = (detail-&gt;&gt;'kompetensi')::INT
	 WHERE settingtes.&quot;setId&quot;= idSetting&quot;
PL/pgSQL function function_tampil_pertanyaan(integer) line 3 at RETURN QUERY in /Users/ivan/Codeigniter/osce_v2/vendor/codeigniter4/framework/system/Database/Postgre/Connection.php:140
Stack trace:
#0 [internal function]: CodeIgniter\Debug\Exceptions->errorHandler(2, 'pg_query(): Que...', '/Users/ivan/Cod...', 140, Array)
#1 /Users/ivan/Codeigniter/osce_v2/vendor/codeigniter4/framework/system/Database/Postgre/Connection.php(140): pg_query(Resource id #16, 'SELECT *\nFROM f...')
#2 /Users/ivan/Codeigniter/osce_v2/vendor/codeigniter4/framework/system/Database/BaseConnection.php(693): CodeIgniter\Database\Postgre\Connection->execute('SELECT *\nFROM f...')
#3 /Users/ivan/Codeigniter/osce_v2/vendor/codeigniter4/framework/system/Database/BaseConnection.php(620): CodeIgniter\Database\BaseConnection->simpleQuery('SELECT *\nFROM f...')
#4 /Users/ivan/Codeigniter/osce_v2/vendor/codeigniter4/framework/system/Database/BaseBuilder.php(1585): CodeIgniter\Database\BaseConnection->query('SELECT *\nFROM f...', Array, false)
#5 /Users/ivan/Codeigniter/osce_v2/modules/Pertanyaan/Models/PertanyaanModel.php(32): CodeIgniter\Database\BaseBuilder->get()
#6 /Users/ivan/Codeigniter/osce_v2/modules/Pertanyaan/Controllers/Pertanyaan.php(85): Modules\Pertanyaan\Models\PertanyaanModel->getPertanyaanById('8')
#7 /Users/ivan/Codeigniter/osce_v2/vendor/codeigniter4/framework/system/CodeIgniter.php(907): Modules\Pertanyaan\Controllers\Pertanyaan->getById('8')
#8 /Users/ivan/Codeigniter/osce_v2/vendor/codeigniter4/framework/system/CodeIgniter.php(457): CodeIgniter\CodeIgniter->runController(Object(Modules\Pertanyaan\Controllers\Pertanyaan))
#9 /Users/ivan/Codeigniter/osce_v2/vendor/codeigniter4/framework/system/CodeIgniter.php(340): CodeIgniter\CodeIgniter->handleRequest(NULL, Object(Config\Cache), false)
#10 /Users/ivan/Codeigniter/osce_v2/public/index.php(67): CodeIgniter\CodeIgniter->run()
#11 /Users/ivan/Codeigniter/osce_v2/vendor/codeigniter4/framework/system/Commands/Server/rewrite.php(43): require_once('/Users/ivan/Cod...')
#12 {main}
CRITICAL - 2022-10-07 18:32:20 --> pg_query(): Query failed: ERROR:  structure of query does not match function result type
DETAIL:  Returned type integer does not match expected type smallint in column 7.
CONTEXT:  SQL statement &quot;SELECT
		settingtes.&quot;setId&quot; as setId,
		(raw_json-&gt;&gt;'station')::INT as stationId,
		(detail-&gt;&gt;'kompetensi')::INT as kompetensiId,
		kompetensi.&quot;kompetensiNama&quot; as kompetensiNama,
		(raw_json-&gt;&gt;'skenario')::TEXT as skenario,
		(detail-&gt;&gt;'pertanyaan')::TEXT as pertanyaan,
		(detail-&gt;&gt;'bobot')::int as bobot
	 FROM
		settingtes,
	 LATERAL JSON_ARRAY_ELEMENTS(settingtes.&quot;setPertanyaan&quot;-&gt;'data') raw_json,
	 LATERAL JSON_ARRAY_ELEMENTS(raw_json-&gt;'detail') detail(detail)
	 LEFT JOIN kompetensi on kompetensi.&quot;kompetensiId&quot; = (detail-&gt;&gt;'kompetensi')::INT
	 WHERE settingtes.&quot;setId&quot;= idSetting&quot;
PL/pgSQL function function_tampil_pertanyaan(integer) line 3 at RETURN QUERY
in SYSTEMPATH/Database/Postgre/Connection.php on line 140.
 1 [internal function]: CodeIgniter\Debug\Exceptions->errorHandler(2, 'pg_query(): Query failed: ERROR:  structure of query does not match function result type
DETAIL:  Returned type integer does not match expected type smallint in column 7.
CONTEXT:  SQL statement &quot;SELECT
		settingtes.&quot;setId&quot; as setId,
		(raw_json-&gt;&gt;\'station\')::INT as stationId,
		(detail-&gt;&gt;\'kompetensi\')::INT as kompetensiId,
		kompetensi.&quot;kompetensiNama&quot; as kompetensiNama,
		(raw_json-&gt;&gt;\'skenario\')::TEXT as skenario,
		(detail-&gt;&gt;\'pertanyaan\')::TEXT as pertanyaan,
		(detail-&gt;&gt;\'bobot\')::int as bobot
	 FROM
		settingtes,
	 LATERAL JSON_ARRAY_ELEMENTS(settingtes.&quot;setPertanyaan&quot;-&gt;\'data\') raw_json,
	 LATERAL JSON_ARRAY_ELEMENTS(raw_json-&gt;\'detail\') detail(detail)
	 LEFT JOIN kompetensi on kompetensi.&quot;kompetensiId&quot; = (detail-&gt;&gt;\'kompetensi\')::INT
	 WHERE settingtes.&quot;setId&quot;= idSetting&quot;
PL/pgSQL function function_tampil_pertanyaan(integer) line 3 at RETURN QUERY', 'SYSTEMPATH/Database/Postgre/Connection.php', 140, [...])
 2 SYSTEMPATH/Database/Postgre/Connection.php(140): pg_query(resource (pgsql link), 'SELECT *
FROM function_tampil_pertanyaan(\'8\')')
 3 SYSTEMPATH/Database/BaseConnection.php(693): CodeIgniter\Database\Postgre\Connection->execute('SELECT *
FROM function_tampil_pertanyaan(\'8\')')
 4 SYSTEMPATH/Database/BaseConnection.php(620): CodeIgniter\Database\BaseConnection->simpleQuery('SELECT *
FROM function_tampil_pertanyaan(\'8\')')
 5 SYSTEMPATH/Database/BaseBuilder.php(1585): CodeIgniter\Database\BaseConnection->query('SELECT *
FROM function_tampil_pertanyaan(\'8\')', [], false)
 6 ROOTPATH/modules/Pertanyaan/Models/PertanyaanModel.php(32): CodeIgniter\Database\BaseBuilder->get()
 7 ROOTPATH/modules/Pertanyaan/Controllers/Pertanyaan.php(85): Modules\Pertanyaan\Models\PertanyaanModel->getPertanyaanById('8')
 8 SYSTEMPATH/CodeIgniter.php(907): Modules\Pertanyaan\Controllers\Pertanyaan->getById('8')
 9 SYSTEMPATH/CodeIgniter.php(457): CodeIgniter\CodeIgniter->runController(Object(Modules\Pertanyaan\Controllers\Pertanyaan))
10 SYSTEMPATH/CodeIgniter.php(340): CodeIgniter\CodeIgniter->handleRequest(null, Object(Config\Cache), false)
11 FCPATH/index.php(67): CodeIgniter\CodeIgniter->run()
12 SYSTEMPATH/Commands/Server/rewrite.php(43): require_once('FCPATH/index.php')
CRITICAL - 2022-10-07 18:32:20 --> Uncaught CodeIgniter\Format\Exceptions\FormatException: Failed to parse json string, error: "Type is not supported". in /Users/ivan/Codeigniter/osce_v2/vendor/codeigniter4/framework/system/Format/JSONFormatter.php:41
Stack trace:
#0 /Users/ivan/Codeigniter/osce_v2/vendor/codeigniter4/framework/system/Format/JSONFormatter.php(41): CodeIgniter\Format\Exceptions\FormatException::forInvalidJSON('Type is not sup...')
#1 /Users/ivan/Codeigniter/osce_v2/vendor/codeigniter4/framework/system/API/ResponseTrait.php(348): CodeIgniter\Format\JSONFormatter->format(Array)
#2 /Users/ivan/Codeigniter/osce_v2/vendor/codeigniter4/framework/system/API/ResponseTrait.php(99): CodeIgniter\Debug\Exceptions->format(Array)
#3 /Users/ivan/Codeigniter/osce_v2/vendor/codeigniter4/framework/system/Debug/Exceptions.php(132): CodeIgniter\Debug\Exceptions->respond(Array, 500)
#4 [internal function]: CodeIgniter\Debug\Exceptions->exceptionHandler(Object(ErrorException))
#5 {main}
  thrown
in SYSTEMPATH/Format/JSONFormatter.php on line 41.
 1 [internal function]: CodeIgniter\Debug\Exceptions->shutdownHandler()
ERROR - 2022-10-07 18:40:11 --> ErrorException: pg_query(): Query failed: ERROR:  structure of query does not match function result type
DETAIL:  Returned type integer does not match expected type smallint in column 10.
CONTEXT:  SQL statement &quot;SELECT
		settingtes.&quot;setId&quot; as setId,
		settingtes.&quot;setDeskripsi&quot; as setDeskripsi,
		settingtes.&quot;setStartDate&quot; as setStartDate,
		(raw_json-&gt;&gt;'station')::INT as stationId,
		(detail-&gt;&gt;'kompetensi')::INT as kompetensiId,
		kompetensi.&quot;kompetensiNama&quot; as kompetensiNama,
		kompetensi.&quot;kompetensiSingkatan&quot; as kompetensiSingkatan,
		(raw_json-&gt;&gt;'skenario')::TEXT as skenario,
		(detail-&gt;&gt;'pertanyaan')::TEXT as pertanyaan,
		(detail-&gt;&gt;'bobot')::int as bobot
	 FROM
		settingtes,
	 LATERAL JSON_ARRAY_ELEMENTS(settingtes.&quot;setPertanyaan&quot;-&gt;'data') raw_json,
	 LATERAL JSON_ARRAY_ELEMENTS(raw_json-&gt;'detail') detail(detail)
	 LEFT JOIN kompetensi on kompetensi.&quot;kompetensiId&quot; = (detail-&gt;&gt;'kompetensi')::INT
	 WHERE settingtes.&quot;setId&quot;=id and (raw_json-&gt;&gt;'station')::INT=station&quot;
PL/pgSQL function function_tampil_skenario(integer,integer) line 3 at RETURN QUERY in /Users/ivan/Codeigniter/osce_v2/vendor/codeigniter4/framework/system/Database/Postgre/Connection.php:140
Stack trace:
#0 [internal function]: CodeIgniter\Debug\Exceptions->errorHandler(2, 'pg_query(): Que...', '/Users/ivan/Cod...', 140, Array)
#1 /Users/ivan/Codeigniter/osce_v2/vendor/codeigniter4/framework/system/Database/Postgre/Connection.php(140): pg_query(Resource id #16, 'SELECT *\nFROM f...')
#2 /Users/ivan/Codeigniter/osce_v2/vendor/codeigniter4/framework/system/Database/BaseConnection.php(693): CodeIgniter\Database\Postgre\Connection->execute('SELECT *\nFROM f...')
#3 /Users/ivan/Codeigniter/osce_v2/vendor/codeigniter4/framework/system/Database/BaseConnection.php(620): CodeIgniter\Database\BaseConnection->simpleQuery('SELECT *\nFROM f...')
#4 /Users/ivan/Codeigniter/osce_v2/vendor/codeigniter4/framework/system/Database/BaseBuilder.php(1585): CodeIgniter\Database\BaseConnection->query('SELECT *\nFROM f...', Array, false)
#5 /Users/ivan/Codeigniter/osce_v2/modules/Penilaian/Models/PenilaianModel.php(13): CodeIgniter\Database\BaseBuilder->get()
#6 /Users/ivan/Codeigniter/osce_v2/modules/Penilaian/Controllers/Penilaian.php(27): Modules\Penilaian\Models\PenilaianModel->getSkenario('8', '1')
#7 /Users/ivan/Codeigniter/osce_v2/vendor/codeigniter4/framework/system/CodeIgniter.php(907): Modules\Penilaian\Controllers\Penilaian->index()
#8 /Users/ivan/Codeigniter/osce_v2/vendor/codeigniter4/framework/system/CodeIgniter.php(457): CodeIgniter\CodeIgniter->runController(Object(Modules\Penilaian\Controllers\Penilaian))
#9 /Users/ivan/Codeigniter/osce_v2/vendor/codeigniter4/framework/system/CodeIgniter.php(340): CodeIgniter\CodeIgniter->handleRequest(NULL, Object(Config\Cache), false)
#10 /Users/ivan/Codeigniter/osce_v2/public/index.php(67): CodeIgniter\CodeIgniter->run()
#11 /Users/ivan/Codeigniter/osce_v2/vendor/codeigniter4/framework/system/Commands/Server/rewrite.php(43): require_once('/Users/ivan/Cod...')
#12 {main}
CRITICAL - 2022-10-07 18:40:11 --> pg_query(): Query failed: ERROR:  structure of query does not match function result type
DETAIL:  Returned type integer does not match expected type smallint in column 10.
CONTEXT:  SQL statement &quot;SELECT
		settingtes.&quot;setId&quot; as setId,
		settingtes.&quot;setDeskripsi&quot; as setDeskripsi,
		settingtes.&quot;setStartDate&quot; as setStartDate,
		(raw_json-&gt;&gt;'station')::INT as stationId,
		(detail-&gt;&gt;'kompetensi')::INT as kompetensiId,
		kompetensi.&quot;kompetensiNama&quot; as kompetensiNama,
		kompetensi.&quot;kompetensiSingkatan&quot; as kompetensiSingkatan,
		(raw_json-&gt;&gt;'skenario')::TEXT as skenario,
		(detail-&gt;&gt;'pertanyaan')::TEXT as pertanyaan,
		(detail-&gt;&gt;'bobot')::int as bobot
	 FROM
		settingtes,
	 LATERAL JSON_ARRAY_ELEMENTS(settingtes.&quot;setPertanyaan&quot;-&gt;'data') raw_json,
	 LATERAL JSON_ARRAY_ELEMENTS(raw_json-&gt;'detail') detail(detail)
	 LEFT JOIN kompetensi on kompetensi.&quot;kompetensiId&quot; = (detail-&gt;&gt;'kompetensi')::INT
	 WHERE settingtes.&quot;setId&quot;=id and (raw_json-&gt;&gt;'station')::INT=station&quot;
PL/pgSQL function function_tampil_skenario(integer,integer) line 3 at RETURN QUERY
in SYSTEMPATH/Database/Postgre/Connection.php on line 140.
 1 [internal function]: CodeIgniter\Debug\Exceptions->errorHandler(2, 'pg_query(): Query failed: ERROR:  structure of query does not match function result type
DETAIL:  Returned type integer does not match expected type smallint in column 10.
CONTEXT:  SQL statement &quot;SELECT
		settingtes.&quot;setId&quot; as setId,
		settingtes.&quot;setDeskripsi&quot; as setDeskripsi,
		settingtes.&quot;setStartDate&quot; as setStartDate,
		(raw_json-&gt;&gt;\'station\')::INT as stationId,
		(detail-&gt;&gt;\'kompetensi\')::INT as kompetensiId,
		kompetensi.&quot;kompetensiNama&quot; as kompetensiNama,
		kompetensi.&quot;kompetensiSingkatan&quot; as kompetensiSingkatan,
		(raw_json-&gt;&gt;\'skenario\')::TEXT as skenario,
		(detail-&gt;&gt;\'pertanyaan\')::TEXT as pertanyaan,
		(detail-&gt;&gt;\'bobot\')::int as bobot
	 FROM
		settingtes,
	 LATERAL JSON_ARRAY_ELEMENTS(settingtes.&quot;setPertanyaan&quot;-&gt;\'data\') raw_json,
	 LATERAL JSON_ARRAY_ELEMENTS(raw_json-&gt;\'detail\') detail(detail)
	 LEFT JOIN kompetensi on kompetensi.&quot;kompetensiId&quot; = (detail-&gt;&gt;\'kompetensi\')::INT
	 WHERE settingtes.&quot;setId&quot;=id and (raw_json-&gt;&gt;\'station\')::INT=station&quot;
PL/pgSQL function function_tampil_skenario(integer,integer) line 3 at RETURN QUERY', 'SYSTEMPATH/Database/Postgre/Connection.php', 140, [...])
 2 SYSTEMPATH/Database/Postgre/Connection.php(140): pg_query(resource (pgsql link), 'SELECT *
FROM function_tampil_skenario(8, 1)')
 3 SYSTEMPATH/Database/BaseConnection.php(693): CodeIgniter\Database\Postgre\Connection->execute('SELECT *
FROM function_tampil_skenario(8, 1)')
 4 SYSTEMPATH/Database/BaseConnection.php(620): CodeIgniter\Database\BaseConnection->simpleQuery('SELECT *
FROM function_tampil_skenario(8, 1)')
 5 SYSTEMPATH/Database/BaseBuilder.php(1585): CodeIgniter\Database\BaseConnection->query('SELECT *
FROM function_tampil_skenario(8, 1)', [], false)
 6 ROOTPATH/modules/Penilaian/Models/PenilaianModel.php(13): CodeIgniter\Database\BaseBuilder->get()
 7 ROOTPATH/modules/Penilaian/Controllers/Penilaian.php(27): Modules\Penilaian\Models\PenilaianModel->getSkenario('8', '1')
 8 SYSTEMPATH/CodeIgniter.php(907): Modules\Penilaian\Controllers\Penilaian->index()
 9 SYSTEMPATH/CodeIgniter.php(457): CodeIgniter\CodeIgniter->runController(Object(Modules\Penilaian\Controllers\Penilaian))
10 SYSTEMPATH/CodeIgniter.php(340): CodeIgniter\CodeIgniter->handleRequest(null, Object(Config\Cache), false)
11 FCPATH/index.php(67): CodeIgniter\CodeIgniter->run()
12 SYSTEMPATH/Commands/Server/rewrite.php(43): require_once('FCPATH/index.php')
CRITICAL - 2022-10-07 19:46:33 --> Trying to get property 'nilai' of non-object
in ROOTPATH/modules/Penilaian/Views/penilaian.php on line 72.
 1 ROOTPATH/modules/Penilaian/Views/penilaian.php(72): CodeIgniter\Debug\Exceptions->errorHandler(8, 'Trying to get property \'nilai\' of non-object', 'ROOTPATH/modules/Penilaian/Views/penilaian.php', 72, [...])
 2 SYSTEMPATH/View/View.php(213): include('ROOTPATH/modules/Penilaian/Views/penilaian.php')
 3 SYSTEMPATH/View/View.php(216): CodeIgniter\View\View->CodeIgniter\View\{closure}()
 4 SYSTEMPATH/Common.php(1142): CodeIgniter\View\View->render('Modules\\Penilaian\\Views\\penilaian', [], true)
 5 ROOTPATH/modules/Penilaian/Controllers/Penilaian.php(37): view('Modules\\Penilaian\\Views\\penilaian', [...])
 6 SYSTEMPATH/CodeIgniter.php(907): Modules\Penilaian\Controllers\Penilaian->index()
 7 SYSTEMPATH/CodeIgniter.php(457): CodeIgniter\CodeIgniter->runController(Object(Modules\Penilaian\Controllers\Penilaian))
 8 SYSTEMPATH/CodeIgniter.php(340): CodeIgniter\CodeIgniter->handleRequest(null, Object(Config\Cache), false)
 9 FCPATH/index.php(67): CodeIgniter\CodeIgniter->run()
10 SYSTEMPATH/Commands/Server/rewrite.php(43): require_once('FCPATH/index.php')
CRITICAL - 2022-10-07 19:47:09 --> Trying to get property 'nilai' of non-object
in ROOTPATH/modules/Penilaian/Views/penilaian.php on line 72.
 1 ROOTPATH/modules/Penilaian/Views/penilaian.php(72): CodeIgniter\Debug\Exceptions->errorHandler(8, 'Trying to get property \'nilai\' of non-object', 'ROOTPATH/modules/Penilaian/Views/penilaian.php', 72, [...])
 2 SYSTEMPATH/View/View.php(213): include('ROOTPATH/modules/Penilaian/Views/penilaian.php')
 3 SYSTEMPATH/View/View.php(216): CodeIgniter\View\View->CodeIgniter\View\{closure}()
 4 SYSTEMPATH/Common.php(1142): CodeIgniter\View\View->render('Modules\\Penilaian\\Views\\penilaian', [], true)
 5 ROOTPATH/modules/Penilaian/Controllers/Penilaian.php(37): view('Modules\\Penilaian\\Views\\penilaian', [...])
 6 SYSTEMPATH/CodeIgniter.php(907): Modules\Penilaian\Controllers\Penilaian->index()
 7 SYSTEMPATH/CodeIgniter.php(457): CodeIgniter\CodeIgniter->runController(Object(Modules\Penilaian\Controllers\Penilaian))
 8 SYSTEMPATH/CodeIgniter.php(340): CodeIgniter\CodeIgniter->handleRequest(null, Object(Config\Cache), false)
 9 FCPATH/index.php(67): CodeIgniter\CodeIgniter->run()
10 SYSTEMPATH/Commands/Server/rewrite.php(43): require_once('FCPATH/index.php')
CRITICAL - 2022-10-07 19:47:24 --> Trying to get property 'nilai' of non-object
in ROOTPATH/modules/Penilaian/Views/penilaian.php on line 72.
 1 ROOTPATH/modules/Penilaian/Views/penilaian.php(72): CodeIgniter\Debug\Exceptions->errorHandler(8, 'Trying to get property \'nilai\' of non-object', 'ROOTPATH/modules/Penilaian/Views/penilaian.php', 72, [...])
 2 SYSTEMPATH/View/View.php(213): include('ROOTPATH/modules/Penilaian/Views/penilaian.php')
 3 SYSTEMPATH/View/View.php(216): CodeIgniter\View\View->CodeIgniter\View\{closure}()
 4 SYSTEMPATH/Common.php(1142): CodeIgniter\View\View->render('Modules\\Penilaian\\Views\\penilaian', [], true)
 5 ROOTPATH/modules/Penilaian/Controllers/Penilaian.php(37): view('Modules\\Penilaian\\Views\\penilaian', [...])
 6 SYSTEMPATH/CodeIgniter.php(907): Modules\Penilaian\Controllers\Penilaian->index()
 7 SYSTEMPATH/CodeIgniter.php(457): CodeIgniter\CodeIgniter->runController(Object(Modules\Penilaian\Controllers\Penilaian))
 8 SYSTEMPATH/CodeIgniter.php(340): CodeIgniter\CodeIgniter->handleRequest(null, Object(Config\Cache), false)
 9 FCPATH/index.php(67): CodeIgniter\CodeIgniter->run()
10 SYSTEMPATH/Commands/Server/rewrite.php(43): require_once('FCPATH/index.php')
