ERROR - 2022-10-04 08:08:19 --> ErrorException: pg_query(): Query failed: ERROR:  column &quot;settingId&quot; does not exist
LINE 2: WHERE &quot;settingId&quot; = 'genstation2'
              ^ in /Users/ivan/Codeigniter/osce_v2/vendor/codeigniter4/framework/system/Database/Postgre/Connection.php:140
Stack trace:
#0 [internal function]: CodeIgniter\Debug\Exceptions->errorHandler(2, 'pg_query(): Que...', '/Users/ivan/Cod...', 140, Array)
#1 /Users/ivan/Codeigniter/osce_v2/vendor/codeigniter4/framework/system/Database/Postgre/Connection.php(140): pg_query(Resource id #16, 'UPDATE "setting...')
#2 /Users/ivan/Codeigniter/osce_v2/vendor/codeigniter4/framework/system/Database/BaseConnection.php(693): CodeIgniter\Database\Postgre\Connection->execute('UPDATE "setting...')
#3 /Users/ivan/Codeigniter/osce_v2/vendor/codeigniter4/framework/system/Database/BaseConnection.php(620): CodeIgniter\Database\BaseConnection->simpleQuery('UPDATE "setting...')
#4 /Users/ivan/Codeigniter/osce_v2/vendor/codeigniter4/framework/system/Database/BaseBuilder.php(2079): CodeIgniter\Database\BaseConnection->query('UPDATE "setting...', Array, false)
#5 /Users/ivan/Codeigniter/osce_v2/vendor/codeigniter4/framework/system/Model.php(398): CodeIgniter\Database\BaseBuilder->update(Array)
#6 /Users/ivan/Codeigniter/osce_v2/vendor/codeigniter4/framework/system/BaseModel.php(963): CodeIgniter\Model->doDelete(NULL, false)
#7 /Users/ivan/Codeigniter/osce_v2/modules/Setting/Models/SettingModel.php(59): CodeIgniter\BaseModel->delete()
#8 /Users/ivan/Codeigniter/osce_v2/modules/Setting/Controllers/Setting.php(182): Modules\Setting\Models\SettingModel->deleteData(Array)
#9 /Users/ivan/Codeigniter/osce_v2/vendor/codeigniter4/framework/system/CodeIgniter.php(907): Modules\Setting\Controllers\Setting->delete('genstation2')
#10 /Users/ivan/Codeigniter/osce_v2/vendor/codeigniter4/framework/system/CodeIgniter.php(457): CodeIgniter\CodeIgniter->runController(Object(Modules\Setting\Controllers\Setting))
#11 /Users/ivan/Codeigniter/osce_v2/vendor/codeigniter4/framework/system/CodeIgniter.php(340): CodeIgniter\CodeIgniter->handleRequest(NULL, Object(Config\Cache), false)
#12 /Users/ivan/Codeigniter/osce_v2/public/index.php(67): CodeIgniter\CodeIgniter->run()
#13 /Users/ivan/Codeigniter/osce_v2/vendor/codeigniter4/framework/system/Commands/Server/rewrite.php(43): require_once('/Users/ivan/Cod...')
#14 {main}
CRITICAL - 2022-10-04 08:08:19 --> pg_query(): Query failed: ERROR:  column &quot;settingId&quot; does not exist
LINE 2: WHERE &quot;settingId&quot; = 'genstation2'
              ^
in SYSTEMPATH/Database/Postgre/Connection.php on line 140.
 1 [internal function]: CodeIgniter\Debug\Exceptions->errorHandler(2, 'pg_query(): Query failed: ERROR:  column &quot;settingId&quot; does not exist
LINE 2: WHERE &quot;settingId&quot; = \'genstation2\'
              ^', 'SYSTEMPATH/Database/Postgre/Connection.php', 140, [...])
 2 SYSTEMPATH/Database/Postgre/Connection.php(140): pg_query(resource (pgsql link), 'UPDATE "settingtes" SET "setDeletedDate" = \'2022-10-04 08:08:19\', "setModifiedDate" = \'2022-10-04 08:08:19\'
WHERE "settingId" = \'genstation2\'
AND "setDeletedDate" IS NULL')
 3 SYSTEMPATH/Database/BaseConnection.php(693): CodeIgniter\Database\Postgre\Connection->execute('UPDATE "settingtes" SET "setDeletedDate" = \'2022-10-04 08:08:19\', "setModifiedDate" = \'2022-10-04 08:08:19\'
WHERE "settingId" = \'genstation2\'
AND "setDeletedDate" IS NULL')
 4 SYSTEMPATH/Database/BaseConnection.php(620): CodeIgniter\Database\BaseConnection->simpleQuery('UPDATE "settingtes" SET "setDeletedDate" = \'2022-10-04 08:08:19\', "setModifiedDate" = \'2022-10-04 08:08:19\'
WHERE "settingId" = \'genstation2\'
AND "setDeletedDate" IS NULL')
 5 SYSTEMPATH/Database/BaseBuilder.php(2079): CodeIgniter\Database\BaseConnection->query('UPDATE "settingtes" SET "setDeletedDate" = :setDeletedDate:, "setModifiedDate" = :setModifiedDate:
WHERE "settingId" = :settingId:
AND "setDeletedDate" IS NULL', [...], false)
 6 SYSTEMPATH/Model.php(398): CodeIgniter\Database\BaseBuilder->update([...])
 7 SYSTEMPATH/BaseModel.php(963): CodeIgniter\Model->doDelete(null, false)
 8 ROOTPATH/modules/Setting/Models/SettingModel.php(59): CodeIgniter\BaseModel->delete()
 9 ROOTPATH/modules/Setting/Controllers/Setting.php(182): Modules\Setting\Models\SettingModel->deleteData([...])
10 SYSTEMPATH/CodeIgniter.php(907): Modules\Setting\Controllers\Setting->delete('genstation2')
11 SYSTEMPATH/CodeIgniter.php(457): CodeIgniter\CodeIgniter->runController(Object(Modules\Setting\Controllers\Setting))
12 SYSTEMPATH/CodeIgniter.php(340): CodeIgniter\CodeIgniter->handleRequest(null, Object(Config\Cache), false)
13 FCPATH/index.php(67): CodeIgniter\CodeIgniter->run()
14 SYSTEMPATH/Commands/Server/rewrite.php(43): require_once('FCPATH/index.php')
CRITICAL - 2022-10-04 08:14:05 --> Trying to get property 'setLokasi' of non-object
in ROOTPATH/modules/Setting/Controllers/Setting.php on line 121.
 1 ROOTPATH/modules/Setting/Controllers/Setting.php(121): CodeIgniter\Debug\Exceptions->errorHandler(8, 'Trying to get property \'setLokasi\' of non-object', 'ROOTPATH/modules/Setting/Controllers/Setting.php', 121, [...])
 2 SYSTEMPATH/CodeIgniter.php(907): Modules\Setting\Controllers\Setting->genStation('2')
 3 SYSTEMPATH/CodeIgniter.php(457): CodeIgniter\CodeIgniter->runController(Object(Modules\Setting\Controllers\Setting))
 4 SYSTEMPATH/CodeIgniter.php(340): CodeIgniter\CodeIgniter->handleRequest(null, Object(Config\Cache), false)
 5 FCPATH/index.php(67): CodeIgniter\CodeIgniter->run()
 6 SYSTEMPATH/Commands/Server/rewrite.php(43): require_once('FCPATH/index.php')
CRITICAL - 2022-10-04 08:14:49 --> Undefined index: setLokasi
in ROOTPATH/modules/Setting/Controllers/Setting.php on line 121.
 1 ROOTPATH/modules/Setting/Controllers/Setting.php(121): CodeIgniter\Debug\Exceptions->errorHandler(8, 'Undefined index: setLokasi', 'ROOTPATH/modules/Setting/Controllers/Setting.php', 121, [...])
 2 SYSTEMPATH/CodeIgniter.php(907): Modules\Setting\Controllers\Setting->genStation('2')
 3 SYSTEMPATH/CodeIgniter.php(457): CodeIgniter\CodeIgniter->runController(Object(Modules\Setting\Controllers\Setting))
 4 SYSTEMPATH/CodeIgniter.php(340): CodeIgniter\CodeIgniter->handleRequest(null, Object(Config\Cache), false)
 5 FCPATH/index.php(67): CodeIgniter\CodeIgniter->run()
 6 SYSTEMPATH/Commands/Server/rewrite.php(43): require_once('FCPATH/index.php')
ERROR - 2022-10-04 08:27:18 --> ErrorException: pg_query(): Query failed: ERROR:  column &quot;settingId&quot; does not exist
LINE 2: WHERE &quot;settingId&quot; = '2'
              ^ in /Users/ivan/Codeigniter/osce_v2/vendor/codeigniter4/framework/system/Database/Postgre/Connection.php:140
Stack trace:
#0 [internal function]: CodeIgniter\Debug\Exceptions->errorHandler(2, 'pg_query(): Que...', '/Users/ivan/Cod...', 140, Array)
#1 /Users/ivan/Codeigniter/osce_v2/vendor/codeigniter4/framework/system/Database/Postgre/Connection.php(140): pg_query(Resource id #16, 'UPDATE "setting...')
#2 /Users/ivan/Codeigniter/osce_v2/vendor/codeigniter4/framework/system/Database/BaseConnection.php(693): CodeIgniter\Database\Postgre\Connection->execute('UPDATE "setting...')
#3 /Users/ivan/Codeigniter/osce_v2/vendor/codeigniter4/framework/system/Database/BaseConnection.php(620): CodeIgniter\Database\BaseConnection->simpleQuery('UPDATE "setting...')
#4 /Users/ivan/Codeigniter/osce_v2/vendor/codeigniter4/framework/system/Database/BaseBuilder.php(2079): CodeIgniter\Database\BaseConnection->query('UPDATE "setting...', Array, false)
#5 /Users/ivan/Codeigniter/osce_v2/vendor/codeigniter4/framework/system/Model.php(338): CodeIgniter\Database\BaseBuilder->update()
#6 /Users/ivan/Codeigniter/osce_v2/vendor/codeigniter4/framework/system/BaseModel.php(865): CodeIgniter\Model->doUpdate(NULL, Array)
#7 /Users/ivan/Codeigniter/osce_v2/vendor/codeigniter4/framework/system/Model.php(693): CodeIgniter\BaseModel->update(NULL, Array)
#8 /Users/ivan/Codeigniter/osce_v2/modules/Setting/Models/SettingModel.php(52): CodeIgniter\Model->update()
#9 /Users/ivan/Codeigniter/osce_v2/modules/Setting/Controllers/Setting.php(145): Modules\Setting\Models\SettingModel->updateData(Array, Array)
#10 /Users/ivan/Codeigniter/osce_v2/vendor/codeigniter4/framework/system/CodeIgniter.php(907): Modules\Setting\Controllers\Setting->genStation('2')
#11 /Users/ivan/Codeigniter/osce_v2/vendor/codeigniter4/framework/system/CodeIgniter.php(457): CodeIgniter\CodeIgniter->runController(Object(Modules\Setting\Controllers\Setting))
#12 /Users/ivan/Codeigniter/osce_v2/vendor/codeigniter4/framework/system/CodeIgniter.php(340): CodeIgniter\CodeIgniter->handleRequest(NULL, Object(Config\Cache), false)
#13 /Users/ivan/Codeigniter/osce_v2/public/index.php(67): CodeIgniter\CodeIgniter->run()
#14 /Users/ivan/Codeigniter/osce_v2/vendor/codeigniter4/framework/system/Commands/Server/rewrite.php(43): require_once('/Users/ivan/Cod...')
#15 {main}
CRITICAL - 2022-10-04 08:27:18 --> pg_query(): Query failed: ERROR:  column &quot;settingId&quot; does not exist
LINE 2: WHERE &quot;settingId&quot; = '2'
              ^
in SYSTEMPATH/Database/Postgre/Connection.php on line 140.
 1 [internal function]: CodeIgniter\Debug\Exceptions->errorHandler(2, 'pg_query(): Query failed: ERROR:  column &quot;settingId&quot; does not exist
LINE 2: WHERE &quot;settingId&quot; = \'2\'
              ^', 'SYSTEMPATH/Database/Postgre/Connection.php', 140, [...])
 2 SYSTEMPATH/Database/Postgre/Connection.php(140): pg_query(resource (pgsql link), 'UPDATE "settingtes" SET "setStation" = \'{"data":[{"lokasi":{"lokasi":"1"},"detail":[{"station":1,"stationNama":"Station 1","penguji":null},{"station":2,"stationNama":"Station 2","penguji":null},{"station":3,"stationNama":"Station 3","penguji":null}]},{"lokasi":{"lokasi":"2"},"detail":[{"station":1,"stationNama":"Station 1","penguji":null},{"station":2,"stationNama":"Station 2","penguji":null},{"station":3,"stationNama":"Station 3","penguji":null}]}]}\', "setModifiedBy" = \'august.ivan20@gmail.com\', "setModifiedDate" = \'2022-10-04 08:27:18\'
WHERE "settingId" = \'2\'')
 3 SYSTEMPATH/Database/BaseConnection.php(693): CodeIgniter\Database\Postgre\Connection->execute('UPDATE "settingtes" SET "setStation" = \'{"data":[{"lokasi":{"lokasi":"1"},"detail":[{"station":1,"stationNama":"Station 1","penguji":null},{"station":2,"stationNama":"Station 2","penguji":null},{"station":3,"stationNama":"Station 3","penguji":null}]},{"lokasi":{"lokasi":"2"},"detail":[{"station":1,"stationNama":"Station 1","penguji":null},{"station":2,"stationNama":"Station 2","penguji":null},{"station":3,"stationNama":"Station 3","penguji":null}]}]}\', "setModifiedBy" = \'august.ivan20@gmail.com\', "setModifiedDate" = \'2022-10-04 08:27:18\'
WHERE "settingId" = \'2\'')
 4 SYSTEMPATH/Database/BaseConnection.php(620): CodeIgniter\Database\BaseConnection->simpleQuery('UPDATE "settingtes" SET "setStation" = \'{"data":[{"lokasi":{"lokasi":"1"},"detail":[{"station":1,"stationNama":"Station 1","penguji":null},{"station":2,"stationNama":"Station 2","penguji":null},{"station":3,"stationNama":"Station 3","penguji":null}]},{"lokasi":{"lokasi":"2"},"detail":[{"station":1,"stationNama":"Station 1","penguji":null},{"station":2,"stationNama":"Station 2","penguji":null},{"station":3,"stationNama":"Station 3","penguji":null}]}]}\', "setModifiedBy" = \'august.ivan20@gmail.com\', "setModifiedDate" = \'2022-10-04 08:27:18\'
WHERE "settingId" = \'2\'')
 5 SYSTEMPATH/Database/BaseBuilder.php(2079): CodeIgniter\Database\BaseConnection->query('UPDATE "settingtes" SET "setStation" = :setStation:, "setModifiedBy" = :setModifiedBy:, "setModifiedDate" = :setModifiedDate:
WHERE "settingId" = :settingId:', [...], false)
 6 SYSTEMPATH/Model.php(338): CodeIgniter\Database\BaseBuilder->update()
 7 SYSTEMPATH/BaseModel.php(865): CodeIgniter\Model->doUpdate(null, [...])
 8 SYSTEMPATH/Model.php(693): CodeIgniter\BaseModel->update(null, [...])
 9 ROOTPATH/modules/Setting/Models/SettingModel.php(52): CodeIgniter\Model->update()
10 ROOTPATH/modules/Setting/Controllers/Setting.php(145): Modules\Setting\Models\SettingModel->updateData([...], [...])
11 SYSTEMPATH/CodeIgniter.php(907): Modules\Setting\Controllers\Setting->genStation('2')
12 SYSTEMPATH/CodeIgniter.php(457): CodeIgniter\CodeIgniter->runController(Object(Modules\Setting\Controllers\Setting))
13 SYSTEMPATH/CodeIgniter.php(340): CodeIgniter\CodeIgniter->handleRequest(null, Object(Config\Cache), false)
14 FCPATH/index.php(67): CodeIgniter\CodeIgniter->run()
15 SYSTEMPATH/Commands/Server/rewrite.php(43): require_once('FCPATH/index.php')
CRITICAL - 2022-10-04 08:29:45 --> Cannot use object of type stdClass as array
in ROOTPATH/modules/Setting/Controllers/Setting.php on line 136.
 1 SYSTEMPATH/CodeIgniter.php(907): Modules\Setting\Controllers\Setting->genStation('2')
 2 SYSTEMPATH/CodeIgniter.php(457): CodeIgniter\CodeIgniter->runController(Object(Modules\Setting\Controllers\Setting))
 3 SYSTEMPATH/CodeIgniter.php(340): CodeIgniter\CodeIgniter->handleRequest(null, Object(Config\Cache), false)
 4 FCPATH/index.php(67): CodeIgniter\CodeIgniter->run()
 5 SYSTEMPATH/Commands/Server/rewrite.php(43): require_once('FCPATH/index.php')
CRITICAL - 2022-10-04 09:34:00 --> Undefined variable: penguji
in ROOTPATH/modules/Pertanyaan/Views/pertanyaan.php on line 93.
 1 ROOTPATH/modules/Pertanyaan/Views/pertanyaan.php(93): CodeIgniter\Debug\Exceptions->errorHandler(8, 'Undefined variable: penguji', 'ROOTPATH/modules/Pertanyaan/Views/pertanyaan.php', 93, [...])
 2 SYSTEMPATH/View/View.php(213): include('ROOTPATH/modules/Pertanyaan/Views/pertanyaan.php')
 3 SYSTEMPATH/View/View.php(216): CodeIgniter\View\View->CodeIgniter\View\{closure}()
 4 SYSTEMPATH/Common.php(1142): CodeIgniter\View\View->render('Modules\\Pertanyaan\\Views\\pertanyaan', [], true)
 5 ROOTPATH/modules/Pertanyaan/Controllers/Pertanyaan.php(43): view('Modules\\Pertanyaan\\Views\\pertanyaan', [...])
 6 SYSTEMPATH/CodeIgniter.php(907): Modules\Pertanyaan\Controllers\Pertanyaan->index()
 7 SYSTEMPATH/CodeIgniter.php(457): CodeIgniter\CodeIgniter->runController(Object(Modules\Pertanyaan\Controllers\Pertanyaan))
 8 SYSTEMPATH/CodeIgniter.php(340): CodeIgniter\CodeIgniter->handleRequest(null, Object(Config\Cache), false)
 9 FCPATH/index.php(67): CodeIgniter\CodeIgniter->run()
10 SYSTEMPATH/Commands/Server/rewrite.php(43): require_once('FCPATH/index.php')
CRITICAL - 2022-10-04 09:34:31 --> Undefined variable: penguji
in ROOTPATH/modules/Pertanyaan/Views/pertanyaan.php on line 93.
 1 ROOTPATH/modules/Pertanyaan/Views/pertanyaan.php(93): CodeIgniter\Debug\Exceptions->errorHandler(8, 'Undefined variable: penguji', 'ROOTPATH/modules/Pertanyaan/Views/pertanyaan.php', 93, [...])
 2 SYSTEMPATH/View/View.php(213): include('ROOTPATH/modules/Pertanyaan/Views/pertanyaan.php')
 3 SYSTEMPATH/View/View.php(216): CodeIgniter\View\View->CodeIgniter\View\{closure}()
 4 SYSTEMPATH/Common.php(1142): CodeIgniter\View\View->render('Modules\\Pertanyaan\\Views\\pertanyaan', [], true)
 5 ROOTPATH/modules/Pertanyaan/Controllers/Pertanyaan.php(43): view('Modules\\Pertanyaan\\Views\\pertanyaan', [...])
 6 SYSTEMPATH/CodeIgniter.php(907): Modules\Pertanyaan\Controllers\Pertanyaan->index()
 7 SYSTEMPATH/CodeIgniter.php(457): CodeIgniter\CodeIgniter->runController(Object(Modules\Pertanyaan\Controllers\Pertanyaan))
 8 SYSTEMPATH/CodeIgniter.php(340): CodeIgniter\CodeIgniter->handleRequest(null, Object(Config\Cache), false)
 9 FCPATH/index.php(67): CodeIgniter\CodeIgniter->run()
10 SYSTEMPATH/Commands/Server/rewrite.php(43): require_once('FCPATH/index.php')
CRITICAL - 2022-10-04 09:34:33 --> Undefined variable: penguji
in ROOTPATH/modules/Pertanyaan/Views/pertanyaan.php on line 93.
 1 ROOTPATH/modules/Pertanyaan/Views/pertanyaan.php(93): CodeIgniter\Debug\Exceptions->errorHandler(8, 'Undefined variable: penguji', 'ROOTPATH/modules/Pertanyaan/Views/pertanyaan.php', 93, [...])
 2 SYSTEMPATH/View/View.php(213): include('ROOTPATH/modules/Pertanyaan/Views/pertanyaan.php')
 3 SYSTEMPATH/View/View.php(216): CodeIgniter\View\View->CodeIgniter\View\{closure}()
 4 SYSTEMPATH/Common.php(1142): CodeIgniter\View\View->render('Modules\\Pertanyaan\\Views\\pertanyaan', [], true)
 5 ROOTPATH/modules/Pertanyaan/Controllers/Pertanyaan.php(43): view('Modules\\Pertanyaan\\Views\\pertanyaan', [...])
 6 SYSTEMPATH/CodeIgniter.php(907): Modules\Pertanyaan\Controllers\Pertanyaan->index()
 7 SYSTEMPATH/CodeIgniter.php(457): CodeIgniter\CodeIgniter->runController(Object(Modules\Pertanyaan\Controllers\Pertanyaan))
 8 SYSTEMPATH/CodeIgniter.php(340): CodeIgniter\CodeIgniter->handleRequest(null, Object(Config\Cache), false)
 9 FCPATH/index.php(67): CodeIgniter\CodeIgniter->run()
10 SYSTEMPATH/Commands/Server/rewrite.php(43): require_once('FCPATH/index.php')
CRITICAL - 2022-10-04 10:14:56 --> json_decode() expects parameter 1 to be string, array given
in ROOTPATH/modules/Penguji/Controllers/Penguji.php on line 86.
 1 [internal function]: CodeIgniter\Debug\Exceptions->errorHandler(2, 'json_decode() expects parameter 1 to be string, array given', 'ROOTPATH/modules/Penguji/Controllers/Penguji.php', 86, [...])
 2 ROOTPATH/modules/Penguji/Controllers/Penguji.php(86): json_decode([...])
 3 SYSTEMPATH/CodeIgniter.php(907): Modules\Penguji\Controllers\Penguji->getById('2')
 4 SYSTEMPATH/CodeIgniter.php(457): CodeIgniter\CodeIgniter->runController(Object(Modules\Penguji\Controllers\Penguji))
 5 SYSTEMPATH/CodeIgniter.php(340): CodeIgniter\CodeIgniter->handleRequest(null, Object(Config\Cache), false)
 6 FCPATH/index.php(67): CodeIgniter\CodeIgniter->run()
 7 SYSTEMPATH/Commands/Server/rewrite.php(43): require_once('FCPATH/index.php')
CRITICAL - 2022-10-04 10:17:12 --> Array to string conversion
in ROOTPATH/modules/Penguji/Controllers/Penguji.php on line 86.
 1 ROOTPATH/modules/Penguji/Controllers/Penguji.php(86): CodeIgniter\Debug\Exceptions->errorHandler(8, 'Array to string conversion', 'ROOTPATH/modules/Penguji/Controllers/Penguji.php', 86, [...])
 2 SYSTEMPATH/CodeIgniter.php(907): Modules\Penguji\Controllers\Penguji->getById('2')
 3 SYSTEMPATH/CodeIgniter.php(457): CodeIgniter\CodeIgniter->runController(Object(Modules\Penguji\Controllers\Penguji))
 4 SYSTEMPATH/CodeIgniter.php(340): CodeIgniter\CodeIgniter->handleRequest(null, Object(Config\Cache), false)
 5 FCPATH/index.php(67): CodeIgniter\CodeIgniter->run()
 6 SYSTEMPATH/Commands/Server/rewrite.php(43): require_once('FCPATH/index.php')
CRITICAL - 2022-10-04 10:40:46 --> Call to undefined method CodeIgniter\Database\Postgre\Builder::findAll()
in ROOTPATH/modules/Penguji/Controllers/Penguji.php on line 85.
 1 SYSTEMPATH/CodeIgniter.php(907): Modules\Penguji\Controllers\Penguji->getById('2')
 2 SYSTEMPATH/CodeIgniter.php(457): CodeIgniter\CodeIgniter->runController(Object(Modules\Penguji\Controllers\Penguji))
 3 SYSTEMPATH/CodeIgniter.php(340): CodeIgniter\CodeIgniter->handleRequest(null, Object(Config\Cache), false)
 4 FCPATH/index.php(67): CodeIgniter\CodeIgniter->run()
 5 SYSTEMPATH/Commands/Server/rewrite.php(43): require_once('FCPATH/index.php')
CRITICAL - 2022-10-04 10:42:02 --> Call to undefined method CodeIgniter\Database\Postgre\Builder::findAll()
in ROOTPATH/modules/Penguji/Controllers/Penguji.php on line 85.
 1 SYSTEMPATH/CodeIgniter.php(907): Modules\Penguji\Controllers\Penguji->getById('2')
 2 SYSTEMPATH/CodeIgniter.php(457): CodeIgniter\CodeIgniter->runController(Object(Modules\Penguji\Controllers\Penguji))
 3 SYSTEMPATH/CodeIgniter.php(340): CodeIgniter\CodeIgniter->handleRequest(null, Object(Config\Cache), false)
 4 FCPATH/index.php(67): CodeIgniter\CodeIgniter->run()
 5 SYSTEMPATH/Commands/Server/rewrite.php(43): require_once('FCPATH/index.php')
ERROR - 2022-10-04 10:43:14 --> ErrorException: pg_query(): Query failed: ERROR:  syntax error at or near &quot;{&quot;
LINE 1: ...ion_tampil_setting() as setting WHERE setting.&quot;setId&quot;= {$id}
                                                                  ^ in /Users/ivan/Codeigniter/osce_v2/vendor/codeigniter4/framework/system/Database/Postgre/Connection.php:140
Stack trace:
#0 [internal function]: CodeIgniter\Debug\Exceptions->errorHandler(2, 'pg_query(): Que...', '/Users/ivan/Cod...', 140, Array)
#1 /Users/ivan/Codeigniter/osce_v2/vendor/codeigniter4/framework/system/Database/Postgre/Connection.php(140): pg_query(Resource id #16, 'SELECT * FROM f...')
#2 /Users/ivan/Codeigniter/osce_v2/vendor/codeigniter4/framework/system/Database/BaseConnection.php(693): CodeIgniter\Database\Postgre\Connection->execute('SELECT * FROM f...')
#3 /Users/ivan/Codeigniter/osce_v2/vendor/codeigniter4/framework/system/Database/BaseConnection.php(620): CodeIgniter\Database\BaseConnection->simpleQuery('SELECT * FROM f...')
#4 /Users/ivan/Codeigniter/osce_v2/modules/Penguji/Models/PengujiModel.php(31): CodeIgniter\Database\BaseConnection->query('SELECT * FROM f...')
#5 /Users/ivan/Codeigniter/osce_v2/modules/Penguji/Controllers/Penguji.php(85): Modules\Penguji\Models\PengujiModel->getPengujiById('2')
#6 /Users/ivan/Codeigniter/osce_v2/vendor/codeigniter4/framework/system/CodeIgniter.php(907): Modules\Penguji\Controllers\Penguji->getById('2')
#7 /Users/ivan/Codeigniter/osce_v2/vendor/codeigniter4/framework/system/CodeIgniter.php(457): CodeIgniter\CodeIgniter->runController(Object(Modules\Penguji\Controllers\Penguji))
#8 /Users/ivan/Codeigniter/osce_v2/vendor/codeigniter4/framework/system/CodeIgniter.php(340): CodeIgniter\CodeIgniter->handleRequest(NULL, Object(Config\Cache), false)
#9 /Users/ivan/Codeigniter/osce_v2/public/index.php(67): CodeIgniter\CodeIgniter->run()
#10 /Users/ivan/Codeigniter/osce_v2/vendor/codeigniter4/framework/system/Commands/Server/rewrite.php(43): require_once('/Users/ivan/Cod...')
#11 {main}
CRITICAL - 2022-10-04 10:43:14 --> pg_query(): Query failed: ERROR:  syntax error at or near &quot;{&quot;
LINE 1: ...ion_tampil_setting() as setting WHERE setting.&quot;setId&quot;= {$id}
                                                                  ^
in SYSTEMPATH/Database/Postgre/Connection.php on line 140.
 1 [internal function]: CodeIgniter\Debug\Exceptions->errorHandler(2, 'pg_query(): Query failed: ERROR:  syntax error at or near &quot;{&quot;
LINE 1: ...ion_tampil_setting() as setting WHERE setting.&quot;setId&quot;= {$id}
                                                                  ^', 'SYSTEMPATH/Database/Postgre/Connection.php', 140, [...])
 2 SYSTEMPATH/Database/Postgre/Connection.php(140): pg_query(resource (pgsql link), 'SELECT * FROM function_tampil_setting() as setting WHERE setting."setId"= {$id}')
 3 SYSTEMPATH/Database/BaseConnection.php(693): CodeIgniter\Database\Postgre\Connection->execute('SELECT * FROM function_tampil_setting() as setting WHERE setting."setId"= {$id}')
 4 SYSTEMPATH/Database/BaseConnection.php(620): CodeIgniter\Database\BaseConnection->simpleQuery('SELECT * FROM function_tampil_setting() as setting WHERE setting."setId"= {$id}')
 5 ROOTPATH/modules/Penguji/Models/PengujiModel.php(31): CodeIgniter\Database\BaseConnection->query('SELECT * FROM function_tampil_setting() as setting WHERE setting."setId"= {$id}')
 6 ROOTPATH/modules/Penguji/Controllers/Penguji.php(85): Modules\Penguji\Models\PengujiModel->getPengujiById('2')
 7 SYSTEMPATH/CodeIgniter.php(907): Modules\Penguji\Controllers\Penguji->getById('2')
 8 SYSTEMPATH/CodeIgniter.php(457): CodeIgniter\CodeIgniter->runController(Object(Modules\Penguji\Controllers\Penguji))
 9 SYSTEMPATH/CodeIgniter.php(340): CodeIgniter\CodeIgniter->handleRequest(null, Object(Config\Cache), false)
10 FCPATH/index.php(67): CodeIgniter\CodeIgniter->run()
11 SYSTEMPATH/Commands/Server/rewrite.php(43): require_once('FCPATH/index.php')
CRITICAL - 2022-10-04 10:43:14 --> Uncaught CodeIgniter\Format\Exceptions\FormatException: Failed to parse json string, error: "Type is not supported". in /Users/ivan/Codeigniter/osce_v2/vendor/codeigniter4/framework/system/Format/JSONFormatter.php:41
Stack trace:
#0 /Users/ivan/Codeigniter/osce_v2/vendor/codeigniter4/framework/system/Format/JSONFormatter.php(41): CodeIgniter\Format\Exceptions\FormatException::forInvalidJSON('Type is not sup...')
#1 /Users/ivan/Codeigniter/osce_v2/vendor/codeigniter4/framework/system/API/ResponseTrait.php(348): CodeIgniter\Format\JSONFormatter->format(Array)
#2 /Users/ivan/Codeigniter/osce_v2/vendor/codeigniter4/framework/system/API/ResponseTrait.php(99): CodeIgniter\Debug\Exceptions->format(Array)
#3 /Users/ivan/Codeigniter/osce_v2/vendor/codeigniter4/framework/system/Debug/Exceptions.php(132): CodeIgniter\Debug\Exceptions->respond(Array, 500)
#4 [internal function]: CodeIgniter\Debug\Exceptions->exceptionHandler(Object(ErrorException))
#5 {main}
  thrown
in SYSTEMPATH/Format/JSONFormatter.php on line 41.
 1 [internal function]: CodeIgniter\Debug\Exceptions->shutdownHandler()
CRITICAL - 2022-10-04 10:43:51 --> A non-numeric value encountered
in ROOTPATH/modules/Penguji/Models/PengujiModel.php on line 31.
 1 ROOTPATH/modules/Penguji/Models/PengujiModel.php(31): CodeIgniter\Debug\Exceptions->errorHandler(2, 'A non-numeric value encountered', 'ROOTPATH/modules/Penguji/Models/PengujiModel.php', 31, [...])
 2 ROOTPATH/modules/Penguji/Controllers/Penguji.php(85): Modules\Penguji\Models\PengujiModel->getPengujiById('2')
 3 SYSTEMPATH/CodeIgniter.php(907): Modules\Penguji\Controllers\Penguji->getById('2')
 4 SYSTEMPATH/CodeIgniter.php(457): CodeIgniter\CodeIgniter->runController(Object(Modules\Penguji\Controllers\Penguji))
 5 SYSTEMPATH/CodeIgniter.php(340): CodeIgniter\CodeIgniter->handleRequest(null, Object(Config\Cache), false)
 6 FCPATH/index.php(67): CodeIgniter\CodeIgniter->run()
 7 SYSTEMPATH/Commands/Server/rewrite.php(43): require_once('FCPATH/index.php')
CRITICAL - 2022-10-04 10:45:20 --> A non-numeric value encountered
in ROOTPATH/modules/Penguji/Models/PengujiModel.php on line 31.
 1 ROOTPATH/modules/Penguji/Models/PengujiModel.php(31): CodeIgniter\Debug\Exceptions->errorHandler(2, 'A non-numeric value encountered', 'ROOTPATH/modules/Penguji/Models/PengujiModel.php', 31, [...])
 2 ROOTPATH/modules/Penguji/Controllers/Penguji.php(85): Modules\Penguji\Models\PengujiModel->getPengujiById('2')
 3 SYSTEMPATH/CodeIgniter.php(907): Modules\Penguji\Controllers\Penguji->getById('2')
 4 SYSTEMPATH/CodeIgniter.php(457): CodeIgniter\CodeIgniter->runController(Object(Modules\Penguji\Controllers\Penguji))
 5 SYSTEMPATH/CodeIgniter.php(340): CodeIgniter\CodeIgniter->handleRequest(null, Object(Config\Cache), false)
 6 FCPATH/index.php(67): CodeIgniter\CodeIgniter->run()
 7 SYSTEMPATH/Commands/Server/rewrite.php(43): require_once('FCPATH/index.php')
CRITICAL - 2022-10-04 10:47:57 --> A non-numeric value encountered
in ROOTPATH/modules/Penguji/Models/PengujiModel.php on line 31.
 1 ROOTPATH/modules/Penguji/Models/PengujiModel.php(31): CodeIgniter\Debug\Exceptions->errorHandler(2, 'A non-numeric value encountered', 'ROOTPATH/modules/Penguji/Models/PengujiModel.php', 31, [...])
 2 ROOTPATH/modules/Penguji/Controllers/Penguji.php(85): Modules\Penguji\Models\PengujiModel->getPengujiById('2')
 3 SYSTEMPATH/CodeIgniter.php(907): Modules\Penguji\Controllers\Penguji->getById('2')
 4 SYSTEMPATH/CodeIgniter.php(457): CodeIgniter\CodeIgniter->runController(Object(Modules\Penguji\Controllers\Penguji))
 5 SYSTEMPATH/CodeIgniter.php(340): CodeIgniter\CodeIgniter->handleRequest(null, Object(Config\Cache), false)
 6 FCPATH/index.php(67): CodeIgniter\CodeIgniter->run()
 7 SYSTEMPATH/Commands/Server/rewrite.php(43): require_once('FCPATH/index.php')
CRITICAL - 2022-10-04 10:53:45 --> A non-numeric value encountered
in ROOTPATH/modules/Penguji/Models/PengujiModel.php on line 31.
 1 ROOTPATH/modules/Penguji/Models/PengujiModel.php(31): CodeIgniter\Debug\Exceptions->errorHandler(2, 'A non-numeric value encountered', 'ROOTPATH/modules/Penguji/Models/PengujiModel.php', 31, [...])
 2 ROOTPATH/modules/Penguji/Controllers/Penguji.php(85): Modules\Penguji\Models\PengujiModel->getPengujiById('2')
 3 SYSTEMPATH/CodeIgniter.php(907): Modules\Penguji\Controllers\Penguji->getById('2')
 4 SYSTEMPATH/CodeIgniter.php(457): CodeIgniter\CodeIgniter->runController(Object(Modules\Penguji\Controllers\Penguji))
 5 SYSTEMPATH/CodeIgniter.php(340): CodeIgniter\CodeIgniter->handleRequest(null, Object(Config\Cache), false)
 6 FCPATH/index.php(67): CodeIgniter\CodeIgniter->run()
 7 SYSTEMPATH/Commands/Server/rewrite.php(43): require_once('FCPATH/index.php')
CRITICAL - 2022-10-04 10:57:20 --> A non-numeric value encountered
in ROOTPATH/modules/Penguji/Models/PengujiModel.php on line 31.
 1 ROOTPATH/modules/Penguji/Models/PengujiModel.php(31): CodeIgniter\Debug\Exceptions->errorHandler(2, 'A non-numeric value encountered', 'ROOTPATH/modules/Penguji/Models/PengujiModel.php', 31, [...])
 2 ROOTPATH/modules/Penguji/Controllers/Penguji.php(85): Modules\Penguji\Models\PengujiModel->getPengujiById('2')
 3 SYSTEMPATH/CodeIgniter.php(907): Modules\Penguji\Controllers\Penguji->getById('2')
 4 SYSTEMPATH/CodeIgniter.php(457): CodeIgniter\CodeIgniter->runController(Object(Modules\Penguji\Controllers\Penguji))
 5 SYSTEMPATH/CodeIgniter.php(340): CodeIgniter\CodeIgniter->handleRequest(null, Object(Config\Cache), false)
 6 FCPATH/index.php(67): CodeIgniter\CodeIgniter->run()
 7 SYSTEMPATH/Commands/Server/rewrite.php(43): require_once('FCPATH/index.php')
CRITICAL - 2022-10-04 10:58:26 --> A non-numeric value encountered
in ROOTPATH/modules/Penguji/Models/PengujiModel.php on line 31.
 1 ROOTPATH/modules/Penguji/Models/PengujiModel.php(31): CodeIgniter\Debug\Exceptions->errorHandler(2, 'A non-numeric value encountered', 'ROOTPATH/modules/Penguji/Models/PengujiModel.php', 31, [...])
 2 ROOTPATH/modules/Penguji/Controllers/Penguji.php(85): Modules\Penguji\Models\PengujiModel->getPengujiById('2')
 3 SYSTEMPATH/CodeIgniter.php(907): Modules\Penguji\Controllers\Penguji->getById('2')
 4 SYSTEMPATH/CodeIgniter.php(457): CodeIgniter\CodeIgniter->runController(Object(Modules\Penguji\Controllers\Penguji))
 5 SYSTEMPATH/CodeIgniter.php(340): CodeIgniter\CodeIgniter->handleRequest(null, Object(Config\Cache), false)
 6 FCPATH/index.php(67): CodeIgniter\CodeIgniter->run()
 7 SYSTEMPATH/Commands/Server/rewrite.php(43): require_once('FCPATH/index.php')
CRITICAL - 2022-10-04 10:58:29 --> A non-numeric value encountered
in ROOTPATH/modules/Penguji/Models/PengujiModel.php on line 31.
 1 ROOTPATH/modules/Penguji/Models/PengujiModel.php(31): CodeIgniter\Debug\Exceptions->errorHandler(2, 'A non-numeric value encountered', 'ROOTPATH/modules/Penguji/Models/PengujiModel.php', 31, [...])
 2 ROOTPATH/modules/Penguji/Controllers/Penguji.php(85): Modules\Penguji\Models\PengujiModel->getPengujiById('2')
 3 SYSTEMPATH/CodeIgniter.php(907): Modules\Penguji\Controllers\Penguji->getById('2')
 4 SYSTEMPATH/CodeIgniter.php(457): CodeIgniter\CodeIgniter->runController(Object(Modules\Penguji\Controllers\Penguji))
 5 SYSTEMPATH/CodeIgniter.php(340): CodeIgniter\CodeIgniter->handleRequest(null, Object(Config\Cache), false)
 6 FCPATH/index.php(67): CodeIgniter\CodeIgniter->run()
 7 SYSTEMPATH/Commands/Server/rewrite.php(43): require_once('FCPATH/index.php')
CRITICAL - 2022-10-04 10:58:58 --> Undefined property: stdClass::$setStation
in ROOTPATH/modules/Penguji/Controllers/Penguji.php on line 86.
 1 ROOTPATH/modules/Penguji/Controllers/Penguji.php(86): CodeIgniter\Debug\Exceptions->errorHandler(8, 'Undefined property: stdClass::$setStation', 'ROOTPATH/modules/Penguji/Controllers/Penguji.php', 86, [...])
 2 SYSTEMPATH/CodeIgniter.php(907): Modules\Penguji\Controllers\Penguji->getById('2')
 3 SYSTEMPATH/CodeIgniter.php(457): CodeIgniter\CodeIgniter->runController(Object(Modules\Penguji\Controllers\Penguji))
 4 SYSTEMPATH/CodeIgniter.php(340): CodeIgniter\CodeIgniter->handleRequest(null, Object(Config\Cache), false)
 5 FCPATH/index.php(67): CodeIgniter\CodeIgniter->run()
 6 SYSTEMPATH/Commands/Server/rewrite.php(43): require_once('FCPATH/index.php')
CRITICAL - 2022-10-04 11:50:11 --> Undefined property: stdClass::$setStation
in ROOTPATH/modules/Penguji/Controllers/Penguji.php on line 86.
 1 ROOTPATH/modules/Penguji/Controllers/Penguji.php(86): CodeIgniter\Debug\Exceptions->errorHandler(8, 'Undefined property: stdClass::$setStation', 'ROOTPATH/modules/Penguji/Controllers/Penguji.php', 86, [...])
 2 SYSTEMPATH/CodeIgniter.php(907): Modules\Penguji\Controllers\Penguji->getById('2')
 3 SYSTEMPATH/CodeIgniter.php(457): CodeIgniter\CodeIgniter->runController(Object(Modules\Penguji\Controllers\Penguji))
 4 SYSTEMPATH/CodeIgniter.php(340): CodeIgniter\CodeIgniter->handleRequest(null, Object(Config\Cache), false)
 5 FCPATH/index.php(67): CodeIgniter\CodeIgniter->run()
 6 SYSTEMPATH/Commands/Server/rewrite.php(43): require_once('FCPATH/index.php')
CRITICAL - 2022-10-04 11:50:58 --> Array to string conversion
in ROOTPATH/modules/Penguji/Controllers/Penguji.php on line 86.
 1 ROOTPATH/modules/Penguji/Controllers/Penguji.php(86): CodeIgniter\Debug\Exceptions->errorHandler(8, 'Array to string conversion', 'ROOTPATH/modules/Penguji/Controllers/Penguji.php', 86, [...])
 2 SYSTEMPATH/CodeIgniter.php(907): Modules\Penguji\Controllers\Penguji->getById('2')
 3 SYSTEMPATH/CodeIgniter.php(457): CodeIgniter\CodeIgniter->runController(Object(Modules\Penguji\Controllers\Penguji))
 4 SYSTEMPATH/CodeIgniter.php(340): CodeIgniter\CodeIgniter->handleRequest(null, Object(Config\Cache), false)
 5 FCPATH/index.php(67): CodeIgniter\CodeIgniter->run()
 6 SYSTEMPATH/Commands/Server/rewrite.php(43): require_once('FCPATH/index.php')
CRITICAL - 2022-10-04 11:51:20 --> Array to string conversion
in ROOTPATH/modules/Penguji/Controllers/Penguji.php on line 86.
 1 ROOTPATH/modules/Penguji/Controllers/Penguji.php(86): CodeIgniter\Debug\Exceptions->errorHandler(8, 'Array to string conversion', 'ROOTPATH/modules/Penguji/Controllers/Penguji.php', 86, [...])
 2 SYSTEMPATH/CodeIgniter.php(907): Modules\Penguji\Controllers\Penguji->getById('2')
 3 SYSTEMPATH/CodeIgniter.php(457): CodeIgniter\CodeIgniter->runController(Object(Modules\Penguji\Controllers\Penguji))
 4 SYSTEMPATH/CodeIgniter.php(340): CodeIgniter\CodeIgniter->handleRequest(null, Object(Config\Cache), false)
 5 FCPATH/index.php(67): CodeIgniter\CodeIgniter->run()
 6 SYSTEMPATH/Commands/Server/rewrite.php(43): require_once('FCPATH/index.php')
CRITICAL - 2022-10-04 16:48:56 --> implode(): Argument must be an array
in ROOTPATH/modules/Pertanyaan/Controllers/Pertanyaan.php on line 165.
 1 [internal function]: CodeIgniter\Debug\Exceptions->errorHandler(2, 'implode(): Argument must be an array', 'ROOTPATH/modules/Pertanyaan/Controllers/Pertanyaan.php', 165, [...])
 2 ROOTPATH/modules/Pertanyaan/Controllers/Pertanyaan.php(165): implode('csrf_test_name')
 3 SYSTEMPATH/CodeIgniter.php(907): Modules\Pertanyaan\Controllers\Pertanyaan->edit('5')
 4 SYSTEMPATH/CodeIgniter.php(457): CodeIgniter\CodeIgniter->runController(Object(Modules\Pertanyaan\Controllers\Pertanyaan))
 5 SYSTEMPATH/CodeIgniter.php(340): CodeIgniter\CodeIgniter->handleRequest(null, Object(Config\Cache), false)
 6 FCPATH/index.php(67): CodeIgniter\CodeIgniter->run()
 7 SYSTEMPATH/Commands/Server/rewrite.php(43): require_once('FCPATH/index.php')
CRITICAL - 2022-10-04 16:54:04 --> Undefined offset: 1
in ROOTPATH/modules/Pertanyaan/Controllers/Pertanyaan.php on line 172.
 1 ROOTPATH/modules/Pertanyaan/Controllers/Pertanyaan.php(172): CodeIgniter\Debug\Exceptions->errorHandler(8, 'Undefined offset: 1', 'ROOTPATH/modules/Pertanyaan/Controllers/Pertanyaan.php', 172, [...])
 2 SYSTEMPATH/CodeIgniter.php(907): Modules\Pertanyaan\Controllers\Pertanyaan->edit('5')
 3 SYSTEMPATH/CodeIgniter.php(457): CodeIgniter\CodeIgniter->runController(Object(Modules\Pertanyaan\Controllers\Pertanyaan))
 4 SYSTEMPATH/CodeIgniter.php(340): CodeIgniter\CodeIgniter->handleRequest(null, Object(Config\Cache), false)
 5 FCPATH/index.php(67): CodeIgniter\CodeIgniter->run()
 6 SYSTEMPATH/Commands/Server/rewrite.php(43): require_once('FCPATH/index.php')
CRITICAL - 2022-10-04 16:54:37 --> Undefined offset: 1
in ROOTPATH/modules/Pertanyaan/Controllers/Pertanyaan.php on line 172.
 1 ROOTPATH/modules/Pertanyaan/Controllers/Pertanyaan.php(172): CodeIgniter\Debug\Exceptions->errorHandler(8, 'Undefined offset: 1', 'ROOTPATH/modules/Pertanyaan/Controllers/Pertanyaan.php', 172, [...])
 2 SYSTEMPATH/CodeIgniter.php(907): Modules\Pertanyaan\Controllers\Pertanyaan->edit('5')
 3 SYSTEMPATH/CodeIgniter.php(457): CodeIgniter\CodeIgniter->runController(Object(Modules\Pertanyaan\Controllers\Pertanyaan))
 4 SYSTEMPATH/CodeIgniter.php(340): CodeIgniter\CodeIgniter->handleRequest(null, Object(Config\Cache), false)
 5 FCPATH/index.php(67): CodeIgniter\CodeIgniter->run()
 6 SYSTEMPATH/Commands/Server/rewrite.php(43): require_once('FCPATH/index.php')
CRITICAL - 2022-10-04 16:55:28 --> Undefined offset: 1
in ROOTPATH/modules/Pertanyaan/Controllers/Pertanyaan.php on line 173.
 1 ROOTPATH/modules/Pertanyaan/Controllers/Pertanyaan.php(173): CodeIgniter\Debug\Exceptions->errorHandler(8, 'Undefined offset: 1', 'ROOTPATH/modules/Pertanyaan/Controllers/Pertanyaan.php', 173, [...])
 2 SYSTEMPATH/CodeIgniter.php(907): Modules\Pertanyaan\Controllers\Pertanyaan->edit('5')
 3 SYSTEMPATH/CodeIgniter.php(457): CodeIgniter\CodeIgniter->runController(Object(Modules\Pertanyaan\Controllers\Pertanyaan))
 4 SYSTEMPATH/CodeIgniter.php(340): CodeIgniter\CodeIgniter->handleRequest(null, Object(Config\Cache), false)
 5 FCPATH/index.php(67): CodeIgniter\CodeIgniter->run()
 6 SYSTEMPATH/Commands/Server/rewrite.php(43): require_once('FCPATH/index.php')
CRITICAL - 2022-10-04 16:55:46 --> Undefined offset: 1
in ROOTPATH/modules/Pertanyaan/Controllers/Pertanyaan.php on line 174.
 1 ROOTPATH/modules/Pertanyaan/Controllers/Pertanyaan.php(174): CodeIgniter\Debug\Exceptions->errorHandler(8, 'Undefined offset: 1', 'ROOTPATH/modules/Pertanyaan/Controllers/Pertanyaan.php', 174, [...])
 2 SYSTEMPATH/CodeIgniter.php(907): Modules\Pertanyaan\Controllers\Pertanyaan->edit('5')
 3 SYSTEMPATH/CodeIgniter.php(457): CodeIgniter\CodeIgniter->runController(Object(Modules\Pertanyaan\Controllers\Pertanyaan))
 4 SYSTEMPATH/CodeIgniter.php(340): CodeIgniter\CodeIgniter->handleRequest(null, Object(Config\Cache), false)
 5 FCPATH/index.php(67): CodeIgniter\CodeIgniter->run()
 6 SYSTEMPATH/Commands/Server/rewrite.php(43): require_once('FCPATH/index.php')
CRITICAL - 2022-10-04 17:07:19 --> Undefined property: Modules\Pertanyaan\Controllers\Pertanyaan::$settingModel
in ROOTPATH/modules/Pertanyaan/Controllers/Pertanyaan.php on line 198.
 1 ROOTPATH/modules/Pertanyaan/Controllers/Pertanyaan.php(198): CodeIgniter\Debug\Exceptions->errorHandler(8, 'Undefined property: Modules\\Pertanyaan\\Controllers\\Pertanyaan::$settingModel', 'ROOTPATH/modules/Pertanyaan/Controllers/Pertanyaan.php', 198, [...])
 2 SYSTEMPATH/CodeIgniter.php(907): Modules\Pertanyaan\Controllers\Pertanyaan->edit('5')
 3 SYSTEMPATH/CodeIgniter.php(457): CodeIgniter\CodeIgniter->runController(Object(Modules\Pertanyaan\Controllers\Pertanyaan))
 4 SYSTEMPATH/CodeIgniter.php(340): CodeIgniter\CodeIgniter->handleRequest(null, Object(Config\Cache), false)
 5 FCPATH/index.php(67): CodeIgniter\CodeIgniter->run()
 6 SYSTEMPATH/Commands/Server/rewrite.php(43): require_once('FCPATH/index.php')
