CRITICAL - 2022-10-05 11:42:22 --> Call to undefined function script_tag()
in ROOTPATH/modules/Login/Views/layout.php on line 43.
 1 SYSTEMPATH/View/View.php(213): include()
 2 SYSTEMPATH/View/View.php(216): CodeIgniter\View\View->CodeIgniter\View\{closure}()
 3 SYSTEMPATH/View/View.php(229): CodeIgniter\View\View->render('\\Modules\\Login\\Views\\layout', [], true)
 4 SYSTEMPATH/Common.php(1142): CodeIgniter\View\View->render('\\Modules\\Login\\Views\\login', [], true)
 5 VENDORPATH/myth/auth/src/Controllers/AuthController.php(412): view('\\Modules\\Login\\Views\\login', [...])
 6 VENDORPATH/myth/auth/src/Controllers/AuthController.php(58): Myth\Auth\Controllers\AuthController->_render('\\Modules\\Login\\Views\\login', [...])
 7 SYSTEMPATH/CodeIgniter.php(907): Myth\Auth\Controllers\AuthController->login()
 8 SYSTEMPATH/CodeIgniter.php(457): CodeIgniter\CodeIgniter->runController(Object(Myth\Auth\Controllers\AuthController))
 9 SYSTEMPATH/CodeIgniter.php(340): CodeIgniter\CodeIgniter->handleRequest(null, Object(Config\Cache), false)
10 FCPATH/index.php(67): CodeIgniter\CodeIgniter->run()
11 SYSTEMPATH/Commands/Server/rewrite.php(43): require_once('FCPATH/index.php')
CRITICAL - 2022-10-05 14:36:49 --> Undefined variable: title
in ROOTPATH/modules/Penilaian/Views/penilaian.php on line 9.
 1 ROOTPATH/modules/Penilaian/Views/penilaian.php(9): CodeIgniter\Debug\Exceptions->errorHandler(8, 'Undefined variable: title', 'ROOTPATH/modules/Penilaian/Views/penilaian.php', 9, [])
 2 SYSTEMPATH/View/View.php(213): include('ROOTPATH/modules/Penilaian/Views/penilaian.php')
 3 SYSTEMPATH/View/View.php(216): CodeIgniter\View\View->CodeIgniter\View\{closure}()
 4 SYSTEMPATH/Common.php(1142): CodeIgniter\View\View->render('Modules\\Penilaian\\Views\\penilaian', [], true)
 5 ROOTPATH/modules/Station/Controllers/Station.php(36): view('Modules\\Penilaian\\Views\\penilaian', [...])
 6 SYSTEMPATH/CodeIgniter.php(907): Modules\Station\Controllers\Station->login()
 7 SYSTEMPATH/CodeIgniter.php(457): CodeIgniter\CodeIgniter->runController(Object(Modules\Station\Controllers\Station))
 8 SYSTEMPATH/CodeIgniter.php(340): CodeIgniter\CodeIgniter->handleRequest(null, Object(Config\Cache), false)
 9 FCPATH/index.php(67): CodeIgniter\CodeIgniter->run()
10 SYSTEMPATH/Commands/Server/rewrite.php(43): require_once('FCPATH/index.php')
CRITICAL - 2022-10-05 14:37:06 --> Undefined variable: title
in APPPATH/Views/layout/templateHome.php on line 7.
 1 APPPATH/Views/layout/templateHome.php(7): CodeIgniter\Debug\Exceptions->errorHandler(8, 'Undefined variable: title', 'APPPATH/Views/layout/templateHome.php', 7, [])
 2 SYSTEMPATH/View/View.php(213): include('APPPATH/Views/layout/templateHome.php')
 3 SYSTEMPATH/View/View.php(216): CodeIgniter\View\View->CodeIgniter\View\{closure}()
 4 SYSTEMPATH/View/View.php(229): CodeIgniter\View\View->render('layout/templateHome', [], true)
 5 SYSTEMPATH/Common.php(1142): CodeIgniter\View\View->render('Modules\\Penilaian\\Views\\penilaian', [], true)
 6 ROOTPATH/modules/Station/Controllers/Station.php(36): view('Modules\\Penilaian\\Views\\penilaian', [...])
 7 SYSTEMPATH/CodeIgniter.php(907): Modules\Station\Controllers\Station->login()
 8 SYSTEMPATH/CodeIgniter.php(457): CodeIgniter\CodeIgniter->runController(Object(Modules\Station\Controllers\Station))
 9 SYSTEMPATH/CodeIgniter.php(340): CodeIgniter\CodeIgniter->handleRequest(null, Object(Config\Cache), false)
10 FCPATH/index.php(67): CodeIgniter\CodeIgniter->run()
11 SYSTEMPATH/Commands/Server/rewrite.php(43): require_once('FCPATH/index.php')
CRITICAL - 2022-10-05 14:40:26 --> Invalid file: layout/templatePenilain.php
in SYSTEMPATH/Exceptions/FrameworkException.php on line 33.
 1 SYSTEMPATH/View/View.php(201): CodeIgniter\Exceptions\FrameworkException::forInvalidFile('layout/templatePenilain.php')
 2 SYSTEMPATH/View/View.php(229): CodeIgniter\View\View->render('layout/templatePenilain', [], true)
 3 SYSTEMPATH/Common.php(1142): CodeIgniter\View\View->render('Modules\\Penilaian\\Views\\penilaian', [], true)
 4 ROOTPATH/modules/Station/Controllers/Station.php(40): view('Modules\\Penilaian\\Views\\penilaian', [...])
 5 SYSTEMPATH/CodeIgniter.php(907): Modules\Station\Controllers\Station->login()
 6 SYSTEMPATH/CodeIgniter.php(457): CodeIgniter\CodeIgniter->runController(Object(Modules\Station\Controllers\Station))
 7 SYSTEMPATH/CodeIgniter.php(340): CodeIgniter\CodeIgniter->handleRequest(null, Object(Config\Cache), false)
 8 FCPATH/index.php(67): CodeIgniter\CodeIgniter->run()
 9 SYSTEMPATH/Commands/Server/rewrite.php(43): require_once('FCPATH/index.php')
CRITICAL - 2022-10-05 16:15:15 --> Undefined variable: title
in ROOTPATH/modules/Penilaian/Views/penilaian.php on line 9.
 1 ROOTPATH/modules/Penilaian/Views/penilaian.php(9): CodeIgniter\Debug\Exceptions->errorHandler(8, 'Undefined variable: title', 'ROOTPATH/modules/Penilaian/Views/penilaian.php', 9, [])
 2 SYSTEMPATH/View/View.php(213): include('ROOTPATH/modules/Penilaian/Views/penilaian.php')
 3 SYSTEMPATH/View/View.php(216): CodeIgniter\View\View->CodeIgniter\View\{closure}()
 4 SYSTEMPATH/Common.php(1142): CodeIgniter\View\View->render('Modules\\Penilaian\\Views\\penilaian', [], true)
 5 ROOTPATH/modules/Penilaian/Controllers/Penilaian.php(18): view('Modules\\Penilaian\\Views\\penilaian', [])
 6 SYSTEMPATH/CodeIgniter.php(907): Modules\Penilaian\Controllers\Penilaian->index()
 7 SYSTEMPATH/CodeIgniter.php(457): CodeIgniter\CodeIgniter->runController(Object(Modules\Penilaian\Controllers\Penilaian))
 8 SYSTEMPATH/CodeIgniter.php(340): CodeIgniter\CodeIgniter->handleRequest(null, Object(Config\Cache), false)
 9 FCPATH/index.php(67): CodeIgniter\CodeIgniter->run()
10 SYSTEMPATH/Commands/Server/rewrite.php(43): require_once('FCPATH/index.php')
CRITICAL - 2022-10-05 17:06:14 --> Array to string conversion
in ROOTPATH/modules/Penilaian/Views/penilaian.php on line 17.
 1 ROOTPATH/modules/Penilaian/Views/penilaian.php(17): CodeIgniter\Debug\Exceptions->errorHandler(8, 'Array to string conversion', 'ROOTPATH/modules/Penilaian/Views/penilaian.php', 17, [...])
 2 SYSTEMPATH/View/View.php(213): include('ROOTPATH/modules/Penilaian/Views/penilaian.php')
 3 SYSTEMPATH/View/View.php(216): CodeIgniter\View\View->CodeIgniter\View\{closure}()
 4 SYSTEMPATH/Common.php(1142): CodeIgniter\View\View->render('Modules\\Penilaian\\Views\\penilaian', [], true)
 5 ROOTPATH/modules/Station/Controllers/Station.php(40): view('Modules\\Penilaian\\Views\\penilaian', [...])
 6 SYSTEMPATH/CodeIgniter.php(907): Modules\Station\Controllers\Station->login()
 7 SYSTEMPATH/CodeIgniter.php(457): CodeIgniter\CodeIgniter->runController(Object(Modules\Station\Controllers\Station))
 8 SYSTEMPATH/CodeIgniter.php(340): CodeIgniter\CodeIgniter->handleRequest(null, Object(Config\Cache), false)
 9 FCPATH/index.php(67): CodeIgniter\CodeIgniter->run()
10 SYSTEMPATH/Commands/Server/rewrite.php(43): require_once('FCPATH/index.php')
CRITICAL - 2022-10-05 17:10:03 --> Undefined offset: 4
in APPPATH/Helpers/validation_helper.php on line 24.
 1 APPPATH/Helpers/validation_helper.php(24): CodeIgniter\Debug\Exceptions->errorHandler(8, 'Undefined offset: 4', 'APPPATH/Helpers/validation_helper.php', 24, [...])
 2 ROOTPATH/modules/Penilaian/Views/penilaian.php(17): susunpeserta()
 3 SYSTEMPATH/View/View.php(213): include('ROOTPATH/modules/Penilaian/Views/penilaian.php')
 4 SYSTEMPATH/View/View.php(216): CodeIgniter\View\View->CodeIgniter\View\{closure}()
 5 SYSTEMPATH/Common.php(1142): CodeIgniter\View\View->render('Modules\\Penilaian\\Views\\penilaian', [], true)
 6 ROOTPATH/modules/Station/Controllers/Station.php(40): view('Modules\\Penilaian\\Views\\penilaian', [...])
 7 SYSTEMPATH/CodeIgniter.php(907): Modules\Station\Controllers\Station->login()
 8 SYSTEMPATH/CodeIgniter.php(457): CodeIgniter\CodeIgniter->runController(Object(Modules\Station\Controllers\Station))
 9 SYSTEMPATH/CodeIgniter.php(340): CodeIgniter\CodeIgniter->handleRequest(null, Object(Config\Cache), false)
10 FCPATH/index.php(67): CodeIgniter\CodeIgniter->run()
11 SYSTEMPATH/Commands/Server/rewrite.php(43): require_once('FCPATH/index.php')
CRITICAL - 2022-10-05 17:15:19 --> Allowed memory size of 134217728 bytes exhausted (tried to allocate 134217736 bytes)
in APPPATH/Helpers/validation_helper.php on line 24.
 1 [internal function]: CodeIgniter\Debug\Exceptions->shutdownHandler()
CRITICAL - 2022-10-05 22:19:17 --> A non-numeric value encountered
in ROOTPATH/modules/Penguji/Controllers/Penguji.php on line 129.
 1 ROOTPATH/modules/Penguji/Controllers/Penguji.php(129): CodeIgniter\Debug\Exceptions->errorHandler(2, 'A non-numeric value encountered', 'ROOTPATH/modules/Penguji/Controllers/Penguji.php', 129, [...])
 2 SYSTEMPATH/CodeIgniter.php(907): Modules\Penguji\Controllers\Penguji->edit('5')
 3 SYSTEMPATH/CodeIgniter.php(457): CodeIgniter\CodeIgniter->runController(Object(Modules\Penguji\Controllers\Penguji))
 4 SYSTEMPATH/CodeIgniter.php(340): CodeIgniter\CodeIgniter->handleRequest(null, Object(Config\Cache), false)
 5 FCPATH/index.php(67): CodeIgniter\CodeIgniter->run()
 6 SYSTEMPATH/Commands/Server/rewrite.php(43): require_once('FCPATH/index.php')
CRITICAL - 2022-10-05 22:29:04 --> count(): Parameter must be an array or an object that implements Countable
in APPPATH/Helpers/validation_helper.php on line 18.
 1 APPPATH/Helpers/validation_helper.php(18): CodeIgniter\Debug\Exceptions->errorHandler(2, 'count(): Parameter must be an array or an object that implements Countable', 'APPPATH/Helpers/validation_helper.php', 18, [...])
 2 ROOTPATH/modules/Penguji/Controllers/Penguji.php(134): susunpeserta('1607210042', 1)
 3 SYSTEMPATH/CodeIgniter.php(907): Modules\Penguji\Controllers\Penguji->edit('5')
 4 SYSTEMPATH/CodeIgniter.php(457): CodeIgniter\CodeIgniter->runController(Object(Modules\Penguji\Controllers\Penguji))
 5 SYSTEMPATH/CodeIgniter.php(340): CodeIgniter\CodeIgniter->handleRequest(null, Object(Config\Cache), false)
 6 FCPATH/index.php(67): CodeIgniter\CodeIgniter->run()
 7 SYSTEMPATH/Commands/Server/rewrite.php(43): require_once('FCPATH/index.php')
