ERROR - 2022-10-10 10:39:18 --> ErrorException: pg_query(): Query failed: ERROR:  SELECT * with no tables specified is not valid
LINE 7: AND &quot;peserta&quot;.&quot;peserta&quot; NOT IN (SELECT *)
                                               ^ in /Users/ivan/Codeigniter/osce_v2/vendor/codeigniter4/framework/system/Database/Postgre/Connection.php:140
Stack trace:
#0 [internal function]: CodeIgniter\Debug\Exceptions->errorHandler(2, 'pg_query(): Que...', '/Users/ivan/Cod...', 140, Array)
#1 /Users/ivan/Codeigniter/osce_v2/vendor/codeigniter4/framework/system/Database/Postgre/Connection.php(140): pg_query(Resource id #19, 'SELECT *\nFROM f...')
#2 /Users/ivan/Codeigniter/osce_v2/vendor/codeigniter4/framework/system/Database/BaseConnection.php(693): CodeIgniter\Database\Postgre\Connection->execute('SELECT *\nFROM f...')
#3 /Users/ivan/Codeigniter/osce_v2/vendor/codeigniter4/framework/system/Database/BaseConnection.php(620): CodeIgniter\Database\BaseConnection->simpleQuery('SELECT *\nFROM f...')
#4 /Users/ivan/Codeigniter/osce_v2/vendor/codeigniter4/framework/system/Database/BaseBuilder.php(1585): CodeIgniter\Database\BaseConnection->query('SELECT *\nFROM f...', Array, false)
#5 /Users/ivan/Codeigniter/osce_v2/modules/Penilaian/Models/PenilaianModel.php(39): CodeIgniter\Database\BaseBuilder->get()
#6 /Users/ivan/Codeigniter/osce_v2/modules/Penilaian/Controllers/Penilaian.php(41): Modules\Penilaian\Models\PenilaianModel->getPeserta(Array, Array)
#7 /Users/ivan/Codeigniter/osce_v2/vendor/codeigniter4/framework/system/CodeIgniter.php(907): Modules\Penilaian\Controllers\Penilaian->index()
#8 /Users/ivan/Codeigniter/osce_v2/vendor/codeigniter4/framework/system/CodeIgniter.php(457): CodeIgniter\CodeIgniter->runController(Object(Modules\Penilaian\Controllers\Penilaian))
#9 /Users/ivan/Codeigniter/osce_v2/vendor/codeigniter4/framework/system/CodeIgniter.php(340): CodeIgniter\CodeIgniter->handleRequest(NULL, Object(Config\Cache), false)
#10 /Users/ivan/Codeigniter/osce_v2/public/index.php(67): CodeIgniter\CodeIgniter->run()
#11 /Users/ivan/Codeigniter/osce_v2/vendor/codeigniter4/framework/system/Commands/Server/rewrite.php(43): require_once('/Users/ivan/Cod...')
#12 {main}
CRITICAL - 2022-10-10 10:39:18 --> pg_query(): Query failed: ERROR:  SELECT * with no tables specified is not valid
LINE 7: AND &quot;peserta&quot;.&quot;peserta&quot; NOT IN (SELECT *)
                                               ^
in SYSTEMPATH/Database/Postgre/Connection.php on line 140.
 1 [internal function]: CodeIgniter\Debug\Exceptions->errorHandler(2, 'pg_query(): Query failed: ERROR:  SELECT * with no tables specified is not valid
LINE 7: AND &quot;peserta&quot;.&quot;peserta&quot; NOT IN (SELECT *)
                                               ^', 'SYSTEMPATH/Database/Postgre/Connection.php', 140, [...])
 2 SYSTEMPATH/Database/Postgre/Connection.php(140): pg_query(resource (pgsql link), 'SELECT *
FROM function_mahasiswa_station() as peserta
LEFT JOIN "grade" ON grade."gradeSetId" = peserta."setId" and grade."gradeMahasiswa"= peserta."peserta"
WHERE "peserta"."setId" = \'8\'
AND "peserta"."lokasiId" = \'1\'
AND "peserta"."stationId" = \'1\'
AND "peserta"."peserta" NOT IN (SELECT *)')
 3 SYSTEMPATH/Database/BaseConnection.php(693): CodeIgniter\Database\Postgre\Connection->execute('SELECT *
FROM function_mahasiswa_station() as peserta
LEFT JOIN "grade" ON grade."gradeSetId" = peserta."setId" and grade."gradeMahasiswa"= peserta."peserta"
WHERE "peserta"."setId" = \'8\'
AND "peserta"."lokasiId" = \'1\'
AND "peserta"."stationId" = \'1\'
AND "peserta"."peserta" NOT IN (SELECT *)')
 4 SYSTEMPATH/Database/BaseConnection.php(620): CodeIgniter\Database\BaseConnection->simpleQuery('SELECT *
FROM function_mahasiswa_station() as peserta
LEFT JOIN "grade" ON grade."gradeSetId" = peserta."setId" and grade."gradeMahasiswa"= peserta."peserta"
WHERE "peserta"."setId" = \'8\'
AND "peserta"."lokasiId" = \'1\'
AND "peserta"."stationId" = \'1\'
AND "peserta"."peserta" NOT IN (SELECT *)')
 5 SYSTEMPATH/Database/BaseBuilder.php(1585): CodeIgniter\Database\BaseConnection->query('SELECT *
FROM function_mahasiswa_station() as peserta
LEFT JOIN "grade" ON grade."gradeSetId" = peserta."setId" and grade."gradeMahasiswa"= peserta."peserta"
WHERE "peserta"."setId" = :peserta."setId":
AND "peserta"."lokasiId" = :peserta."lokasiId":
AND "peserta"."stationId" = :peserta."stationId":
AND "peserta"."peserta" NOT IN :peserta."peserta":', [...], false)
 6 ROOTPATH/modules/Penilaian/Models/PenilaianModel.php(39): CodeIgniter\Database\BaseBuilder->get()
 7 ROOTPATH/modules/Penilaian/Controllers/Penilaian.php(41): Modules\Penilaian\Models\PenilaianModel->getPeserta([...], [...])
 8 SYSTEMPATH/CodeIgniter.php(907): Modules\Penilaian\Controllers\Penilaian->index()
 9 SYSTEMPATH/CodeIgniter.php(457): CodeIgniter\CodeIgniter->runController(Object(Modules\Penilaian\Controllers\Penilaian))
10 SYSTEMPATH/CodeIgniter.php(340): CodeIgniter\CodeIgniter->handleRequest(null, Object(Config\Cache), false)
11 FCPATH/index.php(67): CodeIgniter\CodeIgniter->run()
12 SYSTEMPATH/Commands/Server/rewrite.php(43): require_once('FCPATH/index.php')
ERROR - 2022-10-10 10:39:52 --> ErrorException: pg_query(): Query failed: ERROR:  SELECT * with no tables specified is not valid
LINE 7: AND &quot;peserta&quot;.&quot;peserta&quot; NOT IN (SELECT *)
                                               ^ in /Users/ivan/Codeigniter/osce_v2/vendor/codeigniter4/framework/system/Database/Postgre/Connection.php:140
Stack trace:
#0 [internal function]: CodeIgniter\Debug\Exceptions->errorHandler(2, 'pg_query(): Que...', '/Users/ivan/Cod...', 140, Array)
#1 /Users/ivan/Codeigniter/osce_v2/vendor/codeigniter4/framework/system/Database/Postgre/Connection.php(140): pg_query(Resource id #17, 'SELECT *\nFROM f...')
#2 /Users/ivan/Codeigniter/osce_v2/vendor/codeigniter4/framework/system/Database/BaseConnection.php(693): CodeIgniter\Database\Postgre\Connection->execute('SELECT *\nFROM f...')
#3 /Users/ivan/Codeigniter/osce_v2/vendor/codeigniter4/framework/system/Database/BaseConnection.php(620): CodeIgniter\Database\BaseConnection->simpleQuery('SELECT *\nFROM f...')
#4 /Users/ivan/Codeigniter/osce_v2/vendor/codeigniter4/framework/system/Database/BaseBuilder.php(1585): CodeIgniter\Database\BaseConnection->query('SELECT *\nFROM f...', Array, false)
#5 /Users/ivan/Codeigniter/osce_v2/modules/Penilaian/Models/PenilaianModel.php(39): CodeIgniter\Database\BaseBuilder->get()
#6 /Users/ivan/Codeigniter/osce_v2/modules/Penilaian/Controllers/Penilaian.php(41): Modules\Penilaian\Models\PenilaianModel->getPeserta(Array, Array)
#7 /Users/ivan/Codeigniter/osce_v2/vendor/codeigniter4/framework/system/CodeIgniter.php(907): Modules\Penilaian\Controllers\Penilaian->index()
#8 /Users/ivan/Codeigniter/osce_v2/vendor/codeigniter4/framework/system/CodeIgniter.php(457): CodeIgniter\CodeIgniter->runController(Object(Modules\Penilaian\Controllers\Penilaian))
#9 /Users/ivan/Codeigniter/osce_v2/vendor/codeigniter4/framework/system/CodeIgniter.php(340): CodeIgniter\CodeIgniter->handleRequest(NULL, Object(Config\Cache), false)
#10 /Users/ivan/Codeigniter/osce_v2/public/index.php(67): CodeIgniter\CodeIgniter->run()
#11 /Users/ivan/Codeigniter/osce_v2/vendor/codeigniter4/framework/system/Commands/Server/rewrite.php(43): require_once('/Users/ivan/Cod...')
#12 {main}
CRITICAL - 2022-10-10 10:39:52 --> pg_query(): Query failed: ERROR:  SELECT * with no tables specified is not valid
LINE 7: AND &quot;peserta&quot;.&quot;peserta&quot; NOT IN (SELECT *)
                                               ^
in SYSTEMPATH/Database/Postgre/Connection.php on line 140.
 1 [internal function]: CodeIgniter\Debug\Exceptions->errorHandler(2, 'pg_query(): Query failed: ERROR:  SELECT * with no tables specified is not valid
LINE 7: AND &quot;peserta&quot;.&quot;peserta&quot; NOT IN (SELECT *)
                                               ^', 'SYSTEMPATH/Database/Postgre/Connection.php', 140, [...])
 2 SYSTEMPATH/Database/Postgre/Connection.php(140): pg_query(resource (pgsql link), 'SELECT *
FROM function_mahasiswa_station() as peserta
LEFT JOIN "grade" ON grade."gradeSetId" = peserta."setId" and grade."gradeMahasiswa"= peserta."peserta"
WHERE "peserta"."setId" = \'8\'
AND "peserta"."lokasiId" = \'1\'
AND "peserta"."stationId" = \'1\'
AND "peserta"."peserta" NOT IN (SELECT *)')
 3 SYSTEMPATH/Database/BaseConnection.php(693): CodeIgniter\Database\Postgre\Connection->execute('SELECT *
FROM function_mahasiswa_station() as peserta
LEFT JOIN "grade" ON grade."gradeSetId" = peserta."setId" and grade."gradeMahasiswa"= peserta."peserta"
WHERE "peserta"."setId" = \'8\'
AND "peserta"."lokasiId" = \'1\'
AND "peserta"."stationId" = \'1\'
AND "peserta"."peserta" NOT IN (SELECT *)')
 4 SYSTEMPATH/Database/BaseConnection.php(620): CodeIgniter\Database\BaseConnection->simpleQuery('SELECT *
FROM function_mahasiswa_station() as peserta
LEFT JOIN "grade" ON grade."gradeSetId" = peserta."setId" and grade."gradeMahasiswa"= peserta."peserta"
WHERE "peserta"."setId" = \'8\'
AND "peserta"."lokasiId" = \'1\'
AND "peserta"."stationId" = \'1\'
AND "peserta"."peserta" NOT IN (SELECT *)')
 5 SYSTEMPATH/Database/BaseBuilder.php(1585): CodeIgniter\Database\BaseConnection->query('SELECT *
FROM function_mahasiswa_station() as peserta
LEFT JOIN "grade" ON grade."gradeSetId" = peserta."setId" and grade."gradeMahasiswa"= peserta."peserta"
WHERE "peserta"."setId" = :peserta."setId":
AND "peserta"."lokasiId" = :peserta."lokasiId":
AND "peserta"."stationId" = :peserta."stationId":
AND "peserta"."peserta" NOT IN :peserta."peserta":', [...], false)
 6 ROOTPATH/modules/Penilaian/Models/PenilaianModel.php(39): CodeIgniter\Database\BaseBuilder->get()
 7 ROOTPATH/modules/Penilaian/Controllers/Penilaian.php(41): Modules\Penilaian\Models\PenilaianModel->getPeserta([...], [...])
 8 SYSTEMPATH/CodeIgniter.php(907): Modules\Penilaian\Controllers\Penilaian->index()
 9 SYSTEMPATH/CodeIgniter.php(457): CodeIgniter\CodeIgniter->runController(Object(Modules\Penilaian\Controllers\Penilaian))
10 SYSTEMPATH/CodeIgniter.php(340): CodeIgniter\CodeIgniter->handleRequest(null, Object(Config\Cache), false)
11 FCPATH/index.php(67): CodeIgniter\CodeIgniter->run()
12 SYSTEMPATH/Commands/Server/rewrite.php(43): require_once('FCPATH/index.php')
ERROR - 2022-10-10 10:41:26 --> ErrorException: pg_query(): Query failed: ERROR:  SELECT * with no tables specified is not valid
LINE 7: AND &quot;peserta&quot;.&quot;peserta&quot; NOT IN (SELECT *)
                                               ^ in /Users/ivan/Codeigniter/osce_v2/vendor/codeigniter4/framework/system/Database/Postgre/Connection.php:140
Stack trace:
#0 [internal function]: CodeIgniter\Debug\Exceptions->errorHandler(2, 'pg_query(): Que...', '/Users/ivan/Cod...', 140, Array)
#1 /Users/ivan/Codeigniter/osce_v2/vendor/codeigniter4/framework/system/Database/Postgre/Connection.php(140): pg_query(Resource id #17, 'SELECT *\nFROM f...')
#2 /Users/ivan/Codeigniter/osce_v2/vendor/codeigniter4/framework/system/Database/BaseConnection.php(693): CodeIgniter\Database\Postgre\Connection->execute('SELECT *\nFROM f...')
#3 /Users/ivan/Codeigniter/osce_v2/vendor/codeigniter4/framework/system/Database/BaseConnection.php(620): CodeIgniter\Database\BaseConnection->simpleQuery('SELECT *\nFROM f...')
#4 /Users/ivan/Codeigniter/osce_v2/vendor/codeigniter4/framework/system/Database/BaseBuilder.php(1585): CodeIgniter\Database\BaseConnection->query('SELECT *\nFROM f...', Array, false)
#5 /Users/ivan/Codeigniter/osce_v2/modules/Penilaian/Models/PenilaianModel.php(39): CodeIgniter\Database\BaseBuilder->get()
#6 /Users/ivan/Codeigniter/osce_v2/modules/Penilaian/Controllers/Penilaian.php(41): Modules\Penilaian\Models\PenilaianModel->getPeserta(Array, Array)
#7 /Users/ivan/Codeigniter/osce_v2/vendor/codeigniter4/framework/system/CodeIgniter.php(907): Modules\Penilaian\Controllers\Penilaian->index()
#8 /Users/ivan/Codeigniter/osce_v2/vendor/codeigniter4/framework/system/CodeIgniter.php(457): CodeIgniter\CodeIgniter->runController(Object(Modules\Penilaian\Controllers\Penilaian))
#9 /Users/ivan/Codeigniter/osce_v2/vendor/codeigniter4/framework/system/CodeIgniter.php(340): CodeIgniter\CodeIgniter->handleRequest(NULL, Object(Config\Cache), false)
#10 /Users/ivan/Codeigniter/osce_v2/public/index.php(67): CodeIgniter\CodeIgniter->run()
#11 /Users/ivan/Codeigniter/osce_v2/vendor/codeigniter4/framework/system/Commands/Server/rewrite.php(43): require_once('/Users/ivan/Cod...')
#12 {main}
CRITICAL - 2022-10-10 10:41:26 --> pg_query(): Query failed: ERROR:  SELECT * with no tables specified is not valid
LINE 7: AND &quot;peserta&quot;.&quot;peserta&quot; NOT IN (SELECT *)
                                               ^
in SYSTEMPATH/Database/Postgre/Connection.php on line 140.
 1 [internal function]: CodeIgniter\Debug\Exceptions->errorHandler(2, 'pg_query(): Query failed: ERROR:  SELECT * with no tables specified is not valid
LINE 7: AND &quot;peserta&quot;.&quot;peserta&quot; NOT IN (SELECT *)
                                               ^', 'SYSTEMPATH/Database/Postgre/Connection.php', 140, [...])
 2 SYSTEMPATH/Database/Postgre/Connection.php(140): pg_query(resource (pgsql link), 'SELECT *
FROM function_mahasiswa_station() as peserta
LEFT JOIN "grade" ON grade."gradeSetId" = peserta."setId" and grade."gradeMahasiswa"= peserta."peserta"
WHERE "peserta"."setId" = \'8\'
AND "peserta"."lokasiId" = \'1\'
AND "peserta"."stationId" = \'1\'
AND "peserta"."peserta" NOT IN (SELECT *)')
 3 SYSTEMPATH/Database/BaseConnection.php(693): CodeIgniter\Database\Postgre\Connection->execute('SELECT *
FROM function_mahasiswa_station() as peserta
LEFT JOIN "grade" ON grade."gradeSetId" = peserta."setId" and grade."gradeMahasiswa"= peserta."peserta"
WHERE "peserta"."setId" = \'8\'
AND "peserta"."lokasiId" = \'1\'
AND "peserta"."stationId" = \'1\'
AND "peserta"."peserta" NOT IN (SELECT *)')
 4 SYSTEMPATH/Database/BaseConnection.php(620): CodeIgniter\Database\BaseConnection->simpleQuery('SELECT *
FROM function_mahasiswa_station() as peserta
LEFT JOIN "grade" ON grade."gradeSetId" = peserta."setId" and grade."gradeMahasiswa"= peserta."peserta"
WHERE "peserta"."setId" = \'8\'
AND "peserta"."lokasiId" = \'1\'
AND "peserta"."stationId" = \'1\'
AND "peserta"."peserta" NOT IN (SELECT *)')
 5 SYSTEMPATH/Database/BaseBuilder.php(1585): CodeIgniter\Database\BaseConnection->query('SELECT *
FROM function_mahasiswa_station() as peserta
LEFT JOIN "grade" ON grade."gradeSetId" = peserta."setId" and grade."gradeMahasiswa"= peserta."peserta"
WHERE "peserta"."setId" = :peserta."setId":
AND "peserta"."lokasiId" = :peserta."lokasiId":
AND "peserta"."stationId" = :peserta."stationId":
AND "peserta"."peserta" NOT IN :peserta."peserta":', [...], false)
 6 ROOTPATH/modules/Penilaian/Models/PenilaianModel.php(39): CodeIgniter\Database\BaseBuilder->get()
 7 ROOTPATH/modules/Penilaian/Controllers/Penilaian.php(41): Modules\Penilaian\Models\PenilaianModel->getPeserta([...], [...])
 8 SYSTEMPATH/CodeIgniter.php(907): Modules\Penilaian\Controllers\Penilaian->index()
 9 SYSTEMPATH/CodeIgniter.php(457): CodeIgniter\CodeIgniter->runController(Object(Modules\Penilaian\Controllers\Penilaian))
10 SYSTEMPATH/CodeIgniter.php(340): CodeIgniter\CodeIgniter->handleRequest(null, Object(Config\Cache), false)
11 FCPATH/index.php(67): CodeIgniter\CodeIgniter->run()
12 SYSTEMPATH/Commands/Server/rewrite.php(43): require_once('FCPATH/index.php')
ERROR - 2022-10-10 10:42:38 --> ErrorException: pg_query(): Query failed: ERROR:  SELECT * with no tables specified is not valid
LINE 7: AND &quot;peserta&quot;.&quot;peserta&quot; NOT IN (SELECT *)
                                               ^ in /Users/ivan/Codeigniter/osce_v2/vendor/codeigniter4/framework/system/Database/Postgre/Connection.php:140
Stack trace:
#0 [internal function]: CodeIgniter\Debug\Exceptions->errorHandler(2, 'pg_query(): Que...', '/Users/ivan/Cod...', 140, Array)
#1 /Users/ivan/Codeigniter/osce_v2/vendor/codeigniter4/framework/system/Database/Postgre/Connection.php(140): pg_query(Resource id #17, 'SELECT *\nFROM f...')
#2 /Users/ivan/Codeigniter/osce_v2/vendor/codeigniter4/framework/system/Database/BaseConnection.php(693): CodeIgniter\Database\Postgre\Connection->execute('SELECT *\nFROM f...')
#3 /Users/ivan/Codeigniter/osce_v2/vendor/codeigniter4/framework/system/Database/BaseConnection.php(620): CodeIgniter\Database\BaseConnection->simpleQuery('SELECT *\nFROM f...')
#4 /Users/ivan/Codeigniter/osce_v2/vendor/codeigniter4/framework/system/Database/BaseBuilder.php(1585): CodeIgniter\Database\BaseConnection->query('SELECT *\nFROM f...', Array, false)
#5 /Users/ivan/Codeigniter/osce_v2/modules/Penilaian/Models/PenilaianModel.php(40): CodeIgniter\Database\BaseBuilder->get()
#6 /Users/ivan/Codeigniter/osce_v2/modules/Penilaian/Controllers/Penilaian.php(41): Modules\Penilaian\Models\PenilaianModel->getPeserta(Array, Array)
#7 /Users/ivan/Codeigniter/osce_v2/vendor/codeigniter4/framework/system/CodeIgniter.php(907): Modules\Penilaian\Controllers\Penilaian->index()
#8 /Users/ivan/Codeigniter/osce_v2/vendor/codeigniter4/framework/system/CodeIgniter.php(457): CodeIgniter\CodeIgniter->runController(Object(Modules\Penilaian\Controllers\Penilaian))
#9 /Users/ivan/Codeigniter/osce_v2/vendor/codeigniter4/framework/system/CodeIgniter.php(340): CodeIgniter\CodeIgniter->handleRequest(NULL, Object(Config\Cache), false)
#10 /Users/ivan/Codeigniter/osce_v2/public/index.php(67): CodeIgniter\CodeIgniter->run()
#11 /Users/ivan/Codeigniter/osce_v2/vendor/codeigniter4/framework/system/Commands/Server/rewrite.php(43): require_once('/Users/ivan/Cod...')
#12 {main}
CRITICAL - 2022-10-10 10:42:38 --> pg_query(): Query failed: ERROR:  SELECT * with no tables specified is not valid
LINE 7: AND &quot;peserta&quot;.&quot;peserta&quot; NOT IN (SELECT *)
                                               ^
in SYSTEMPATH/Database/Postgre/Connection.php on line 140.
 1 [internal function]: CodeIgniter\Debug\Exceptions->errorHandler(2, 'pg_query(): Query failed: ERROR:  SELECT * with no tables specified is not valid
LINE 7: AND &quot;peserta&quot;.&quot;peserta&quot; NOT IN (SELECT *)
                                               ^', 'SYSTEMPATH/Database/Postgre/Connection.php', 140, [...])
 2 SYSTEMPATH/Database/Postgre/Connection.php(140): pg_query(resource (pgsql link), 'SELECT *
FROM function_mahasiswa_station() as peserta
LEFT JOIN "grade" ON grade."gradeSetId" = peserta."setId" and grade."gradeMahasiswa"= peserta."peserta"
WHERE "peserta"."setId" = \'8\'
AND "peserta"."lokasiId" = \'1\'
AND "peserta"."stationId" = \'1\'
AND "peserta"."peserta" NOT IN (SELECT *)')
 3 SYSTEMPATH/Database/BaseConnection.php(693): CodeIgniter\Database\Postgre\Connection->execute('SELECT *
FROM function_mahasiswa_station() as peserta
LEFT JOIN "grade" ON grade."gradeSetId" = peserta."setId" and grade."gradeMahasiswa"= peserta."peserta"
WHERE "peserta"."setId" = \'8\'
AND "peserta"."lokasiId" = \'1\'
AND "peserta"."stationId" = \'1\'
AND "peserta"."peserta" NOT IN (SELECT *)')
 4 SYSTEMPATH/Database/BaseConnection.php(620): CodeIgniter\Database\BaseConnection->simpleQuery('SELECT *
FROM function_mahasiswa_station() as peserta
LEFT JOIN "grade" ON grade."gradeSetId" = peserta."setId" and grade."gradeMahasiswa"= peserta."peserta"
WHERE "peserta"."setId" = \'8\'
AND "peserta"."lokasiId" = \'1\'
AND "peserta"."stationId" = \'1\'
AND "peserta"."peserta" NOT IN (SELECT *)')
 5 SYSTEMPATH/Database/BaseBuilder.php(1585): CodeIgniter\Database\BaseConnection->query('SELECT *
FROM function_mahasiswa_station() as peserta
LEFT JOIN "grade" ON grade."gradeSetId" = peserta."setId" and grade."gradeMahasiswa"= peserta."peserta"
WHERE "peserta"."setId" = :peserta."setId":
AND "peserta"."lokasiId" = :peserta."lokasiId":
AND "peserta"."stationId" = :peserta."stationId":
AND "peserta"."peserta" NOT IN :peserta."peserta":', [...], false)
 6 ROOTPATH/modules/Penilaian/Models/PenilaianModel.php(40): CodeIgniter\Database\BaseBuilder->get()
 7 ROOTPATH/modules/Penilaian/Controllers/Penilaian.php(41): Modules\Penilaian\Models\PenilaianModel->getPeserta([...], [...])
 8 SYSTEMPATH/CodeIgniter.php(907): Modules\Penilaian\Controllers\Penilaian->index()
 9 SYSTEMPATH/CodeIgniter.php(457): CodeIgniter\CodeIgniter->runController(Object(Modules\Penilaian\Controllers\Penilaian))
10 SYSTEMPATH/CodeIgniter.php(340): CodeIgniter\CodeIgniter->handleRequest(null, Object(Config\Cache), false)
11 FCPATH/index.php(67): CodeIgniter\CodeIgniter->run()
12 SYSTEMPATH/Commands/Server/rewrite.php(43): require_once('FCPATH/index.php')
CRITICAL - 2022-10-10 10:57:02 --> Undefined variable: menu
in ROOTPATH/modules/Maintenance/Views/maintenance.php on line 5.
 1 ROOTPATH/modules/Maintenance/Views/maintenance.php(5): CodeIgniter\Debug\Exceptions->errorHandler(8, 'Undefined variable: menu', 'ROOTPATH/modules/Maintenance/Views/maintenance.php', 5, [...])
 2 SYSTEMPATH/View/View.php(213): include('ROOTPATH/modules/Maintenance/Views/maintenance.php')
 3 SYSTEMPATH/View/View.php(216): CodeIgniter\View\View->CodeIgniter\View\{closure}()
 4 SYSTEMPATH/Common.php(1142): CodeIgniter\View\View->render('Modules\\Maintenance\\Views\\maintenance', [], true)
 5 ROOTPATH/modules/Penilaian/Controllers/Penilaian.php(51): view('Modules\\Maintenance\\Views\\maintenance', [...])
 6 SYSTEMPATH/CodeIgniter.php(907): Modules\Penilaian\Controllers\Penilaian->index()
 7 SYSTEMPATH/CodeIgniter.php(457): CodeIgniter\CodeIgniter->runController(Object(Modules\Penilaian\Controllers\Penilaian))
 8 SYSTEMPATH/CodeIgniter.php(340): CodeIgniter\CodeIgniter->handleRequest(null, Object(Config\Cache), false)
 9 FCPATH/index.php(67): CodeIgniter\CodeIgniter->run()
10 SYSTEMPATH/Commands/Server/rewrite.php(43): require_once('FCPATH/index.php')
CRITICAL - 2022-10-10 11:57:36 --> Class 'App\Filters\Penilaian' not found
in SYSTEMPATH/Filters/Filters.php on line 166.
 1 SYSTEMPATH/CodeIgniter.php(431): CodeIgniter\Filters\Filters->run('penilaian', 'before')
 2 SYSTEMPATH/CodeIgniter.php(340): CodeIgniter\CodeIgniter->handleRequest(null, Object(Config\Cache), false)
 3 FCPATH/index.php(67): CodeIgniter\CodeIgniter->run()
 4 SYSTEMPATH/Commands/Server/rewrite.php(43): require_once('FCPATH/index.php')
CRITICAL - 2022-10-10 12:22:23 --> station filter must have a matching alias defined.
in SYSTEMPATH/Filters/Filters.php on line 340.
 1 SYSTEMPATH/Filters/Filters.php(340): CodeIgniter\Filters\Exceptions\FilterException::forNoAlias('station')
 2 SYSTEMPATH/CodeIgniter.php(422): CodeIgniter\Filters\Filters->enableFilter('station', 'before')
 3 SYSTEMPATH/CodeIgniter.php(340): CodeIgniter\CodeIgniter->handleRequest(null, Object(Config\Cache), false)
 4 FCPATH/index.php(67): CodeIgniter\CodeIgniter->run()
 5 SYSTEMPATH/Commands/Server/rewrite.php(43): require_once('FCPATH/index.php')
CRITICAL - 2022-10-10 12:23:09 --> Illegal offset type
in SYSTEMPATH/Session/Session.php on line 469.
 1 SYSTEMPATH/Session/Session.php(469): CodeIgniter\Debug\Exceptions->errorHandler(2, 'Illegal offset type', 'SYSTEMPATH/Session/Session.php', 469, [...])
 2 ROOTPATH/modules/Station/Controllers/Station.php(33): CodeIgniter\Session\Session->set([...])
 3 SYSTEMPATH/CodeIgniter.php(907): Modules\Station\Controllers\Station->login()
 4 SYSTEMPATH/CodeIgniter.php(457): CodeIgniter\CodeIgniter->runController(Object(Modules\Station\Controllers\Station))
 5 SYSTEMPATH/CodeIgniter.php(340): CodeIgniter\CodeIgniter->handleRequest(null, Object(Config\Cache), false)
 6 FCPATH/index.php(67): CodeIgniter\CodeIgniter->run()
 7 SYSTEMPATH/Commands/Server/rewrite.php(43): require_once('FCPATH/index.php')
CRITICAL - 2022-10-10 12:38:41 --> Illegal offset type
in SYSTEMPATH/Session/Session.php on line 469.
 1 SYSTEMPATH/Session/Session.php(469): CodeIgniter\Debug\Exceptions->errorHandler(2, 'Illegal offset type', 'SYSTEMPATH/Session/Session.php', 469, [...])
 2 ROOTPATH/modules/Station/Controllers/Station.php(33): CodeIgniter\Session\Session->set([...])
 3 SYSTEMPATH/CodeIgniter.php(907): Modules\Station\Controllers\Station->login()
 4 SYSTEMPATH/CodeIgniter.php(457): CodeIgniter\CodeIgniter->runController(Object(Modules\Station\Controllers\Station))
 5 SYSTEMPATH/CodeIgniter.php(340): CodeIgniter\CodeIgniter->handleRequest(null, Object(Config\Cache), false)
 6 FCPATH/index.php(67): CodeIgniter\CodeIgniter->run()
 7 SYSTEMPATH/Commands/Server/rewrite.php(43): require_once('FCPATH/index.php')
CRITICAL - 2022-10-10 12:38:42 --> Illegal offset type
in SYSTEMPATH/Session/Session.php on line 469.
 1 SYSTEMPATH/Session/Session.php(469): CodeIgniter\Debug\Exceptions->errorHandler(2, 'Illegal offset type', 'SYSTEMPATH/Session/Session.php', 469, [...])
 2 ROOTPATH/modules/Station/Controllers/Station.php(33): CodeIgniter\Session\Session->set([...])
 3 SYSTEMPATH/CodeIgniter.php(907): Modules\Station\Controllers\Station->login()
 4 SYSTEMPATH/CodeIgniter.php(457): CodeIgniter\CodeIgniter->runController(Object(Modules\Station\Controllers\Station))
 5 SYSTEMPATH/CodeIgniter.php(340): CodeIgniter\CodeIgniter->handleRequest(null, Object(Config\Cache), false)
 6 FCPATH/index.php(67): CodeIgniter\CodeIgniter->run()
 7 SYSTEMPATH/Commands/Server/rewrite.php(43): require_once('FCPATH/index.php')
CRITICAL - 2022-10-10 12:38:49 --> Illegal offset type
in SYSTEMPATH/Session/Session.php on line 469.
 1 SYSTEMPATH/Session/Session.php(469): CodeIgniter\Debug\Exceptions->errorHandler(2, 'Illegal offset type', 'SYSTEMPATH/Session/Session.php', 469, [...])
 2 ROOTPATH/modules/Station/Controllers/Station.php(33): CodeIgniter\Session\Session->set([...])
 3 SYSTEMPATH/CodeIgniter.php(907): Modules\Station\Controllers\Station->login()
 4 SYSTEMPATH/CodeIgniter.php(457): CodeIgniter\CodeIgniter->runController(Object(Modules\Station\Controllers\Station))
 5 SYSTEMPATH/CodeIgniter.php(340): CodeIgniter\CodeIgniter->handleRequest(null, Object(Config\Cache), false)
 6 FCPATH/index.php(67): CodeIgniter\CodeIgniter->run()
 7 SYSTEMPATH/Commands/Server/rewrite.php(43): require_once('FCPATH/index.php')
CRITICAL - 2022-10-10 12:43:08 --> stasion filter must have a matching alias defined.
in SYSTEMPATH/Filters/Filters.php on line 340.
 1 SYSTEMPATH/Filters/Filters.php(340): CodeIgniter\Filters\Exceptions\FilterException::forNoAlias('stasion')
 2 SYSTEMPATH/CodeIgniter.php(422): CodeIgniter\Filters\Filters->enableFilter('stasion', 'before')
 3 SYSTEMPATH/CodeIgniter.php(340): CodeIgniter\CodeIgniter->handleRequest(null, Object(Config\Cache), false)
 4 FCPATH/index.php(67): CodeIgniter\CodeIgniter->run()
 5 SYSTEMPATH/Commands/Server/rewrite.php(43): require_once('FCPATH/index.php')
CRITICAL - 2022-10-10 12:43:23 --> station filter must have a matching alias defined.
in SYSTEMPATH/Filters/Filters.php on line 340.
 1 SYSTEMPATH/Filters/Filters.php(340): CodeIgniter\Filters\Exceptions\FilterException::forNoAlias('station')
 2 SYSTEMPATH/CodeIgniter.php(422): CodeIgniter\Filters\Filters->enableFilter('station', 'before')
 3 SYSTEMPATH/CodeIgniter.php(340): CodeIgniter\CodeIgniter->handleRequest(null, Object(Config\Cache), false)
 4 FCPATH/index.php(67): CodeIgniter\CodeIgniter->run()
 5 SYSTEMPATH/Commands/Server/rewrite.php(43): require_once('FCPATH/index.php')
ERROR - 2022-10-10 12:56:26 --> ErrorException: pg_query(): Query failed: ERROR:  syntax error at or near &quot;)&quot;
LINE 2: FROM function_tampil_skenario(8, )
                                         ^ in /Users/ivan/Codeigniter/osce_v2/vendor/codeigniter4/framework/system/Database/Postgre/Connection.php:140
Stack trace:
#0 [internal function]: CodeIgniter\Debug\Exceptions->errorHandler(2, 'pg_query(): Que...', '/Users/ivan/Cod...', 140, Array)
#1 /Users/ivan/Codeigniter/osce_v2/vendor/codeigniter4/framework/system/Database/Postgre/Connection.php(140): pg_query(Resource id #16, 'SELECT *\nFROM f...')
#2 /Users/ivan/Codeigniter/osce_v2/vendor/codeigniter4/framework/system/Database/BaseConnection.php(693): CodeIgniter\Database\Postgre\Connection->execute('SELECT *\nFROM f...')
#3 /Users/ivan/Codeigniter/osce_v2/vendor/codeigniter4/framework/system/Database/BaseConnection.php(620): CodeIgniter\Database\BaseConnection->simpleQuery('SELECT *\nFROM f...')
#4 /Users/ivan/Codeigniter/osce_v2/vendor/codeigniter4/framework/system/Database/BaseBuilder.php(1585): CodeIgniter\Database\BaseConnection->query('SELECT *\nFROM f...', Array, false)
#5 /Users/ivan/Codeigniter/osce_v2/modules/Penilaian/Models/PenilaianModel.php(22): CodeIgniter\Database\BaseBuilder->get()
#6 /Users/ivan/Codeigniter/osce_v2/modules/Penilaian/Controllers/Penilaian.php(46): Modules\Penilaian\Models\PenilaianModel->getSkenario('8', NULL)
#7 /Users/ivan/Codeigniter/osce_v2/vendor/codeigniter4/framework/system/CodeIgniter.php(907): Modules\Penilaian\Controllers\Penilaian->index()
#8 /Users/ivan/Codeigniter/osce_v2/vendor/codeigniter4/framework/system/CodeIgniter.php(457): CodeIgniter\CodeIgniter->runController(Object(Modules\Penilaian\Controllers\Penilaian))
#9 /Users/ivan/Codeigniter/osce_v2/vendor/codeigniter4/framework/system/CodeIgniter.php(340): CodeIgniter\CodeIgniter->handleRequest(NULL, Object(Config\Cache), false)
#10 /Users/ivan/Codeigniter/osce_v2/public/index.php(67): CodeIgniter\CodeIgniter->run()
#11 /Users/ivan/Codeigniter/osce_v2/vendor/codeigniter4/framework/system/Commands/Server/rewrite.php(43): require_once('/Users/ivan/Cod...')
#12 {main}
CRITICAL - 2022-10-10 12:56:26 --> pg_query(): Query failed: ERROR:  syntax error at or near &quot;)&quot;
LINE 2: FROM function_tampil_skenario(8, )
                                         ^
in SYSTEMPATH/Database/Postgre/Connection.php on line 140.
 1 [internal function]: CodeIgniter\Debug\Exceptions->errorHandler(2, 'pg_query(): Query failed: ERROR:  syntax error at or near &quot;)&quot;
LINE 2: FROM function_tampil_skenario(8, )
                                         ^', 'SYSTEMPATH/Database/Postgre/Connection.php', 140, [...])
 2 SYSTEMPATH/Database/Postgre/Connection.php(140): pg_query(resource (pgsql link), 'SELECT *
FROM function_tampil_skenario(8, )')
 3 SYSTEMPATH/Database/BaseConnection.php(693): CodeIgniter\Database\Postgre\Connection->execute('SELECT *
FROM function_tampil_skenario(8, )')
 4 SYSTEMPATH/Database/BaseConnection.php(620): CodeIgniter\Database\BaseConnection->simpleQuery('SELECT *
FROM function_tampil_skenario(8, )')
 5 SYSTEMPATH/Database/BaseBuilder.php(1585): CodeIgniter\Database\BaseConnection->query('SELECT *
FROM function_tampil_skenario(8, )', [], false)
 6 ROOTPATH/modules/Penilaian/Models/PenilaianModel.php(22): CodeIgniter\Database\BaseBuilder->get()
 7 ROOTPATH/modules/Penilaian/Controllers/Penilaian.php(46): Modules\Penilaian\Models\PenilaianModel->getSkenario('8', null)
 8 SYSTEMPATH/CodeIgniter.php(907): Modules\Penilaian\Controllers\Penilaian->index()
 9 SYSTEMPATH/CodeIgniter.php(457): CodeIgniter\CodeIgniter->runController(Object(Modules\Penilaian\Controllers\Penilaian))
10 SYSTEMPATH/CodeIgniter.php(340): CodeIgniter\CodeIgniter->handleRequest(null, Object(Config\Cache), false)
11 FCPATH/index.php(67): CodeIgniter\CodeIgniter->run()
12 SYSTEMPATH/Commands/Server/rewrite.php(43): require_once('FCPATH/index.php')
ERROR - 2022-10-10 12:57:16 --> ErrorException: pg_query(): Query failed: ERROR:  syntax error at or near &quot;)&quot;
LINE 2: FROM function_tampil_skenario(8, )
                                         ^ in /Users/ivan/Codeigniter/osce_v2/vendor/codeigniter4/framework/system/Database/Postgre/Connection.php:140
Stack trace:
#0 [internal function]: CodeIgniter\Debug\Exceptions->errorHandler(2, 'pg_query(): Que...', '/Users/ivan/Cod...', 140, Array)
#1 /Users/ivan/Codeigniter/osce_v2/vendor/codeigniter4/framework/system/Database/Postgre/Connection.php(140): pg_query(Resource id #16, 'SELECT *\nFROM f...')
#2 /Users/ivan/Codeigniter/osce_v2/vendor/codeigniter4/framework/system/Database/BaseConnection.php(693): CodeIgniter\Database\Postgre\Connection->execute('SELECT *\nFROM f...')
#3 /Users/ivan/Codeigniter/osce_v2/vendor/codeigniter4/framework/system/Database/BaseConnection.php(620): CodeIgniter\Database\BaseConnection->simpleQuery('SELECT *\nFROM f...')
#4 /Users/ivan/Codeigniter/osce_v2/vendor/codeigniter4/framework/system/Database/BaseBuilder.php(1585): CodeIgniter\Database\BaseConnection->query('SELECT *\nFROM f...', Array, false)
#5 /Users/ivan/Codeigniter/osce_v2/modules/Penilaian/Models/PenilaianModel.php(22): CodeIgniter\Database\BaseBuilder->get()
#6 /Users/ivan/Codeigniter/osce_v2/modules/Penilaian/Controllers/Penilaian.php(46): Modules\Penilaian\Models\PenilaianModel->getSkenario('8', NULL)
#7 /Users/ivan/Codeigniter/osce_v2/vendor/codeigniter4/framework/system/CodeIgniter.php(907): Modules\Penilaian\Controllers\Penilaian->index()
#8 /Users/ivan/Codeigniter/osce_v2/vendor/codeigniter4/framework/system/CodeIgniter.php(457): CodeIgniter\CodeIgniter->runController(Object(Modules\Penilaian\Controllers\Penilaian))
#9 /Users/ivan/Codeigniter/osce_v2/vendor/codeigniter4/framework/system/CodeIgniter.php(340): CodeIgniter\CodeIgniter->handleRequest(NULL, Object(Config\Cache), false)
#10 /Users/ivan/Codeigniter/osce_v2/public/index.php(67): CodeIgniter\CodeIgniter->run()
#11 /Users/ivan/Codeigniter/osce_v2/vendor/codeigniter4/framework/system/Commands/Server/rewrite.php(43): require_once('/Users/ivan/Cod...')
#12 {main}
CRITICAL - 2022-10-10 12:57:16 --> pg_query(): Query failed: ERROR:  syntax error at or near &quot;)&quot;
LINE 2: FROM function_tampil_skenario(8, )
                                         ^
in SYSTEMPATH/Database/Postgre/Connection.php on line 140.
 1 [internal function]: CodeIgniter\Debug\Exceptions->errorHandler(2, 'pg_query(): Query failed: ERROR:  syntax error at or near &quot;)&quot;
LINE 2: FROM function_tampil_skenario(8, )
                                         ^', 'SYSTEMPATH/Database/Postgre/Connection.php', 140, [...])
 2 SYSTEMPATH/Database/Postgre/Connection.php(140): pg_query(resource (pgsql link), 'SELECT *
FROM function_tampil_skenario(8, )')
 3 SYSTEMPATH/Database/BaseConnection.php(693): CodeIgniter\Database\Postgre\Connection->execute('SELECT *
FROM function_tampil_skenario(8, )')
 4 SYSTEMPATH/Database/BaseConnection.php(620): CodeIgniter\Database\BaseConnection->simpleQuery('SELECT *
FROM function_tampil_skenario(8, )')
 5 SYSTEMPATH/Database/BaseBuilder.php(1585): CodeIgniter\Database\BaseConnection->query('SELECT *
FROM function_tampil_skenario(8, )', [], false)
 6 ROOTPATH/modules/Penilaian/Models/PenilaianModel.php(22): CodeIgniter\Database\BaseBuilder->get()
 7 ROOTPATH/modules/Penilaian/Controllers/Penilaian.php(46): Modules\Penilaian\Models\PenilaianModel->getSkenario('8', null)
 8 SYSTEMPATH/CodeIgniter.php(907): Modules\Penilaian\Controllers\Penilaian->index()
 9 SYSTEMPATH/CodeIgniter.php(457): CodeIgniter\CodeIgniter->runController(Object(Modules\Penilaian\Controllers\Penilaian))
10 SYSTEMPATH/CodeIgniter.php(340): CodeIgniter\CodeIgniter->handleRequest(null, Object(Config\Cache), false)
11 FCPATH/index.php(67): CodeIgniter\CodeIgniter->run()
12 SYSTEMPATH/Commands/Server/rewrite.php(43): require_once('FCPATH/index.php')
CRITICAL - 2022-10-10 13:02:24 --> Trying to access array offset on value of type null
in APPPATH/Views/layout/templatePenilaian.php on line 84.
 1 APPPATH/Views/layout/templatePenilaian.php(84): CodeIgniter\Debug\Exceptions->errorHandler(8, 'Trying to access array offset on value of type null', 'APPPATH/Views/layout/templatePenilaian.php', 84, [...])
 2 SYSTEMPATH/View/View.php(213): include('APPPATH/Views/layout/templatePenilaian.php')
 3 SYSTEMPATH/View/View.php(216): CodeIgniter\View\View->CodeIgniter\View\{closure}()
 4 SYSTEMPATH/View/View.php(229): CodeIgniter\View\View->render('layout/templatePenilaian', [], true)
 5 SYSTEMPATH/Common.php(1142): CodeIgniter\View\View->render('Modules\\Penilaian\\Views\\penilaian', [], true)
 6 ROOTPATH/modules/Penilaian/Controllers/Penilaian.php(51): view('Modules\\Penilaian\\Views\\penilaian', [...])
 7 SYSTEMPATH/CodeIgniter.php(907): Modules\Penilaian\Controllers\Penilaian->index()
 8 SYSTEMPATH/CodeIgniter.php(457): CodeIgniter\CodeIgniter->runController(Object(Modules\Penilaian\Controllers\Penilaian))
 9 SYSTEMPATH/CodeIgniter.php(340): CodeIgniter\CodeIgniter->handleRequest(null, Object(Config\Cache), false)
10 FCPATH/index.php(67): CodeIgniter\CodeIgniter->run()
11 SYSTEMPATH/Commands/Server/rewrite.php(43): require_once('FCPATH/index.php')
CRITICAL - 2022-10-10 13:33:10 --> Undefined variable: redirectURL
in VENDORPATH/myth/auth/src/Controllers/AuthController.php on line 58.
 1 VENDORPATH/myth/auth/src/Controllers/AuthController.php(58): CodeIgniter\Debug\Exceptions->errorHandler(8, 'Undefined variable: redirectURL', 'VENDORPATH/myth/auth/src/Controllers/AuthController.php', 58, [])
 2 SYSTEMPATH/CodeIgniter.php(907): Myth\Auth\Controllers\AuthController->login()
 3 SYSTEMPATH/CodeIgniter.php(457): CodeIgniter\CodeIgniter->runController(Object(Myth\Auth\Controllers\AuthController))
 4 SYSTEMPATH/CodeIgniter.php(340): CodeIgniter\CodeIgniter->handleRequest(null, Object(Config\Cache), false)
 5 FCPATH/index.php(67): CodeIgniter\CodeIgniter->run()
 6 SYSTEMPATH/Commands/Server/rewrite.php(43): require_once('FCPATH/index.php')
CRITICAL - 2022-10-10 13:33:34 --> Undefined variable: redirectURL
in VENDORPATH/myth/auth/src/Controllers/AuthController.php on line 57.
 1 VENDORPATH/myth/auth/src/Controllers/AuthController.php(57): CodeIgniter\Debug\Exceptions->errorHandler(8, 'Undefined variable: redirectURL', 'VENDORPATH/myth/auth/src/Controllers/AuthController.php', 57, [])
 2 SYSTEMPATH/CodeIgniter.php(907): Myth\Auth\Controllers\AuthController->login()
 3 SYSTEMPATH/CodeIgniter.php(457): CodeIgniter\CodeIgniter->runController(Object(Myth\Auth\Controllers\AuthController))
 4 SYSTEMPATH/CodeIgniter.php(340): CodeIgniter\CodeIgniter->handleRequest(null, Object(Config\Cache), false)
 5 FCPATH/index.php(67): CodeIgniter\CodeIgniter->run()
 6 SYSTEMPATH/Commands/Server/rewrite.php(43): require_once('FCPATH/index.php')
CRITICAL - 2022-10-10 14:29:16 --> Trying to access array offset on value of type null
in ROOTPATH/modules/Penilaian/Controllers/Penilaian.php on line 23.
 1 ROOTPATH/modules/Penilaian/Controllers/Penilaian.php(23): CodeIgniter\Debug\Exceptions->errorHandler(8, 'Trying to access array offset on value of type null', 'ROOTPATH/modules/Penilaian/Controllers/Penilaian.php', 23, [])
 2 SYSTEMPATH/CodeIgniter.php(907): Modules\Penilaian\Controllers\Penilaian->index()
 3 SYSTEMPATH/CodeIgniter.php(457): CodeIgniter\CodeIgniter->runController(Object(Modules\Penilaian\Controllers\Penilaian))
 4 SYSTEMPATH/CodeIgniter.php(340): CodeIgniter\CodeIgniter->handleRequest(null, Object(Config\Cache), false)
 5 FCPATH/index.php(67): CodeIgniter\CodeIgniter->run()
 6 SYSTEMPATH/Commands/Server/rewrite.php(43): require_once('FCPATH/index.php')
CRITICAL - 2022-10-10 14:46:30 --> Trying to access array offset on value of type null
in APPPATH/Filters/Station.php on line 14.
 1 APPPATH/Filters/Station.php(14): CodeIgniter\Debug\Exceptions->errorHandler(8, 'Trying to access array offset on value of type null', 'APPPATH/Filters/Station.php', 14, [...])
 2 SYSTEMPATH/Filters/Filters.php(173): App\Filters\Station->before(Object(CodeIgniter\HTTP\IncomingRequest), null)
 3 SYSTEMPATH/CodeIgniter.php(431): CodeIgniter\Filters\Filters->run('penilaian', 'before')
 4 SYSTEMPATH/CodeIgniter.php(340): CodeIgniter\CodeIgniter->handleRequest(null, Object(Config\Cache), false)
 5 FCPATH/index.php(67): CodeIgniter\CodeIgniter->run()
 6 SYSTEMPATH/Commands/Server/rewrite.php(43): require_once('FCPATH/index.php')
CRITICAL - 2022-10-10 14:49:05 --> Trying to access array offset on value of type null
in APPPATH/Filters/Station.php on line 14.
 1 APPPATH/Filters/Station.php(14): CodeIgniter\Debug\Exceptions->errorHandler(8, 'Trying to access array offset on value of type null', 'APPPATH/Filters/Station.php', 14, [...])
 2 SYSTEMPATH/Filters/Filters.php(173): App\Filters\Station->before(Object(CodeIgniter\HTTP\IncomingRequest), null)
 3 SYSTEMPATH/CodeIgniter.php(431): CodeIgniter\Filters\Filters->run('penilaian', 'before')
 4 SYSTEMPATH/CodeIgniter.php(340): CodeIgniter\CodeIgniter->handleRequest(null, Object(Config\Cache), false)
 5 FCPATH/index.php(67): CodeIgniter\CodeIgniter->run()
 6 SYSTEMPATH/Commands/Server/rewrite.php(43): require_once('FCPATH/index.php')
CRITICAL - 2022-10-10 15:03:46 --> station filter must have a matching alias defined.
in SYSTEMPATH/Filters/Filters.php on line 340.
 1 SYSTEMPATH/Filters/Filters.php(340): CodeIgniter\Filters\Exceptions\FilterException::forNoAlias('station')
 2 SYSTEMPATH/CodeIgniter.php(422): CodeIgniter\Filters\Filters->enableFilter('station', 'before')
 3 SYSTEMPATH/CodeIgniter.php(340): CodeIgniter\CodeIgniter->handleRequest(null, Object(Config\Cache), false)
 4 FCPATH/index.php(67): CodeIgniter\CodeIgniter->run()
 5 SYSTEMPATH/Commands/Server/rewrite.php(43): require_once('FCPATH/index.php')
CRITICAL - 2022-10-10 15:04:08 --> Class 'App\Filters\Penilaian' not found
in SYSTEMPATH/Filters/Filters.php on line 166.
 1 SYSTEMPATH/CodeIgniter.php(431): CodeIgniter\Filters\Filters->run('penilaian', 'before')
 2 SYSTEMPATH/CodeIgniter.php(340): CodeIgniter\CodeIgniter->handleRequest(null, Object(Config\Cache), false)
 3 FCPATH/index.php(67): CodeIgniter\CodeIgniter->run()
 4 SYSTEMPATH/Commands/Server/rewrite.php(43): require_once('FCPATH/index.php')
CRITICAL - 2022-10-10 15:04:23 --> Class 'App\Filters\Penilaian' not found
in SYSTEMPATH/Filters/Filters.php on line 166.
 1 SYSTEMPATH/CodeIgniter.php(431): CodeIgniter\Filters\Filters->run('penilaian', 'before')
 2 SYSTEMPATH/CodeIgniter.php(340): CodeIgniter\CodeIgniter->handleRequest(null, Object(Config\Cache), false)
 3 FCPATH/index.php(67): CodeIgniter\CodeIgniter->run()
 4 SYSTEMPATH/Commands/Server/rewrite.php(43): require_once('FCPATH/index.php')
CRITICAL - 2022-10-10 15:04:47 --> Class 'App\Filters\Penilaian' not found
in SYSTEMPATH/Filters/Filters.php on line 166.
 1 SYSTEMPATH/CodeIgniter.php(431): CodeIgniter\Filters\Filters->run('penilaian', 'before')
 2 SYSTEMPATH/CodeIgniter.php(340): CodeIgniter\CodeIgniter->handleRequest(null, Object(Config\Cache), false)
 3 FCPATH/index.php(67): CodeIgniter\CodeIgniter->run()
 4 SYSTEMPATH/Commands/Server/rewrite.php(43): require_once('FCPATH/index.php')
CRITICAL - 2022-10-10 15:04:56 --> Class 'App\Filters\Penilaian' not found
in SYSTEMPATH/Filters/Filters.php on line 166.
 1 SYSTEMPATH/CodeIgniter.php(431): CodeIgniter\Filters\Filters->run('penilaian', 'before')
 2 SYSTEMPATH/CodeIgniter.php(340): CodeIgniter\CodeIgniter->handleRequest(null, Object(Config\Cache), false)
 3 FCPATH/index.php(67): CodeIgniter\CodeIgniter->run()
 4 SYSTEMPATH/Commands/Server/rewrite.php(43): require_once('FCPATH/index.php')
CRITICAL - 2022-10-10 15:22:40 --> Trying to access array offset on value of type null
in APPPATH/Filters/Penilaian.php on line 14.
 1 APPPATH/Filters/Penilaian.php(14): CodeIgniter\Debug\Exceptions->errorHandler(8, 'Trying to access array offset on value of type null', 'APPPATH/Filters/Penilaian.php', 14, [...])
 2 SYSTEMPATH/Filters/Filters.php(173): App\Filters\Penilaian->before(Object(CodeIgniter\HTTP\IncomingRequest), null)
 3 SYSTEMPATH/CodeIgniter.php(431): CodeIgniter\Filters\Filters->run('penilaian', 'before')
 4 SYSTEMPATH/CodeIgniter.php(340): CodeIgniter\CodeIgniter->handleRequest(null, Object(Config\Cache), false)
 5 FCPATH/index.php(67): CodeIgniter\CodeIgniter->run()
 6 SYSTEMPATH/Commands/Server/rewrite.php(43): require_once('FCPATH/index.php')
CRITICAL - 2022-10-10 15:41:28 --> Call to undefined function App\Controllers\user()
in APPPATH/Controllers/BaseController.php on line 60.
 1 ROOTPATH/modules/Pengawas/Controllers/Pengawas.php(24): App\Controllers\BaseController->fetchMenu()
 2 SYSTEMPATH/CodeIgniter.php(907): Modules\Pengawas\Controllers\Pengawas->index()
 3 SYSTEMPATH/CodeIgniter.php(457): CodeIgniter\CodeIgniter->runController(Object(Modules\Pengawas\Controllers\Pengawas))
 4 SYSTEMPATH/CodeIgniter.php(340): CodeIgniter\CodeIgniter->handleRequest(null, Object(Config\Cache), false)
 5 FCPATH/index.php(67): CodeIgniter\CodeIgniter->run()
 6 SYSTEMPATH/Commands/Server/rewrite.php(43): require_once('FCPATH/index.php')
CRITICAL - 2022-10-10 15:45:20 --> Call to undefined function App\Controllers\user()
in APPPATH/Controllers/BaseController.php on line 60.
 1 ROOTPATH/modules/Dashboard/Controllers/Dashboard.php(16): App\Controllers\BaseController->fetchMenu()
 2 SYSTEMPATH/CodeIgniter.php(907): Modules\Dashboard\Controllers\Dashboard->index()
 3 SYSTEMPATH/CodeIgniter.php(457): CodeIgniter\CodeIgniter->runController(Object(Modules\Dashboard\Controllers\Dashboard))
 4 SYSTEMPATH/CodeIgniter.php(340): CodeIgniter\CodeIgniter->handleRequest(null, Object(Config\Cache), false)
 5 FCPATH/index.php(67): CodeIgniter\CodeIgniter->run()
 6 SYSTEMPATH/Commands/Server/rewrite.php(43): require_once('FCPATH/index.php')
CRITICAL - 2022-10-10 15:45:24 --> Call to undefined function App\Controllers\user()
in APPPATH/Controllers/BaseController.php on line 60.
 1 ROOTPATH/modules/Dashboard/Controllers/Dashboard.php(16): App\Controllers\BaseController->fetchMenu()
 2 SYSTEMPATH/CodeIgniter.php(907): Modules\Dashboard\Controllers\Dashboard->index()
 3 SYSTEMPATH/CodeIgniter.php(457): CodeIgniter\CodeIgniter->runController(Object(Modules\Dashboard\Controllers\Dashboard))
 4 SYSTEMPATH/CodeIgniter.php(340): CodeIgniter\CodeIgniter->handleRequest(null, Object(Config\Cache), false)
 5 FCPATH/index.php(67): CodeIgniter\CodeIgniter->run()
 6 SYSTEMPATH/Commands/Server/rewrite.php(43): require_once('FCPATH/index.php')
CRITICAL - 2022-10-10 15:45:30 --> Call to undefined function App\Controllers\user()
in APPPATH/Controllers/BaseController.php on line 60.
 1 ROOTPATH/modules/Dashboard/Controllers/Dashboard.php(16): App\Controllers\BaseController->fetchMenu()
 2 SYSTEMPATH/CodeIgniter.php(907): Modules\Dashboard\Controllers\Dashboard->index()
 3 SYSTEMPATH/CodeIgniter.php(457): CodeIgniter\CodeIgniter->runController(Object(Modules\Dashboard\Controllers\Dashboard))
 4 SYSTEMPATH/CodeIgniter.php(340): CodeIgniter\CodeIgniter->handleRequest(null, Object(Config\Cache), false)
 5 FCPATH/index.php(67): CodeIgniter\CodeIgniter->run()
 6 SYSTEMPATH/Commands/Server/rewrite.php(43): require_once('FCPATH/index.php')
CRITICAL - 2022-10-10 15:46:01 --> Call to undefined function App\Controllers\user()
in APPPATH/Controllers/BaseController.php on line 60.
 1 ROOTPATH/modules/Dashboard/Controllers/Dashboard.php(16): App\Controllers\BaseController->fetchMenu()
 2 SYSTEMPATH/CodeIgniter.php(907): Modules\Dashboard\Controllers\Dashboard->index()
 3 SYSTEMPATH/CodeIgniter.php(457): CodeIgniter\CodeIgniter->runController(Object(Modules\Dashboard\Controllers\Dashboard))
 4 SYSTEMPATH/CodeIgniter.php(340): CodeIgniter\CodeIgniter->handleRequest(null, Object(Config\Cache), false)
 5 FCPATH/index.php(67): CodeIgniter\CodeIgniter->run()
 6 SYSTEMPATH/Commands/Server/rewrite.php(43): require_once('FCPATH/index.php')
CRITICAL - 2022-10-10 15:46:55 --> Call to undefined function App\Controllers\user()
in APPPATH/Controllers/BaseController.php on line 60.
 1 ROOTPATH/modules/Dashboard/Controllers/Dashboard.php(16): App\Controllers\BaseController->fetchMenu()
 2 SYSTEMPATH/CodeIgniter.php(907): Modules\Dashboard\Controllers\Dashboard->index()
 3 SYSTEMPATH/CodeIgniter.php(457): CodeIgniter\CodeIgniter->runController(Object(Modules\Dashboard\Controllers\Dashboard))
 4 SYSTEMPATH/CodeIgniter.php(340): CodeIgniter\CodeIgniter->handleRequest(null, Object(Config\Cache), false)
 5 FCPATH/index.php(67): CodeIgniter\CodeIgniter->run()
 6 SYSTEMPATH/Commands/Server/rewrite.php(43): require_once('FCPATH/index.php')
CRITICAL - 2022-10-10 15:47:44 --> Call to undefined function App\Controllers\user()
in APPPATH/Controllers/BaseController.php on line 60.
 1 ROOTPATH/modules/Dashboard/Controllers/Dashboard.php(16): App\Controllers\BaseController->fetchMenu()
 2 SYSTEMPATH/CodeIgniter.php(907): Modules\Dashboard\Controllers\Dashboard->index()
 3 SYSTEMPATH/CodeIgniter.php(457): CodeIgniter\CodeIgniter->runController(Object(Modules\Dashboard\Controllers\Dashboard))
 4 SYSTEMPATH/CodeIgniter.php(340): CodeIgniter\CodeIgniter->handleRequest(null, Object(Config\Cache), false)
 5 FCPATH/index.php(67): CodeIgniter\CodeIgniter->run()
 6 SYSTEMPATH/Commands/Server/rewrite.php(43): require_once('FCPATH/index.php')
CRITICAL - 2022-10-10 15:48:21 --> Call to undefined function App\Controllers\user()
in APPPATH/Controllers/BaseController.php on line 60.
 1 ROOTPATH/modules/Dashboard/Controllers/Dashboard.php(16): App\Controllers\BaseController->fetchMenu()
 2 SYSTEMPATH/CodeIgniter.php(907): Modules\Dashboard\Controllers\Dashboard->index()
 3 SYSTEMPATH/CodeIgniter.php(457): CodeIgniter\CodeIgniter->runController(Object(Modules\Dashboard\Controllers\Dashboard))
 4 SYSTEMPATH/CodeIgniter.php(340): CodeIgniter\CodeIgniter->handleRequest(null, Object(Config\Cache), false)
 5 FCPATH/index.php(67): CodeIgniter\CodeIgniter->run()
 6 SYSTEMPATH/Commands/Server/rewrite.php(43): require_once('FCPATH/index.php')
CRITICAL - 2022-10-10 15:49:11 --> Call to undefined function App\Controllers\user()
in APPPATH/Controllers/BaseController.php on line 60.
 1 ROOTPATH/modules/Dashboard/Controllers/Dashboard.php(16): App\Controllers\BaseController->fetchMenu()
 2 SYSTEMPATH/CodeIgniter.php(907): Modules\Dashboard\Controllers\Dashboard->index()
 3 SYSTEMPATH/CodeIgniter.php(457): CodeIgniter\CodeIgniter->runController(Object(Modules\Dashboard\Controllers\Dashboard))
 4 SYSTEMPATH/CodeIgniter.php(340): CodeIgniter\CodeIgniter->handleRequest(null, Object(Config\Cache), false)
 5 FCPATH/index.php(67): CodeIgniter\CodeIgniter->run()
 6 SYSTEMPATH/Commands/Server/rewrite.php(43): require_once('FCPATH/index.php')
CRITICAL - 2022-10-10 15:49:16 --> Call to undefined function App\Controllers\user()
in APPPATH/Controllers/BaseController.php on line 60.
 1 ROOTPATH/modules/Dashboard/Controllers/Dashboard.php(16): App\Controllers\BaseController->fetchMenu()
 2 SYSTEMPATH/CodeIgniter.php(907): Modules\Dashboard\Controllers\Dashboard->index()
 3 SYSTEMPATH/CodeIgniter.php(457): CodeIgniter\CodeIgniter->runController(Object(Modules\Dashboard\Controllers\Dashboard))
 4 SYSTEMPATH/CodeIgniter.php(340): CodeIgniter\CodeIgniter->handleRequest(null, Object(Config\Cache), false)
 5 FCPATH/index.php(67): CodeIgniter\CodeIgniter->run()
 6 SYSTEMPATH/Commands/Server/rewrite.php(43): require_once('FCPATH/index.php')
CRITICAL - 2022-10-10 15:49:26 --> Call to undefined function App\Controllers\user()
in APPPATH/Controllers/BaseController.php on line 60.
 1 ROOTPATH/modules/Dashboard/Controllers/Dashboard.php(16): App\Controllers\BaseController->fetchMenu()
 2 SYSTEMPATH/CodeIgniter.php(907): Modules\Dashboard\Controllers\Dashboard->index()
 3 SYSTEMPATH/CodeIgniter.php(457): CodeIgniter\CodeIgniter->runController(Object(Modules\Dashboard\Controllers\Dashboard))
 4 SYSTEMPATH/CodeIgniter.php(340): CodeIgniter\CodeIgniter->handleRequest(null, Object(Config\Cache), false)
 5 FCPATH/index.php(67): CodeIgniter\CodeIgniter->run()
 6 SYSTEMPATH/Commands/Server/rewrite.php(43): require_once('FCPATH/index.php')
CRITICAL - 2022-10-10 15:49:27 --> Call to undefined function App\Controllers\user()
in APPPATH/Controllers/BaseController.php on line 60.
 1 ROOTPATH/modules/Dashboard/Controllers/Dashboard.php(16): App\Controllers\BaseController->fetchMenu()
 2 SYSTEMPATH/CodeIgniter.php(907): Modules\Dashboard\Controllers\Dashboard->index()
 3 SYSTEMPATH/CodeIgniter.php(457): CodeIgniter\CodeIgniter->runController(Object(Modules\Dashboard\Controllers\Dashboard))
 4 SYSTEMPATH/CodeIgniter.php(340): CodeIgniter\CodeIgniter->handleRequest(null, Object(Config\Cache), false)
 5 FCPATH/index.php(67): CodeIgniter\CodeIgniter->run()
 6 SYSTEMPATH/Commands/Server/rewrite.php(43): require_once('FCPATH/index.php')
CRITICAL - 2022-10-10 15:49:31 --> Call to undefined function App\Controllers\user()
in APPPATH/Controllers/BaseController.php on line 60.
 1 ROOTPATH/modules/Dashboard/Controllers/Dashboard.php(16): App\Controllers\BaseController->fetchMenu()
 2 SYSTEMPATH/CodeIgniter.php(907): Modules\Dashboard\Controllers\Dashboard->index()
 3 SYSTEMPATH/CodeIgniter.php(457): CodeIgniter\CodeIgniter->runController(Object(Modules\Dashboard\Controllers\Dashboard))
 4 SYSTEMPATH/CodeIgniter.php(340): CodeIgniter\CodeIgniter->handleRequest(null, Object(Config\Cache), false)
 5 FCPATH/index.php(67): CodeIgniter\CodeIgniter->run()
 6 SYSTEMPATH/Commands/Server/rewrite.php(43): require_once('FCPATH/index.php')
CRITICAL - 2022-10-10 15:51:43 --> Call to undefined function App\Controllers\user()
in APPPATH/Controllers/BaseController.php on line 60.
 1 ROOTPATH/modules/Dashboard/Controllers/Dashboard.php(16): App\Controllers\BaseController->fetchMenu()
 2 SYSTEMPATH/CodeIgniter.php(907): Modules\Dashboard\Controllers\Dashboard->index()
 3 SYSTEMPATH/CodeIgniter.php(457): CodeIgniter\CodeIgniter->runController(Object(Modules\Dashboard\Controllers\Dashboard))
 4 SYSTEMPATH/CodeIgniter.php(340): CodeIgniter\CodeIgniter->handleRequest(null, Object(Config\Cache), false)
 5 FCPATH/index.php(67): CodeIgniter\CodeIgniter->run()
 6 SYSTEMPATH/Commands/Server/rewrite.php(43): require_once('FCPATH/index.php')
CRITICAL - 2022-10-10 15:55:42 --> Call to undefined function App\Controllers\user()
in APPPATH/Controllers/BaseController.php on line 60.
 1 ROOTPATH/modules/Pertanyaan/Controllers/Pertanyaan.php(33): App\Controllers\BaseController->fetchMenu()
 2 SYSTEMPATH/CodeIgniter.php(907): Modules\Pertanyaan\Controllers\Pertanyaan->index()
 3 SYSTEMPATH/CodeIgniter.php(457): CodeIgniter\CodeIgniter->runController(Object(Modules\Pertanyaan\Controllers\Pertanyaan))
 4 SYSTEMPATH/CodeIgniter.php(340): CodeIgniter\CodeIgniter->handleRequest(null, Object(Config\Cache), false)
 5 FCPATH/index.php(67): CodeIgniter\CodeIgniter->run()
 6 SYSTEMPATH/Commands/Server/rewrite.php(43): require_once('FCPATH/index.php')
CRITICAL - 2022-10-10 15:55:44 --> Call to undefined function App\Controllers\user()
in APPPATH/Controllers/BaseController.php on line 60.
 1 ROOTPATH/modules/Dosen/Controllers/Dosen.php(30): App\Controllers\BaseController->fetchMenu()
 2 SYSTEMPATH/CodeIgniter.php(907): Modules\Dosen\Controllers\Dosen->index()
 3 SYSTEMPATH/CodeIgniter.php(457): CodeIgniter\CodeIgniter->runController(Object(Modules\Dosen\Controllers\Dosen))
 4 SYSTEMPATH/CodeIgniter.php(340): CodeIgniter\CodeIgniter->handleRequest(null, Object(Config\Cache), false)
 5 FCPATH/index.php(67): CodeIgniter\CodeIgniter->run()
 6 SYSTEMPATH/Commands/Server/rewrite.php(43): require_once('FCPATH/index.php')
CRITICAL - 2022-10-10 15:56:27 --> Call to undefined function App\Controllers\user()
in APPPATH/Controllers/BaseController.php on line 60.
 1 ROOTPATH/modules/Dashboard/Controllers/Dashboard.php(16): App\Controllers\BaseController->fetchMenu()
 2 SYSTEMPATH/CodeIgniter.php(907): Modules\Dashboard\Controllers\Dashboard->index()
 3 SYSTEMPATH/CodeIgniter.php(457): CodeIgniter\CodeIgniter->runController(Object(Modules\Dashboard\Controllers\Dashboard))
 4 SYSTEMPATH/CodeIgniter.php(340): CodeIgniter\CodeIgniter->handleRequest(null, Object(Config\Cache), false)
 5 FCPATH/index.php(67): CodeIgniter\CodeIgniter->run()
 6 SYSTEMPATH/Commands/Server/rewrite.php(43): require_once('FCPATH/index.php')
CRITICAL - 2022-10-10 15:58:17 --> Call to undefined function App\Controllers\user()
in APPPATH/Controllers/BaseController.php on line 60.
 1 ROOTPATH/modules/Dashboard/Controllers/Dashboard.php(16): App\Controllers\BaseController->fetchMenu()
 2 SYSTEMPATH/CodeIgniter.php(907): Modules\Dashboard\Controllers\Dashboard->index()
 3 SYSTEMPATH/CodeIgniter.php(457): CodeIgniter\CodeIgniter->runController(Object(Modules\Dashboard\Controllers\Dashboard))
 4 SYSTEMPATH/CodeIgniter.php(340): CodeIgniter\CodeIgniter->handleRequest(null, Object(Config\Cache), false)
 5 FCPATH/index.php(67): CodeIgniter\CodeIgniter->run()
 6 SYSTEMPATH/Commands/Server/rewrite.php(43): require_once('FCPATH/index.php')
CRITICAL - 2022-10-10 15:58:19 --> Call to undefined function App\Controllers\user()
in APPPATH/Controllers/BaseController.php on line 60.
 1 ROOTPATH/modules/Dashboard/Controllers/Dashboard.php(16): App\Controllers\BaseController->fetchMenu()
 2 SYSTEMPATH/CodeIgniter.php(907): Modules\Dashboard\Controllers\Dashboard->index()
 3 SYSTEMPATH/CodeIgniter.php(457): CodeIgniter\CodeIgniter->runController(Object(Modules\Dashboard\Controllers\Dashboard))
 4 SYSTEMPATH/CodeIgniter.php(340): CodeIgniter\CodeIgniter->handleRequest(null, Object(Config\Cache), false)
 5 FCPATH/index.php(67): CodeIgniter\CodeIgniter->run()
 6 SYSTEMPATH/Commands/Server/rewrite.php(43): require_once('FCPATH/index.php')
CRITICAL - 2022-10-10 16:02:41 --> Call to undefined method Modules\Dashboard\Controllers\Dashboard::fetchMenu()
in ROOTPATH/modules/Dashboard/Controllers/Dashboard.php on line 16.
 1 SYSTEMPATH/CodeIgniter.php(907): Modules\Dashboard\Controllers\Dashboard->index()
 2 SYSTEMPATH/CodeIgniter.php(457): CodeIgniter\CodeIgniter->runController(Object(Modules\Dashboard\Controllers\Dashboard))
 3 SYSTEMPATH/CodeIgniter.php(340): CodeIgniter\CodeIgniter->handleRequest(null, Object(Config\Cache), false)
 4 FCPATH/index.php(67): CodeIgniter\CodeIgniter->run()
 5 SYSTEMPATH/Commands/Server/rewrite.php(43): require_once('FCPATH/index.php')
CRITICAL - 2022-10-10 16:03:10 --> Call to undefined function Modules\Dashboard\Controllers\fetchMenu()
in ROOTPATH/modules/Dashboard/Controllers/Dashboard.php on line 16.
 1 SYSTEMPATH/CodeIgniter.php(907): Modules\Dashboard\Controllers\Dashboard->index()
 2 SYSTEMPATH/CodeIgniter.php(457): CodeIgniter\CodeIgniter->runController(Object(Modules\Dashboard\Controllers\Dashboard))
 3 SYSTEMPATH/CodeIgniter.php(340): CodeIgniter\CodeIgniter->handleRequest(null, Object(Config\Cache), false)
 4 FCPATH/index.php(67): CodeIgniter\CodeIgniter->run()
 5 SYSTEMPATH/Commands/Server/rewrite.php(43): require_once('FCPATH/index.php')
CRITICAL - 2022-10-10 16:03:30 --> Undefined variable: menu
in ROOTPATH/modules/Dashboard/Views/dashboard.php on line 5.
 1 ROOTPATH/modules/Dashboard/Views/dashboard.php(5): CodeIgniter\Debug\Exceptions->errorHandler(8, 'Undefined variable: menu', 'ROOTPATH/modules/Dashboard/Views/dashboard.php', 5, [...])
 2 SYSTEMPATH/View/View.php(213): include('ROOTPATH/modules/Dashboard/Views/dashboard.php')
 3 SYSTEMPATH/View/View.php(216): CodeIgniter\View\View->CodeIgniter\View\{closure}()
 4 SYSTEMPATH/Common.php(1142): CodeIgniter\View\View->render('Modules\\Dashboard\\Views\\dashboard', [], true)
 5 ROOTPATH/modules/Dashboard/Controllers/Dashboard.php(20): view('Modules\\Dashboard\\Views\\dashboard', [...])
 6 SYSTEMPATH/CodeIgniter.php(907): Modules\Dashboard\Controllers\Dashboard->index()
 7 SYSTEMPATH/CodeIgniter.php(457): CodeIgniter\CodeIgniter->runController(Object(Modules\Dashboard\Controllers\Dashboard))
 8 SYSTEMPATH/CodeIgniter.php(340): CodeIgniter\CodeIgniter->handleRequest(null, Object(Config\Cache), false)
 9 FCPATH/index.php(67): CodeIgniter\CodeIgniter->run()
10 SYSTEMPATH/Commands/Server/rewrite.php(43): require_once('FCPATH/index.php')
CRITICAL - 2022-10-10 16:08:14 --> Too few arguments to function Modules\Pengawas\Controllers\Pengawas::test(), 0 passed in /Users/ivan/Codeigniter/osce_v2/vendor/codeigniter4/framework/system/CodeIgniter.php on line 907 and exactly 1 expected
in ROOTPATH/modules/Pengawas/Controllers/Pengawas.php on line 32.
 1 SYSTEMPATH/CodeIgniter.php(907): Modules\Pengawas\Controllers\Pengawas->test()
 2 SYSTEMPATH/CodeIgniter.php(457): CodeIgniter\CodeIgniter->runController(Object(Modules\Pengawas\Controllers\Pengawas))
 3 SYSTEMPATH/CodeIgniter.php(340): CodeIgniter\CodeIgniter->handleRequest(null, Object(Config\Cache), false)
 4 FCPATH/index.php(67): CodeIgniter\CodeIgniter->run()
 5 SYSTEMPATH/Commands/Server/rewrite.php(43): require_once('FCPATH/index.php')
CRITICAL - 2022-10-10 16:09:45 --> Call to undefined method Modules\Dosen\Controllers\Dosen::fetchMenu()
in ROOTPATH/modules/Dosen/Controllers/Dosen.php on line 30.
 1 SYSTEMPATH/CodeIgniter.php(907): Modules\Dosen\Controllers\Dosen->index()
 2 SYSTEMPATH/CodeIgniter.php(457): CodeIgniter\CodeIgniter->runController(Object(Modules\Dosen\Controllers\Dosen))
 3 SYSTEMPATH/CodeIgniter.php(340): CodeIgniter\CodeIgniter->handleRequest(null, Object(Config\Cache), false)
 4 FCPATH/index.php(67): CodeIgniter\CodeIgniter->run()
 5 SYSTEMPATH/Commands/Server/rewrite.php(43): require_once('FCPATH/index.php')
CRITICAL - 2022-10-10 16:10:18 --> Call to undefined function Modules\Dosen\Controllers\fetchMenu()
in ROOTPATH/modules/Dosen/Controllers/Dosen.php on line 30.
 1 SYSTEMPATH/CodeIgniter.php(907): Modules\Dosen\Controllers\Dosen->index()
 2 SYSTEMPATH/CodeIgniter.php(457): CodeIgniter\CodeIgniter->runController(Object(Modules\Dosen\Controllers\Dosen))
 3 SYSTEMPATH/CodeIgniter.php(340): CodeIgniter\CodeIgniter->handleRequest(null, Object(Config\Cache), false)
 4 FCPATH/index.php(67): CodeIgniter\CodeIgniter->run()
 5 SYSTEMPATH/Commands/Server/rewrite.php(43): require_once('FCPATH/index.php')
CRITICAL - 2022-10-10 16:10:22 --> Call to undefined function Modules\Dosen\Controllers\fetchMenu()
in ROOTPATH/modules/Dosen/Controllers/Dosen.php on line 30.
 1 SYSTEMPATH/CodeIgniter.php(907): Modules\Dosen\Controllers\Dosen->index()
 2 SYSTEMPATH/CodeIgniter.php(457): CodeIgniter\CodeIgniter->runController(Object(Modules\Dosen\Controllers\Dosen))
 3 SYSTEMPATH/CodeIgniter.php(340): CodeIgniter\CodeIgniter->handleRequest(null, Object(Config\Cache), false)
 4 FCPATH/index.php(67): CodeIgniter\CodeIgniter->run()
 5 SYSTEMPATH/Commands/Server/rewrite.php(43): require_once('FCPATH/index.php')
CRITICAL - 2022-10-10 16:10:24 --> Call to undefined function Modules\Dosen\Controllers\fetchMenu()
in ROOTPATH/modules/Dosen/Controllers/Dosen.php on line 30.
 1 SYSTEMPATH/CodeIgniter.php(907): Modules\Dosen\Controllers\Dosen->index()
 2 SYSTEMPATH/CodeIgniter.php(457): CodeIgniter\CodeIgniter->runController(Object(Modules\Dosen\Controllers\Dosen))
 3 SYSTEMPATH/CodeIgniter.php(340): CodeIgniter\CodeIgniter->handleRequest(null, Object(Config\Cache), false)
 4 FCPATH/index.php(67): CodeIgniter\CodeIgniter->run()
 5 SYSTEMPATH/Commands/Server/rewrite.php(43): require_once('FCPATH/index.php')
CRITICAL - 2022-10-10 16:15:39 --> Call to undefined function Modules\Dosen\Controllers\fetchMenu()
in ROOTPATH/modules/Dosen/Controllers/Dosen.php on line 30.
 1 SYSTEMPATH/CodeIgniter.php(907): Modules\Dosen\Controllers\Dosen->index()
 2 SYSTEMPATH/CodeIgniter.php(457): CodeIgniter\CodeIgniter->runController(Object(Modules\Dosen\Controllers\Dosen))
 3 SYSTEMPATH/CodeIgniter.php(340): CodeIgniter\CodeIgniter->handleRequest(null, Object(Config\Cache), false)
 4 FCPATH/index.php(67): CodeIgniter\CodeIgniter->run()
 5 SYSTEMPATH/Commands/Server/rewrite.php(43): require_once('FCPATH/index.php')
CRITICAL - 2022-10-10 16:16:24 --> Call to undefined function Modules\Dosen\Controllers\fetchMenu()
in ROOTPATH/modules/Dosen/Controllers/Dosen.php on line 30.
 1 SYSTEMPATH/CodeIgniter.php(907): Modules\Dosen\Controllers\Dosen->index()
 2 SYSTEMPATH/CodeIgniter.php(457): CodeIgniter\CodeIgniter->runController(Object(Modules\Dosen\Controllers\Dosen))
 3 SYSTEMPATH/CodeIgniter.php(340): CodeIgniter\CodeIgniter->handleRequest(null, Object(Config\Cache), false)
 4 FCPATH/index.php(67): CodeIgniter\CodeIgniter->run()
 5 SYSTEMPATH/Commands/Server/rewrite.php(43): require_once('FCPATH/index.php')
CRITICAL - 2022-10-10 16:17:35 --> Call to undefined function Modules\Dosen\Controllers\fetchMenu()
in ROOTPATH/modules/Dosen/Controllers/Dosen.php on line 30.
 1 SYSTEMPATH/CodeIgniter.php(907): Modules\Dosen\Controllers\Dosen->index()
 2 SYSTEMPATH/CodeIgniter.php(457): CodeIgniter\CodeIgniter->runController(Object(Modules\Dosen\Controllers\Dosen))
 3 SYSTEMPATH/CodeIgniter.php(340): CodeIgniter\CodeIgniter->handleRequest(null, Object(Config\Cache), false)
 4 FCPATH/index.php(67): CodeIgniter\CodeIgniter->run()
 5 SYSTEMPATH/Commands/Server/rewrite.php(43): require_once('FCPATH/index.php')
CRITICAL - 2022-10-10 16:17:49 --> Call to undefined function Modules\Dosen\Controllers\logged_in()
in ROOTPATH/modules/Dosen/Controllers/Dosen.php on line 30.
 1 SYSTEMPATH/CodeIgniter.php(907): Modules\Dosen\Controllers\Dosen->index()
 2 SYSTEMPATH/CodeIgniter.php(457): CodeIgniter\CodeIgniter->runController(Object(Modules\Dosen\Controllers\Dosen))
 3 SYSTEMPATH/CodeIgniter.php(340): CodeIgniter\CodeIgniter->handleRequest(null, Object(Config\Cache), false)
 4 FCPATH/index.php(67): CodeIgniter\CodeIgniter->run()
 5 SYSTEMPATH/Commands/Server/rewrite.php(43): require_once('FCPATH/index.php')
CRITICAL - 2022-10-10 16:17:51 --> Call to undefined function Modules\Dosen\Controllers\logged_in()
in ROOTPATH/modules/Dosen/Controllers/Dosen.php on line 30.
 1 SYSTEMPATH/CodeIgniter.php(907): Modules\Dosen\Controllers\Dosen->index()
 2 SYSTEMPATH/CodeIgniter.php(457): CodeIgniter\CodeIgniter->runController(Object(Modules\Dosen\Controllers\Dosen))
 3 SYSTEMPATH/CodeIgniter.php(340): CodeIgniter\CodeIgniter->handleRequest(null, Object(Config\Cache), false)
 4 FCPATH/index.php(67): CodeIgniter\CodeIgniter->run()
 5 SYSTEMPATH/Commands/Server/rewrite.php(43): require_once('FCPATH/index.php')
CRITICAL - 2022-10-10 16:17:51 --> Call to undefined function Modules\Dosen\Controllers\logged_in()
in ROOTPATH/modules/Dosen/Controllers/Dosen.php on line 30.
 1 SYSTEMPATH/CodeIgniter.php(907): Modules\Dosen\Controllers\Dosen->index()
 2 SYSTEMPATH/CodeIgniter.php(457): CodeIgniter\CodeIgniter->runController(Object(Modules\Dosen\Controllers\Dosen))
 3 SYSTEMPATH/CodeIgniter.php(340): CodeIgniter\CodeIgniter->handleRequest(null, Object(Config\Cache), false)
 4 FCPATH/index.php(67): CodeIgniter\CodeIgniter->run()
 5 SYSTEMPATH/Commands/Server/rewrite.php(43): require_once('FCPATH/index.php')
CRITICAL - 2022-10-10 16:17:51 --> Call to undefined function Modules\Dosen\Controllers\logged_in()
in ROOTPATH/modules/Dosen/Controllers/Dosen.php on line 30.
 1 SYSTEMPATH/CodeIgniter.php(907): Modules\Dosen\Controllers\Dosen->index()
 2 SYSTEMPATH/CodeIgniter.php(457): CodeIgniter\CodeIgniter->runController(Object(Modules\Dosen\Controllers\Dosen))
 3 SYSTEMPATH/CodeIgniter.php(340): CodeIgniter\CodeIgniter->handleRequest(null, Object(Config\Cache), false)
 4 FCPATH/index.php(67): CodeIgniter\CodeIgniter->run()
 5 SYSTEMPATH/Commands/Server/rewrite.php(43): require_once('FCPATH/index.php')
CRITICAL - 2022-10-10 16:17:51 --> Call to undefined function Modules\Dosen\Controllers\logged_in()
in ROOTPATH/modules/Dosen/Controllers/Dosen.php on line 30.
 1 SYSTEMPATH/CodeIgniter.php(907): Modules\Dosen\Controllers\Dosen->index()
 2 SYSTEMPATH/CodeIgniter.php(457): CodeIgniter\CodeIgniter->runController(Object(Modules\Dosen\Controllers\Dosen))
 3 SYSTEMPATH/CodeIgniter.php(340): CodeIgniter\CodeIgniter->handleRequest(null, Object(Config\Cache), false)
 4 FCPATH/index.php(67): CodeIgniter\CodeIgniter->run()
 5 SYSTEMPATH/Commands/Server/rewrite.php(43): require_once('FCPATH/index.php')
CRITICAL - 2022-10-10 16:17:51 --> Call to undefined function Modules\Dosen\Controllers\logged_in()
in ROOTPATH/modules/Dosen/Controllers/Dosen.php on line 30.
 1 SYSTEMPATH/CodeIgniter.php(907): Modules\Dosen\Controllers\Dosen->index()
 2 SYSTEMPATH/CodeIgniter.php(457): CodeIgniter\CodeIgniter->runController(Object(Modules\Dosen\Controllers\Dosen))
 3 SYSTEMPATH/CodeIgniter.php(340): CodeIgniter\CodeIgniter->handleRequest(null, Object(Config\Cache), false)
 4 FCPATH/index.php(67): CodeIgniter\CodeIgniter->run()
 5 SYSTEMPATH/Commands/Server/rewrite.php(43): require_once('FCPATH/index.php')
CRITICAL - 2022-10-10 16:17:51 --> Call to undefined function Modules\Dosen\Controllers\logged_in()
in ROOTPATH/modules/Dosen/Controllers/Dosen.php on line 30.
 1 SYSTEMPATH/CodeIgniter.php(907): Modules\Dosen\Controllers\Dosen->index()
 2 SYSTEMPATH/CodeIgniter.php(457): CodeIgniter\CodeIgniter->runController(Object(Modules\Dosen\Controllers\Dosen))
 3 SYSTEMPATH/CodeIgniter.php(340): CodeIgniter\CodeIgniter->handleRequest(null, Object(Config\Cache), false)
 4 FCPATH/index.php(67): CodeIgniter\CodeIgniter->run()
 5 SYSTEMPATH/Commands/Server/rewrite.php(43): require_once('FCPATH/index.php')
CRITICAL - 2022-10-10 16:17:52 --> Call to undefined function Modules\Dosen\Controllers\logged_in()
in ROOTPATH/modules/Dosen/Controllers/Dosen.php on line 30.
 1 SYSTEMPATH/CodeIgniter.php(907): Modules\Dosen\Controllers\Dosen->index()
 2 SYSTEMPATH/CodeIgniter.php(457): CodeIgniter\CodeIgniter->runController(Object(Modules\Dosen\Controllers\Dosen))
 3 SYSTEMPATH/CodeIgniter.php(340): CodeIgniter\CodeIgniter->handleRequest(null, Object(Config\Cache), false)
 4 FCPATH/index.php(67): CodeIgniter\CodeIgniter->run()
 5 SYSTEMPATH/Commands/Server/rewrite.php(43): require_once('FCPATH/index.php')
CRITICAL - 2022-10-10 16:17:52 --> Call to undefined function Modules\Dosen\Controllers\logged_in()
in ROOTPATH/modules/Dosen/Controllers/Dosen.php on line 30.
 1 SYSTEMPATH/CodeIgniter.php(907): Modules\Dosen\Controllers\Dosen->index()
 2 SYSTEMPATH/CodeIgniter.php(457): CodeIgniter\CodeIgniter->runController(Object(Modules\Dosen\Controllers\Dosen))
 3 SYSTEMPATH/CodeIgniter.php(340): CodeIgniter\CodeIgniter->handleRequest(null, Object(Config\Cache), false)
 4 FCPATH/index.php(67): CodeIgniter\CodeIgniter->run()
 5 SYSTEMPATH/Commands/Server/rewrite.php(43): require_once('FCPATH/index.php')
CRITICAL - 2022-10-10 16:17:52 --> Call to undefined function Modules\Dosen\Controllers\logged_in()
in ROOTPATH/modules/Dosen/Controllers/Dosen.php on line 30.
 1 SYSTEMPATH/CodeIgniter.php(907): Modules\Dosen\Controllers\Dosen->index()
 2 SYSTEMPATH/CodeIgniter.php(457): CodeIgniter\CodeIgniter->runController(Object(Modules\Dosen\Controllers\Dosen))
 3 SYSTEMPATH/CodeIgniter.php(340): CodeIgniter\CodeIgniter->handleRequest(null, Object(Config\Cache), false)
 4 FCPATH/index.php(67): CodeIgniter\CodeIgniter->run()
 5 SYSTEMPATH/Commands/Server/rewrite.php(43): require_once('FCPATH/index.php')
CRITICAL - 2022-10-10 16:17:52 --> Call to undefined function Modules\Dosen\Controllers\logged_in()
in ROOTPATH/modules/Dosen/Controllers/Dosen.php on line 30.
 1 SYSTEMPATH/CodeIgniter.php(907): Modules\Dosen\Controllers\Dosen->index()
 2 SYSTEMPATH/CodeIgniter.php(457): CodeIgniter\CodeIgniter->runController(Object(Modules\Dosen\Controllers\Dosen))
 3 SYSTEMPATH/CodeIgniter.php(340): CodeIgniter\CodeIgniter->handleRequest(null, Object(Config\Cache), false)
 4 FCPATH/index.php(67): CodeIgniter\CodeIgniter->run()
 5 SYSTEMPATH/Commands/Server/rewrite.php(43): require_once('FCPATH/index.php')
CRITICAL - 2022-10-10 16:17:52 --> Call to undefined function Modules\Dosen\Controllers\logged_in()
in ROOTPATH/modules/Dosen/Controllers/Dosen.php on line 30.
 1 SYSTEMPATH/CodeIgniter.php(907): Modules\Dosen\Controllers\Dosen->index()
 2 SYSTEMPATH/CodeIgniter.php(457): CodeIgniter\CodeIgniter->runController(Object(Modules\Dosen\Controllers\Dosen))
 3 SYSTEMPATH/CodeIgniter.php(340): CodeIgniter\CodeIgniter->handleRequest(null, Object(Config\Cache), false)
 4 FCPATH/index.php(67): CodeIgniter\CodeIgniter->run()
 5 SYSTEMPATH/Commands/Server/rewrite.php(43): require_once('FCPATH/index.php')
CRITICAL - 2022-10-10 16:17:53 --> Call to undefined function Modules\Dosen\Controllers\logged_in()
in ROOTPATH/modules/Dosen/Controllers/Dosen.php on line 30.
 1 SYSTEMPATH/CodeIgniter.php(907): Modules\Dosen\Controllers\Dosen->index()
 2 SYSTEMPATH/CodeIgniter.php(457): CodeIgniter\CodeIgniter->runController(Object(Modules\Dosen\Controllers\Dosen))
 3 SYSTEMPATH/CodeIgniter.php(340): CodeIgniter\CodeIgniter->handleRequest(null, Object(Config\Cache), false)
 4 FCPATH/index.php(67): CodeIgniter\CodeIgniter->run()
 5 SYSTEMPATH/Commands/Server/rewrite.php(43): require_once('FCPATH/index.php')
CRITICAL - 2022-10-10 16:17:53 --> Call to undefined function Modules\Dosen\Controllers\logged_in()
in ROOTPATH/modules/Dosen/Controllers/Dosen.php on line 30.
 1 SYSTEMPATH/CodeIgniter.php(907): Modules\Dosen\Controllers\Dosen->index()
 2 SYSTEMPATH/CodeIgniter.php(457): CodeIgniter\CodeIgniter->runController(Object(Modules\Dosen\Controllers\Dosen))
 3 SYSTEMPATH/CodeIgniter.php(340): CodeIgniter\CodeIgniter->handleRequest(null, Object(Config\Cache), false)
 4 FCPATH/index.php(67): CodeIgniter\CodeIgniter->run()
 5 SYSTEMPATH/Commands/Server/rewrite.php(43): require_once('FCPATH/index.php')
CRITICAL - 2022-10-10 16:17:53 --> Call to undefined function Modules\Dosen\Controllers\logged_in()
in ROOTPATH/modules/Dosen/Controllers/Dosen.php on line 30.
 1 SYSTEMPATH/CodeIgniter.php(907): Modules\Dosen\Controllers\Dosen->index()
 2 SYSTEMPATH/CodeIgniter.php(457): CodeIgniter\CodeIgniter->runController(Object(Modules\Dosen\Controllers\Dosen))
 3 SYSTEMPATH/CodeIgniter.php(340): CodeIgniter\CodeIgniter->handleRequest(null, Object(Config\Cache), false)
 4 FCPATH/index.php(67): CodeIgniter\CodeIgniter->run()
 5 SYSTEMPATH/Commands/Server/rewrite.php(43): require_once('FCPATH/index.php')
CRITICAL - 2022-10-10 16:17:53 --> Call to undefined function Modules\Dosen\Controllers\logged_in()
in ROOTPATH/modules/Dosen/Controllers/Dosen.php on line 30.
 1 SYSTEMPATH/CodeIgniter.php(907): Modules\Dosen\Controllers\Dosen->index()
 2 SYSTEMPATH/CodeIgniter.php(457): CodeIgniter\CodeIgniter->runController(Object(Modules\Dosen\Controllers\Dosen))
 3 SYSTEMPATH/CodeIgniter.php(340): CodeIgniter\CodeIgniter->handleRequest(null, Object(Config\Cache), false)
 4 FCPATH/index.php(67): CodeIgniter\CodeIgniter->run()
 5 SYSTEMPATH/Commands/Server/rewrite.php(43): require_once('FCPATH/index.php')
CRITICAL - 2022-10-10 16:17:53 --> Call to undefined function Modules\Dosen\Controllers\logged_in()
in ROOTPATH/modules/Dosen/Controllers/Dosen.php on line 30.
 1 SYSTEMPATH/CodeIgniter.php(907): Modules\Dosen\Controllers\Dosen->index()
 2 SYSTEMPATH/CodeIgniter.php(457): CodeIgniter\CodeIgniter->runController(Object(Modules\Dosen\Controllers\Dosen))
 3 SYSTEMPATH/CodeIgniter.php(340): CodeIgniter\CodeIgniter->handleRequest(null, Object(Config\Cache), false)
 4 FCPATH/index.php(67): CodeIgniter\CodeIgniter->run()
 5 SYSTEMPATH/Commands/Server/rewrite.php(43): require_once('FCPATH/index.php')
CRITICAL - 2022-10-10 16:19:45 --> Call to undefined function App\Controllers\user()
in APPPATH/Controllers/BaseController.php on line 60.
 1 ROOTPATH/modules/Dosen/Controllers/Dosen.php(30): App\Controllers\BaseController->fetchMenu()
 2 SYSTEMPATH/CodeIgniter.php(907): Modules\Dosen\Controllers\Dosen->index()
 3 SYSTEMPATH/CodeIgniter.php(457): CodeIgniter\CodeIgniter->runController(Object(Modules\Dosen\Controllers\Dosen))
 4 SYSTEMPATH/CodeIgniter.php(340): CodeIgniter\CodeIgniter->handleRequest(null, Object(Config\Cache), false)
 5 FCPATH/index.php(67): CodeIgniter\CodeIgniter->run()
 6 SYSTEMPATH/Commands/Server/rewrite.php(43): require_once('FCPATH/index.php')
CRITICAL - 2022-10-10 16:25:08 --> Call to undefined function user()
in APPPATH/Helpers/menu_helper.php on line 7.
 1 ROOTPATH/modules/Dosen/Controllers/Dosen.php(30): fetchMenu()
 2 SYSTEMPATH/CodeIgniter.php(907): Modules\Dosen\Controllers\Dosen->index()
 3 SYSTEMPATH/CodeIgniter.php(457): CodeIgniter\CodeIgniter->runController(Object(Modules\Dosen\Controllers\Dosen))
 4 SYSTEMPATH/CodeIgniter.php(340): CodeIgniter\CodeIgniter->handleRequest(null, Object(Config\Cache), false)
 5 FCPATH/index.php(67): CodeIgniter\CodeIgniter->run()
 6 SYSTEMPATH/Commands/Server/rewrite.php(43): require_once('FCPATH/index.php')
CRITICAL - 2022-10-10 16:32:52 --> Undefined variable: config
in ROOTPATH/modules/Pengawas/Views/pengawas.php on line 1.
 1 ROOTPATH/modules/Pengawas/Views/pengawas.php(1): CodeIgniter\Debug\Exceptions->errorHandler(8, 'Undefined variable: config', 'ROOTPATH/modules/Pengawas/Views/pengawas.php', 1, [])
 2 SYSTEMPATH/View/View.php(213): include('ROOTPATH/modules/Pengawas/Views/pengawas.php')
 3 SYSTEMPATH/View/View.php(216): CodeIgniter\View\View->CodeIgniter\View\{closure}()
 4 SYSTEMPATH/Common.php(1142): CodeIgniter\View\View->render('Modules\\Pengawas\\Views\\pengawas', [], true)
 5 ROOTPATH/modules/Pengawas/Controllers/Pengawas.php(23): view('Modules\\Pengawas\\Views\\pengawas')
 6 SYSTEMPATH/CodeIgniter.php(907): Modules\Pengawas\Controllers\Pengawas->index()
 7 SYSTEMPATH/CodeIgniter.php(457): CodeIgniter\CodeIgniter->runController(Object(Modules\Pengawas\Controllers\Pengawas))
 8 SYSTEMPATH/CodeIgniter.php(340): CodeIgniter\CodeIgniter->handleRequest(null, Object(Config\Cache), false)
 9 FCPATH/index.php(67): CodeIgniter\CodeIgniter->run()
10 SYSTEMPATH/Commands/Server/rewrite.php(43): require_once('FCPATH/index.php')
CRITICAL - 2022-10-10 16:34:48 --> Undefined variable: config
in ROOTPATH/modules/Pengawas/Views/pengawas.php on line 23.
 1 ROOTPATH/modules/Pengawas/Views/pengawas.php(23): CodeIgniter\Debug\Exceptions->errorHandler(8, 'Undefined variable: config', 'ROOTPATH/modules/Pengawas/Views/pengawas.php', 23, [])
 2 SYSTEMPATH/View/View.php(213): include('ROOTPATH/modules/Pengawas/Views/pengawas.php')
 3 SYSTEMPATH/View/View.php(216): CodeIgniter\View\View->CodeIgniter\View\{closure}()
 4 SYSTEMPATH/Common.php(1142): CodeIgniter\View\View->render('Modules\\Pengawas\\Views\\pengawas', [], true)
 5 ROOTPATH/modules/Pengawas/Controllers/Pengawas.php(23): view('Modules\\Pengawas\\Views\\pengawas')
 6 SYSTEMPATH/CodeIgniter.php(907): Modules\Pengawas\Controllers\Pengawas->index()
 7 SYSTEMPATH/CodeIgniter.php(457): CodeIgniter\CodeIgniter->runController(Object(Modules\Pengawas\Controllers\Pengawas))
 8 SYSTEMPATH/CodeIgniter.php(340): CodeIgniter\CodeIgniter->handleRequest(null, Object(Config\Cache), false)
 9 FCPATH/index.php(67): CodeIgniter\CodeIgniter->run()
10 SYSTEMPATH/Commands/Server/rewrite.php(43): require_once('FCPATH/index.php')
CRITICAL - 2022-10-10 16:35:24 --> Undefined variable: config
in ROOTPATH/modules/Pengawas/Views/pengawas.php on line 26.
 1 ROOTPATH/modules/Pengawas/Views/pengawas.php(26): CodeIgniter\Debug\Exceptions->errorHandler(8, 'Undefined variable: config', 'ROOTPATH/modules/Pengawas/Views/pengawas.php', 26, [])
 2 SYSTEMPATH/View/View.php(213): include('ROOTPATH/modules/Pengawas/Views/pengawas.php')
 3 SYSTEMPATH/View/View.php(216): CodeIgniter\View\View->CodeIgniter\View\{closure}()
 4 SYSTEMPATH/Common.php(1142): CodeIgniter\View\View->render('Modules\\Pengawas\\Views\\pengawas', [], true)
 5 ROOTPATH/modules/Pengawas/Controllers/Pengawas.php(23): view('Modules\\Pengawas\\Views\\pengawas')
 6 SYSTEMPATH/CodeIgniter.php(907): Modules\Pengawas\Controllers\Pengawas->index()
 7 SYSTEMPATH/CodeIgniter.php(457): CodeIgniter\CodeIgniter->runController(Object(Modules\Pengawas\Controllers\Pengawas))
 8 SYSTEMPATH/CodeIgniter.php(340): CodeIgniter\CodeIgniter->handleRequest(null, Object(Config\Cache), false)
 9 FCPATH/index.php(67): CodeIgniter\CodeIgniter->run()
10 SYSTEMPATH/Commands/Server/rewrite.php(43): require_once('FCPATH/index.php')
CRITICAL - 2022-10-10 16:35:37 --> Undefined variable: config
in ROOTPATH/modules/Pengawas/Views/pengawas.php on line 24.
 1 ROOTPATH/modules/Pengawas/Views/pengawas.php(24): CodeIgniter\Debug\Exceptions->errorHandler(8, 'Undefined variable: config', 'ROOTPATH/modules/Pengawas/Views/pengawas.php', 24, [])
 2 SYSTEMPATH/View/View.php(213): include('ROOTPATH/modules/Pengawas/Views/pengawas.php')
 3 SYSTEMPATH/View/View.php(216): CodeIgniter\View\View->CodeIgniter\View\{closure}()
 4 SYSTEMPATH/Common.php(1142): CodeIgniter\View\View->render('Modules\\Pengawas\\Views\\pengawas', [], true)
 5 ROOTPATH/modules/Pengawas/Controllers/Pengawas.php(23): view('Modules\\Pengawas\\Views\\pengawas')
 6 SYSTEMPATH/CodeIgniter.php(907): Modules\Pengawas\Controllers\Pengawas->index()
 7 SYSTEMPATH/CodeIgniter.php(457): CodeIgniter\CodeIgniter->runController(Object(Modules\Pengawas\Controllers\Pengawas))
 8 SYSTEMPATH/CodeIgniter.php(340): CodeIgniter\CodeIgniter->handleRequest(null, Object(Config\Cache), false)
 9 FCPATH/index.php(67): CodeIgniter\CodeIgniter->run()
10 SYSTEMPATH/Commands/Server/rewrite.php(43): require_once('FCPATH/index.php')
CRITICAL - 2022-10-10 16:36:04 --> Undefined variable: config
in ROOTPATH/modules/Pengawas/Views/pengawas.php on line 30.
 1 ROOTPATH/modules/Pengawas/Views/pengawas.php(30): CodeIgniter\Debug\Exceptions->errorHandler(8, 'Undefined variable: config', 'ROOTPATH/modules/Pengawas/Views/pengawas.php', 30, [])
 2 SYSTEMPATH/View/View.php(213): include('ROOTPATH/modules/Pengawas/Views/pengawas.php')
 3 SYSTEMPATH/View/View.php(216): CodeIgniter\View\View->CodeIgniter\View\{closure}()
 4 SYSTEMPATH/Common.php(1142): CodeIgniter\View\View->render('Modules\\Pengawas\\Views\\pengawas', [], true)
 5 ROOTPATH/modules/Pengawas/Controllers/Pengawas.php(23): view('Modules\\Pengawas\\Views\\pengawas')
 6 SYSTEMPATH/CodeIgniter.php(907): Modules\Pengawas\Controllers\Pengawas->index()
 7 SYSTEMPATH/CodeIgniter.php(457): CodeIgniter\CodeIgniter->runController(Object(Modules\Pengawas\Controllers\Pengawas))
 8 SYSTEMPATH/CodeIgniter.php(340): CodeIgniter\CodeIgniter->handleRequest(null, Object(Config\Cache), false)
 9 FCPATH/index.php(67): CodeIgniter\CodeIgniter->run()
10 SYSTEMPATH/Commands/Server/rewrite.php(43): require_once('FCPATH/index.php')
CRITICAL - 2022-10-10 16:36:13 --> Undefined variable: config
in ROOTPATH/modules/Pengawas/Views/pengawas.php on line 50.
 1 ROOTPATH/modules/Pengawas/Views/pengawas.php(50): CodeIgniter\Debug\Exceptions->errorHandler(8, 'Undefined variable: config', 'ROOTPATH/modules/Pengawas/Views/pengawas.php', 50, [])
 2 SYSTEMPATH/View/View.php(213): include('ROOTPATH/modules/Pengawas/Views/pengawas.php')
 3 SYSTEMPATH/View/View.php(216): CodeIgniter\View\View->CodeIgniter\View\{closure}()
 4 SYSTEMPATH/Common.php(1142): CodeIgniter\View\View->render('Modules\\Pengawas\\Views\\pengawas', [], true)
 5 ROOTPATH/modules/Pengawas/Controllers/Pengawas.php(23): view('Modules\\Pengawas\\Views\\pengawas')
 6 SYSTEMPATH/CodeIgniter.php(907): Modules\Pengawas\Controllers\Pengawas->index()
 7 SYSTEMPATH/CodeIgniter.php(457): CodeIgniter\CodeIgniter->runController(Object(Modules\Pengawas\Controllers\Pengawas))
 8 SYSTEMPATH/CodeIgniter.php(340): CodeIgniter\CodeIgniter->handleRequest(null, Object(Config\Cache), false)
 9 FCPATH/index.php(67): CodeIgniter\CodeIgniter->run()
10 SYSTEMPATH/Commands/Server/rewrite.php(43): require_once('FCPATH/index.php')
ERROR - 2022-10-10 16:43:54 --> ErrorException: pg_query(): Query failed: ERROR:  function function_login_station(unknown, unknown) does not exist
LINE 2: FROM function_login_station('', 'F305C129')
             ^
HINT:  No function matches the given name and argument types. You might need to add explicit type casts. in /Users/ivan/Codeigniter/osce_v2/vendor/codeigniter4/framework/system/Database/Postgre/Connection.php:140
Stack trace:
#0 [internal function]: CodeIgniter\Debug\Exceptions->errorHandler(2, 'pg_query(): Que...', '/Users/ivan/Cod...', 140, Array)
#1 /Users/ivan/Codeigniter/osce_v2/vendor/codeigniter4/framework/system/Database/Postgre/Connection.php(140): pg_query(Resource id #14, 'SELECT *\nFROM f...')
#2 /Users/ivan/Codeigniter/osce_v2/vendor/codeigniter4/framework/system/Database/BaseConnection.php(693): CodeIgniter\Database\Postgre\Connection->execute('SELECT *\nFROM f...')
#3 /Users/ivan/Codeigniter/osce_v2/vendor/codeigniter4/framework/system/Database/BaseConnection.php(620): CodeIgniter\Database\BaseConnection->simpleQuery('SELECT *\nFROM f...')
#4 /Users/ivan/Codeigniter/osce_v2/vendor/codeigniter4/framework/system/Database/BaseBuilder.php(1585): CodeIgniter\Database\BaseConnection->query('SELECT *\nFROM f...', Array, false)
#5 /Users/ivan/Codeigniter/osce_v2/modules/Setting/Models/SettingModel.php(50): CodeIgniter\Database\BaseBuilder->get()
#6 /Users/ivan/Codeigniter/osce_v2/modules/Pengawas/Controllers/Pengawas.php(33): Modules\Setting\Models\SettingModel->getSettingWhere(Array)
#7 /Users/ivan/Codeigniter/osce_v2/vendor/codeigniter4/framework/system/CodeIgniter.php(907): Modules\Pengawas\Controllers\Pengawas->login()
#8 /Users/ivan/Codeigniter/osce_v2/vendor/codeigniter4/framework/system/CodeIgniter.php(457): CodeIgniter\CodeIgniter->runController(Object(Modules\Pengawas\Controllers\Pengawas))
#9 /Users/ivan/Codeigniter/osce_v2/vendor/codeigniter4/framework/system/CodeIgniter.php(340): CodeIgniter\CodeIgniter->handleRequest(NULL, Object(Config\Cache), false)
#10 /Users/ivan/Codeigniter/osce_v2/public/index.php(67): CodeIgniter\CodeIgniter->run()
#11 /Users/ivan/Codeigniter/osce_v2/vendor/codeigniter4/framework/system/Commands/Server/rewrite.php(43): require_once('/Users/ivan/Cod...')
#12 {main}
CRITICAL - 2022-10-10 16:43:54 --> pg_query(): Query failed: ERROR:  function function_login_station(unknown, unknown) does not exist
LINE 2: FROM function_login_station('', 'F305C129')
             ^
HINT:  No function matches the given name and argument types. You might need to add explicit type casts.
in SYSTEMPATH/Database/Postgre/Connection.php on line 140.
 1 [internal function]: CodeIgniter\Debug\Exceptions->errorHandler(2, 'pg_query(): Query failed: ERROR:  function function_login_station(unknown, unknown) does not exist
LINE 2: FROM function_login_station(\'\', \'F305C129\')
             ^
HINT:  No function matches the given name and argument types. You might need to add explicit type casts.', 'SYSTEMPATH/Database/Postgre/Connection.php', 140, [...])
 2 SYSTEMPATH/Database/Postgre/Connection.php(140): pg_query(resource (pgsql link), 'SELECT *
FROM function_login_station(\'\', \'F305C129\')')
 3 SYSTEMPATH/Database/BaseConnection.php(693): CodeIgniter\Database\Postgre\Connection->execute('SELECT *
FROM function_login_station(\'\', \'F305C129\')')
 4 SYSTEMPATH/Database/BaseConnection.php(620): CodeIgniter\Database\BaseConnection->simpleQuery('SELECT *
FROM function_login_station(\'\', \'F305C129\')')
 5 SYSTEMPATH/Database/BaseBuilder.php(1585): CodeIgniter\Database\BaseConnection->query('SELECT *
FROM function_login_station(\'\', \'F305C129\')', [], false)
 6 ROOTPATH/modules/Setting/Models/SettingModel.php(50): CodeIgniter\Database\BaseBuilder->get()
 7 ROOTPATH/modules/Pengawas/Controllers/Pengawas.php(33): Modules\Setting\Models\SettingModel->getSettingWhere([...])
 8 SYSTEMPATH/CodeIgniter.php(907): Modules\Pengawas\Controllers\Pengawas->login()
 9 SYSTEMPATH/CodeIgniter.php(457): CodeIgniter\CodeIgniter->runController(Object(Modules\Pengawas\Controllers\Pengawas))
10 SYSTEMPATH/CodeIgniter.php(340): CodeIgniter\CodeIgniter->handleRequest(null, Object(Config\Cache), false)
11 FCPATH/index.php(67): CodeIgniter\CodeIgniter->run()
12 SYSTEMPATH/Commands/Server/rewrite.php(43): require_once('FCPATH/index.php')
CRITICAL - 2022-10-10 16:44:41 --> Undefined offset: 1
in ROOTPATH/modules/Setting/Models/SettingModel.php on line 49.
 1 ROOTPATH/modules/Setting/Models/SettingModel.php(49): CodeIgniter\Debug\Exceptions->errorHandler(8, 'Undefined offset: 1', 'ROOTPATH/modules/Setting/Models/SettingModel.php', 49, [...])
 2 ROOTPATH/modules/Pengawas/Controllers/Pengawas.php(32): Modules\Setting\Models\SettingModel->getSettingWhere([...])
 3 SYSTEMPATH/CodeIgniter.php(907): Modules\Pengawas\Controllers\Pengawas->login()
 4 SYSTEMPATH/CodeIgniter.php(457): CodeIgniter\CodeIgniter->runController(Object(Modules\Pengawas\Controllers\Pengawas))
 5 SYSTEMPATH/CodeIgniter.php(340): CodeIgniter\CodeIgniter->handleRequest(null, Object(Config\Cache), false)
 6 FCPATH/index.php(67): CodeIgniter\CodeIgniter->run()
 7 SYSTEMPATH/Commands/Server/rewrite.php(43): require_once('FCPATH/index.php')
ERROR - 2022-10-10 19:15:05 --> ErrorException: pg_query(): Query failed: ERROR:  function function_mahasiswa_station() does not exist
LINE 2: FROM function_mahasiswa_station() as peserta
             ^
HINT:  No function matches the given name and argument types. You might need to add explicit type casts. in /Users/ivan/Codeigniter/osce_v2/vendor/codeigniter4/framework/system/Database/Postgre/Connection.php:140
Stack trace:
#0 [internal function]: CodeIgniter\Debug\Exceptions->errorHandler(2, 'pg_query(): Que...', '/Users/ivan/Cod...', 140, Array)
#1 /Users/ivan/Codeigniter/osce_v2/vendor/codeigniter4/framework/system/Database/Postgre/Connection.php(140): pg_query(Resource id #21, 'SELECT *\nFROM f...')
#2 /Users/ivan/Codeigniter/osce_v2/vendor/codeigniter4/framework/system/Database/BaseConnection.php(693): CodeIgniter\Database\Postgre\Connection->execute('SELECT *\nFROM f...')
#3 /Users/ivan/Codeigniter/osce_v2/vendor/codeigniter4/framework/system/Database/BaseConnection.php(620): CodeIgniter\Database\BaseConnection->simpleQuery('SELECT *\nFROM f...')
#4 /Users/ivan/Codeigniter/osce_v2/vendor/codeigniter4/framework/system/Database/BaseBuilder.php(1585): CodeIgniter\Database\BaseConnection->query('SELECT *\nFROM f...', Array, false)
#5 /Users/ivan/Codeigniter/osce_v2/modules/Penilaian/Models/PenilaianModel.php(40): CodeIgniter\Database\BaseBuilder->get()
#6 /Users/ivan/Codeigniter/osce_v2/modules/Penilaian/Controllers/Penilaian.php(43): Modules\Penilaian\Models\PenilaianModel->getPeserta(Array, Array)
#7 /Users/ivan/Codeigniter/osce_v2/vendor/codeigniter4/framework/system/CodeIgniter.php(907): Modules\Penilaian\Controllers\Penilaian->index()
#8 /Users/ivan/Codeigniter/osce_v2/vendor/codeigniter4/framework/system/CodeIgniter.php(457): CodeIgniter\CodeIgniter->runController(Object(Modules\Penilaian\Controllers\Penilaian))
#9 /Users/ivan/Codeigniter/osce_v2/vendor/codeigniter4/framework/system/CodeIgniter.php(340): CodeIgniter\CodeIgniter->handleRequest(NULL, Object(Config\Cache), false)
#10 /Users/ivan/Codeigniter/osce_v2/public/index.php(67): CodeIgniter\CodeIgniter->run()
#11 /Users/ivan/Codeigniter/osce_v2/vendor/codeigniter4/framework/system/Commands/Server/rewrite.php(43): require_once('/Users/ivan/Cod...')
#12 {main}
CRITICAL - 2022-10-10 19:15:05 --> pg_query(): Query failed: ERROR:  function function_mahasiswa_station() does not exist
LINE 2: FROM function_mahasiswa_station() as peserta
             ^
HINT:  No function matches the given name and argument types. You might need to add explicit type casts.
in SYSTEMPATH/Database/Postgre/Connection.php on line 140.
 1 [internal function]: CodeIgniter\Debug\Exceptions->errorHandler(2, 'pg_query(): Query failed: ERROR:  function function_mahasiswa_station() does not exist
LINE 2: FROM function_mahasiswa_station() as peserta
             ^
HINT:  No function matches the given name and argument types. You might need to add explicit type casts.', 'SYSTEMPATH/Database/Postgre/Connection.php', 140, [...])
 2 SYSTEMPATH/Database/Postgre/Connection.php(140): pg_query(resource (pgsql link), 'SELECT *
FROM function_mahasiswa_station() as peserta
LEFT JOIN "grade" ON grade."gradeSetId" = peserta."setId" and grade."gradeMahasiswa"= peserta."peserta"
LEFT JOIN "mahasiswa" ON mahasiswa."mahasiswaNpm" = peserta."peserta" 
WHERE "peserta"."setId" = \'8\'
AND "peserta"."lokasiId" = \'1\'
AND "peserta"."stationId" = \'1\'
AND "peserta"."peserta" NOT IN (SELECT "nilai"."peserta" FROM function_mahasiswa_nilai() as nilai WHERE "nilai"."setId" = \'8\' AND "nilai"."stationId" = \'1\')
ORDER BY "peserta"."lokasiId" ASC
 LIMIT 1')
 3 SYSTEMPATH/Database/BaseConnection.php(693): CodeIgniter\Database\Postgre\Connection->execute('SELECT *
FROM function_mahasiswa_station() as peserta
LEFT JOIN "grade" ON grade."gradeSetId" = peserta."setId" and grade."gradeMahasiswa"= peserta."peserta"
LEFT JOIN "mahasiswa" ON mahasiswa."mahasiswaNpm" = peserta."peserta" 
WHERE "peserta"."setId" = \'8\'
AND "peserta"."lokasiId" = \'1\'
AND "peserta"."stationId" = \'1\'
AND "peserta"."peserta" NOT IN (SELECT "nilai"."peserta" FROM function_mahasiswa_nilai() as nilai WHERE "nilai"."setId" = \'8\' AND "nilai"."stationId" = \'1\')
ORDER BY "peserta"."lokasiId" ASC
 LIMIT 1')
 4 SYSTEMPATH/Database/BaseConnection.php(620): CodeIgniter\Database\BaseConnection->simpleQuery('SELECT *
FROM function_mahasiswa_station() as peserta
LEFT JOIN "grade" ON grade."gradeSetId" = peserta."setId" and grade."gradeMahasiswa"= peserta."peserta"
LEFT JOIN "mahasiswa" ON mahasiswa."mahasiswaNpm" = peserta."peserta" 
WHERE "peserta"."setId" = \'8\'
AND "peserta"."lokasiId" = \'1\'
AND "peserta"."stationId" = \'1\'
AND "peserta"."peserta" NOT IN (SELECT "nilai"."peserta" FROM function_mahasiswa_nilai() as nilai WHERE "nilai"."setId" = \'8\' AND "nilai"."stationId" = \'1\')
ORDER BY "peserta"."lokasiId" ASC
 LIMIT 1')
 5 SYSTEMPATH/Database/BaseBuilder.php(1585): CodeIgniter\Database\BaseConnection->query('SELECT *
FROM function_mahasiswa_station() as peserta
LEFT JOIN "grade" ON grade."gradeSetId" = peserta."setId" and grade."gradeMahasiswa"= peserta."peserta"
LEFT JOIN "mahasiswa" ON mahasiswa."mahasiswaNpm" = peserta."peserta" 
WHERE "peserta"."setId" = :peserta."setId":
AND "peserta"."lokasiId" = :peserta."lokasiId":
AND "peserta"."stationId" = :peserta."stationId":
AND "peserta"."peserta" NOT IN :peserta."peserta":
ORDER BY "peserta"."lokasiId" ASC
 LIMIT 1', [...], false)
 6 ROOTPATH/modules/Penilaian/Models/PenilaianModel.php(40): CodeIgniter\Database\BaseBuilder->get()
 7 ROOTPATH/modules/Penilaian/Controllers/Penilaian.php(43): Modules\Penilaian\Models\PenilaianModel->getPeserta([...], [...])
 8 SYSTEMPATH/CodeIgniter.php(907): Modules\Penilaian\Controllers\Penilaian->index()
 9 SYSTEMPATH/CodeIgniter.php(457): CodeIgniter\CodeIgniter->runController(Object(Modules\Penilaian\Controllers\Penilaian))
10 SYSTEMPATH/CodeIgniter.php(340): CodeIgniter\CodeIgniter->handleRequest(null, Object(Config\Cache), false)
11 FCPATH/index.php(67): CodeIgniter\CodeIgniter->run()
12 SYSTEMPATH/Commands/Server/rewrite.php(43): require_once('FCPATH/index.php')
CRITICAL - 2022-10-10 19:41:00 --> The route for "/penilaian" cannot be found.
in SYSTEMPATH/HTTP/RedirectResponse.php on line 60.
 1 SYSTEMPATH/HTTP/RedirectResponse.php(60): CodeIgniter\HTTP\Exceptions\HTTPException::forInvalidRedirectRoute('/penilaian')
 2 ROOTPATH/modules/Pengawas/Controllers/Pengawas.php(46): CodeIgniter\HTTP\RedirectResponse->route(false)
 3 SYSTEMPATH/CodeIgniter.php(907): Modules\Pengawas\Controllers\Pengawas->login()
 4 SYSTEMPATH/CodeIgniter.php(457): CodeIgniter\CodeIgniter->runController(Object(Modules\Pengawas\Controllers\Pengawas))
 5 SYSTEMPATH/CodeIgniter.php(340): CodeIgniter\CodeIgniter->handleRequest(null, Object(Config\Cache), false)
 6 FCPATH/index.php(67): CodeIgniter\CodeIgniter->run()
 7 SYSTEMPATH/Commands/Server/rewrite.php(43): require_once('FCPATH/index.php')
CRITICAL - 2022-10-10 20:39:43 --> Array to string conversion
in ROOTPATH/modules/Penilaian/Controllers/Penilaian.php on line 71.
 1 [internal function]: CodeIgniter\Debug\Exceptions->errorHandler(8, 'Array to string conversion', 'ROOTPATH/modules/Penilaian/Controllers/Penilaian.php', 71, [...])
 2 ROOTPATH/modules/Penilaian/Controllers/Penilaian.php(71): array_unique([...])
 3 SYSTEMPATH/CodeIgniter.php(907): Modules\Penilaian\Controllers\Penilaian->add()
 4 SYSTEMPATH/CodeIgniter.php(457): CodeIgniter\CodeIgniter->runController(Object(Modules\Penilaian\Controllers\Penilaian))
 5 SYSTEMPATH/CodeIgniter.php(340): CodeIgniter\CodeIgniter->handleRequest(null, Object(Config\Cache), false)
 6 FCPATH/index.php(67): CodeIgniter\CodeIgniter->run()
 7 SYSTEMPATH/Commands/Server/rewrite.php(43): require_once('FCPATH/index.php')
